2018-09-09 21:17:43,997: control.pubsub.sub.0000: update.0                        : MainThread     : INFO    : python.interpreter   version: 2.7.12 (default, Dec 4 2017, 14:50:18) [GCC 5.4.0 20160609]
2018-09-09 21:17:43,998: control.pubsub.sub.0000: update.0                        : MainThread     : INFO    :                      pid/tid: 21180/MainThread
2018-09-09 21:17:43,998: control.pubsub.sub.0000: update.0                        : MainThread     : INFO    : create control_pubsub - sub - tcp://138.201.86.166:46684
2018-09-09 21:17:43,999: control.pubsub.sub.0000: update.0                        : MainThread     : DEBUG   : start process
2018-09-09 21:17:43,999: control.pubsub.sub.0000: update.0                        : MainThread     : DEBUG   : ru_initialize_common (NOOP)
2018-09-09 21:17:43,999: control.pubsub.sub.0000: update.0                        : MainThread     : DEBUG   : ru_initialize_parent (NOOP)
2018-09-09 21:17:43,999: control.pubsub.sub.0000: update.0                        : MainThread     : DEBUG   : process class started (no child)
2018-09-09 21:17:45,034: control.pubsub.sub.0000: pmgr.0000.launching.0           : MainThread     : INFO    : python.interpreter   version: 2.7.12 (default, Dec 4 2017, 14:50:18) [GCC 5.4.0 20160609]
2018-09-09 21:17:45,035: control.pubsub.sub.0000: pmgr.0000.launching.0           : MainThread     : INFO    :                      pid/tid: 21252/MainThread
2018-09-09 21:17:45,035: control.pubsub.sub.0000: pmgr.0000.launching.0           : MainThread     : INFO    : create control_pubsub - sub - tcp://138.201.86.166:46684
2018-09-09 21:17:45,059: control.pubsub.sub.0000: pmgr.0000.launching.0           : MainThread     : DEBUG   : start process
2018-09-09 21:17:45,059: control.pubsub.sub.0000: pmgr.0000.launching.0           : MainThread     : DEBUG   : ru_initialize_common (NOOP)
2018-09-09 21:17:45,059: control.pubsub.sub.0000: pmgr.0000.launching.0           : MainThread     : DEBUG   : ru_initialize_parent (NOOP)
2018-09-09 21:17:45,060: control.pubsub.sub.0000: pmgr.0000.launching.0           : MainThread     : DEBUG   : process class started (no child)
2018-09-09 21:17:45,119: control.pubsub.sub.0000: MainProcess                     : MainThread     : INFO    : python.interpreter   version: 2.7.12 (default, Dec 4 2017, 14:50:18) [GCC 5.4.0 20160609]
2018-09-09 21:17:45,119: control.pubsub.sub.0000: MainProcess                     : MainThread     : INFO    :                      pid/tid: 21074/MainThread
2018-09-09 21:17:45,119: control.pubsub.sub.0000: MainProcess                     : MainThread     : INFO    : create control_pubsub - sub - tcp://138.201.86.166:46684
2018-09-09 21:17:45,120: control.pubsub.sub.0000: MainProcess                     : MainThread     : DEBUG   : start process
2018-09-09 21:17:45,120: control.pubsub.sub.0000: MainProcess                     : MainThread     : DEBUG   : ru_initialize_common (NOOP)
2018-09-09 21:17:45,120: control.pubsub.sub.0000: MainProcess                     : MainThread     : DEBUG   : ru_initialize_parent (NOOP)
2018-09-09 21:17:45,120: control.pubsub.sub.0000: MainProcess                     : MainThread     : DEBUG   : process class started (no child)
2018-09-09 21:30:17,472: control.pubsub.sub.0000: MainProcess                     : MainThread     : INFO    : parent stops child  21074 -> None [control.pubsub.sub.0000]
2018-09-09 21:30:17,473: control.pubsub.sub.0000: MainProcess                     : MainThread     : DEBUG   : ru_finalize_parent (NOOP)
2018-09-09 21:30:17,798: control.pubsub.sub.0000: update.0                        : MainThread     : INFO    : parent stops child  21180 -> None [control.pubsub.sub.0000]
2018-09-09 21:30:17,799: control.pubsub.sub.0000: update.0                        : MainThread     : DEBUG   : ru_finalize_parent (NOOP)
