2018-09-09 21:17:42,439: rp.session.two.jdakka.017783.0009: MainProcess                     : MainThread     : INFO    : python.interpreter   version: 2.7.12 (default, Dec 4 2017, 14:50:18) [GCC 5.4.0 20160609]
2018-09-09 21:17:42,439: rp.session.two.jdakka.017783.0009: MainProcess                     : MainThread     : INFO    :                      pid/tid: 21074/MainThread
2018-09-09 21:17:42,491: rp.session.two.jdakka.017783.0009: MainProcess                     : MainThread     : INFO    : using database mongodb://username:password12@ds229609.mlab.com:29609/bridges-hyperspace
2018-09-09 21:17:42,491: rp.session.two.jdakka.017783.0009: MainProcess                     : MainThread     : INFO    : Load resource configurations from /home/jdakka/hyperspace/python-2.7-ve/local/lib/python2.7/site-packages/radical/pilot/configs/resource_fub.json
2018-09-09 21:17:42,492: rp.session.two.jdakka.017783.0009: MainProcess                     : MainThread     : INFO    : Load resource configurations for fub.allegro_rsh
2018-09-09 21:17:42,492: rp.session.two.jdakka.017783.0009: MainProcess                     : MainThread     : DEBUG   : read rcfg for fub.allegro_rsh (None)
2018-09-09 21:17:42,492: rp.session.two.jdakka.017783.0009: MainProcess                     : MainThread     : INFO    : Load resource configurations from /home/jdakka/hyperspace/python-2.7-ve/local/lib/python2.7/site-packages/radical/pilot/configs/resource_yale.json
2018-09-09 21:17:42,493: rp.session.two.jdakka.017783.0009: MainProcess                     : MainThread     : INFO    : Load resource configurations for yale.grace_ssh
2018-09-09 21:17:42,493: rp.session.two.jdakka.017783.0009: MainProcess                     : MainThread     : DEBUG   : read rcfg for yale.grace_ssh (None)
2018-09-09 21:17:42,494: rp.session.two.jdakka.017783.0009: MainProcess                     : MainThread     : INFO    : Load resource configurations from /home/jdakka/hyperspace/python-2.7-ve/local/lib/python2.7/site-packages/radical/pilot/configs/resource_stfc.json
2018-09-09 21:17:42,494: rp.session.two.jdakka.017783.0009: MainProcess                     : MainThread     : INFO    : Load resource configurations for stfc.joule_runjob
2018-09-09 21:17:42,494: rp.session.two.jdakka.017783.0009: MainProcess                     : MainThread     : DEBUG   : read rcfg for stfc.joule_runjob (None)
2018-09-09 21:17:42,495: rp.session.two.jdakka.017783.0009: MainProcess                     : MainThread     : INFO    : Load resource configurations from /home/jdakka/hyperspace/python-2.7-ve/local/lib/python2.7/site-packages/radical/pilot/configs/resource_osg.json
2018-09-09 21:17:42,496: rp.session.two.jdakka.017783.0009: MainProcess                     : MainThread     : INFO    : Load resource configurations for osg.xsede-virt-clust
2018-09-09 21:17:42,496: rp.session.two.jdakka.017783.0009: MainProcess                     : MainThread     : DEBUG   : read rcfg for osg.xsede-virt-clust (None)
2018-09-09 21:17:42,496: rp.session.two.jdakka.017783.0009: MainProcess                     : MainThread     : INFO    : Load resource configurations for osg.connect
2018-09-09 21:17:42,497: rp.session.two.jdakka.017783.0009: MainProcess                     : MainThread     : DEBUG   : read rcfg for osg.connect (None)
2018-09-09 21:17:42,497: rp.session.two.jdakka.017783.0009: MainProcess                     : MainThread     : INFO    : Load resource configurations from /home/jdakka/hyperspace/python-2.7-ve/local/lib/python2.7/site-packages/radical/pilot/configs/resource_xsede.json
2018-09-09 21:17:42,515: rp.session.two.jdakka.017783.0009: MainProcess                     : MainThread     : INFO    : Load resource configurations for xsede.gordon_ssh
2018-09-09 21:17:42,515: rp.session.two.jdakka.017783.0009: MainProcess                     : MainThread     : DEBUG   : read rcfg for xsede.gordon_ssh (None)
2018-09-09 21:17:42,515: rp.session.two.jdakka.017783.0009: MainProcess                     : MainThread     : INFO    : Load resource configurations for xsede.lonestar_ssh
2018-09-09 21:17:42,515: rp.session.two.jdakka.017783.0009: MainProcess                     : MainThread     : DEBUG   : read rcfg for xsede.lonestar_ssh (None)
2018-09-09 21:17:42,515: rp.session.two.jdakka.017783.0009: MainProcess                     : MainThread     : INFO    : Load resource configurations for xsede.supermic_spark
2018-09-09 21:17:42,515: rp.session.two.jdakka.017783.0009: MainProcess                     : MainThread     : DEBUG   : read rcfg for xsede.supermic_spark (20)
2018-09-09 21:17:42,515: rp.session.two.jdakka.017783.0009: MainProcess                     : MainThread     : INFO    : Load resource configurations for xsede.wrangler_yarn
2018-09-09 21:17:42,516: rp.session.two.jdakka.017783.0009: MainProcess                     : MainThread     : DEBUG   : read rcfg for xsede.wrangler_yarn (None)
2018-09-09 21:17:42,516: rp.session.two.jdakka.017783.0009: MainProcess                     : MainThread     : INFO    : Load resource configurations for xsede.blacklight_ssh
2018-09-09 21:17:42,516: rp.session.two.jdakka.017783.0009: MainProcess                     : MainThread     : DEBUG   : read rcfg for xsede.blacklight_ssh (16)
2018-09-09 21:17:42,516: rp.session.two.jdakka.017783.0009: MainProcess                     : MainThread     : INFO    : Load resource configurations for xsede.stampede_ortelib
2018-09-09 21:17:42,516: rp.session.two.jdakka.017783.0009: MainProcess                     : MainThread     : DEBUG   : read rcfg for xsede.stampede_ortelib (None)
2018-09-09 21:17:42,516: rp.session.two.jdakka.017783.0009: MainProcess                     : MainThread     : INFO    : Load resource configurations for xsede.stampede_yarn
2018-09-09 21:17:42,516: rp.session.two.jdakka.017783.0009: MainProcess                     : MainThread     : DEBUG   : read rcfg for xsede.stampede_yarn (None)
2018-09-09 21:17:42,517: rp.session.two.jdakka.017783.0009: MainProcess                     : MainThread     : INFO    : Load resource configurations for xsede.stampede_ssh
2018-09-09 21:17:42,517: rp.session.two.jdakka.017783.0009: MainProcess                     : MainThread     : DEBUG   : read rcfg for xsede.stampede_ssh (None)
2018-09-09 21:17:42,517: rp.session.two.jdakka.017783.0009: MainProcess                     : MainThread     : INFO    : Load resource configurations for xsede.greenfield
2018-09-09 21:17:42,517: rp.session.two.jdakka.017783.0009: MainProcess                     : MainThread     : DEBUG   : read rcfg for xsede.greenfield (15)
2018-09-09 21:17:42,517: rp.session.two.jdakka.017783.0009: MainProcess                     : MainThread     : INFO    : Load resource configurations for xsede.bridges
2018-09-09 21:17:42,517: rp.session.two.jdakka.017783.0009: MainProcess                     : MainThread     : DEBUG   : read rcfg for xsede.bridges (None)
2018-09-09 21:17:42,517: rp.session.two.jdakka.017783.0009: MainProcess                     : MainThread     : INFO    : Load resource configurations for xsede.trestles_ssh
2018-09-09 21:17:42,517: rp.session.two.jdakka.017783.0009: MainProcess                     : MainThread     : DEBUG   : read rcfg for xsede.trestles_ssh (None)
2018-09-09 21:17:42,517: rp.session.two.jdakka.017783.0009: MainProcess                     : MainThread     : INFO    : Load resource configurations for xsede.supermic_ortelib
2018-09-09 21:17:42,518: rp.session.two.jdakka.017783.0009: MainProcess                     : MainThread     : DEBUG   : read rcfg for xsede.supermic_ortelib (20)
2018-09-09 21:17:42,518: rp.session.two.jdakka.017783.0009: MainProcess                     : MainThread     : INFO    : Load resource configurations for xsede.stampede2_ssh
2018-09-09 21:17:42,518: rp.session.two.jdakka.017783.0009: MainProcess                     : MainThread     : DEBUG   : read rcfg for xsede.stampede2_ssh (68)
2018-09-09 21:17:42,518: rp.session.two.jdakka.017783.0009: MainProcess                     : MainThread     : INFO    : Load resource configurations for xsede.supermic_ssh
2018-09-09 21:17:42,518: rp.session.two.jdakka.017783.0009: MainProcess                     : MainThread     : DEBUG   : read rcfg for xsede.supermic_ssh (20)
2018-09-09 21:17:42,518: rp.session.two.jdakka.017783.0009: MainProcess                     : MainThread     : INFO    : Load resource configurations for xsede.wrangler_ssh
2018-09-09 21:17:42,518: rp.session.two.jdakka.017783.0009: MainProcess                     : MainThread     : DEBUG   : read rcfg for xsede.wrangler_ssh (None)
2018-09-09 21:17:42,518: rp.session.two.jdakka.017783.0009: MainProcess                     : MainThread     : INFO    : Load resource configurations for xsede.supermic_orte
2018-09-09 21:17:42,519: rp.session.two.jdakka.017783.0009: MainProcess                     : MainThread     : DEBUG   : read rcfg for xsede.supermic_orte (20)
2018-09-09 21:17:42,519: rp.session.two.jdakka.017783.0009: MainProcess                     : MainThread     : INFO    : Load resource configurations for xsede.wrangler_spark
2018-09-09 21:17:42,519: rp.session.two.jdakka.017783.0009: MainProcess                     : MainThread     : DEBUG   : read rcfg for xsede.wrangler_spark (None)
2018-09-09 21:17:42,519: rp.session.two.jdakka.017783.0009: MainProcess                     : MainThread     : INFO    : Load resource configurations for xsede.stampede_orte
2018-09-09 21:17:42,519: rp.session.two.jdakka.017783.0009: MainProcess                     : MainThread     : DEBUG   : read rcfg for xsede.stampede_orte (None)
2018-09-09 21:17:42,519: rp.session.two.jdakka.017783.0009: MainProcess                     : MainThread     : INFO    : Load resource configurations for xsede.comet_ortelib
2018-09-09 21:17:42,519: rp.session.two.jdakka.017783.0009: MainProcess                     : MainThread     : DEBUG   : read rcfg for xsede.comet_ortelib (24)
2018-09-09 21:17:42,519: rp.session.two.jdakka.017783.0009: MainProcess                     : MainThread     : INFO    : Load resource configurations for xsede.comet_orte
2018-09-09 21:17:42,519: rp.session.two.jdakka.017783.0009: MainProcess                     : MainThread     : DEBUG   : read rcfg for xsede.comet_orte (24)
2018-09-09 21:17:42,520: rp.session.two.jdakka.017783.0009: MainProcess                     : MainThread     : INFO    : Load resource configurations for xsede.comet_spark
2018-09-09 21:17:42,520: rp.session.two.jdakka.017783.0009: MainProcess                     : MainThread     : DEBUG   : read rcfg for xsede.comet_spark (24)
2018-09-09 21:17:42,520: rp.session.two.jdakka.017783.0009: MainProcess                     : MainThread     : INFO    : Load resource configurations for xsede.comet_ssh
2018-09-09 21:17:42,520: rp.session.two.jdakka.017783.0009: MainProcess                     : MainThread     : DEBUG   : read rcfg for xsede.comet_ssh (24)
2018-09-09 21:17:42,520: rp.session.two.jdakka.017783.0009: MainProcess                     : MainThread     : INFO    : Load resource configurations for xsede.stampede_spark
2018-09-09 21:17:42,520: rp.session.two.jdakka.017783.0009: MainProcess                     : MainThread     : DEBUG   : read rcfg for xsede.stampede_spark (None)
2018-09-09 21:17:42,520: rp.session.two.jdakka.017783.0009: MainProcess                     : MainThread     : INFO    : Load resource configurations from /home/jdakka/hyperspace/python-2.7-ve/local/lib/python2.7/site-packages/radical/pilot/configs/resource_nersc.json
2018-09-09 21:17:42,525: rp.session.two.jdakka.017783.0009: MainProcess                     : MainThread     : INFO    : Load resource configurations for nersc.edison_ccm_ssh
2018-09-09 21:17:42,525: rp.session.two.jdakka.017783.0009: MainProcess                     : MainThread     : DEBUG   : read rcfg for nersc.edison_ccm_ssh (None)
2018-09-09 21:17:42,525: rp.session.two.jdakka.017783.0009: MainProcess                     : MainThread     : INFO    : Load resource configurations for nersc.hopper_orte
2018-09-09 21:17:42,525: rp.session.two.jdakka.017783.0009: MainProcess                     : MainThread     : DEBUG   : read rcfg for nersc.hopper_orte (None)
2018-09-09 21:17:42,525: rp.session.two.jdakka.017783.0009: MainProcess                     : MainThread     : INFO    : Load resource configurations for nersc.hopper_ccm_ssh
2018-09-09 21:17:42,526: rp.session.two.jdakka.017783.0009: MainProcess                     : MainThread     : DEBUG   : read rcfg for nersc.hopper_ccm_ssh (24)
2018-09-09 21:17:42,526: rp.session.two.jdakka.017783.0009: MainProcess                     : MainThread     : INFO    : Load resource configurations for nersc.edison_aprun
2018-09-09 21:17:42,526: rp.session.two.jdakka.017783.0009: MainProcess                     : MainThread     : DEBUG   : read rcfg for nersc.edison_aprun (None)
2018-09-09 21:17:42,526: rp.session.two.jdakka.017783.0009: MainProcess                     : MainThread     : INFO    : Load resource configurations for nersc.hopper_aprun
2018-09-09 21:17:42,526: rp.session.two.jdakka.017783.0009: MainProcess                     : MainThread     : DEBUG   : read rcfg for nersc.hopper_aprun (24)
2018-09-09 21:17:42,526: rp.session.two.jdakka.017783.0009: MainProcess                     : MainThread     : INFO    : Load resource configurations for nersc.edison_orte
2018-09-09 21:17:42,526: rp.session.two.jdakka.017783.0009: MainProcess                     : MainThread     : DEBUG   : read rcfg for nersc.edison_orte (None)
2018-09-09 21:17:42,526: rp.session.two.jdakka.017783.0009: MainProcess                     : MainThread     : INFO    : Load resource configurations from /home/jdakka/hyperspace/python-2.7-ve/local/lib/python2.7/site-packages/radical/pilot/configs/resource_lrz.json
2018-09-09 21:17:42,527: rp.session.two.jdakka.017783.0009: MainProcess                     : MainThread     : INFO    : Load resource configurations for lrz.supermuc_ssh
2018-09-09 21:17:42,527: rp.session.two.jdakka.017783.0009: MainProcess                     : MainThread     : DEBUG   : read rcfg for lrz.supermuc_ssh (None)
2018-09-09 21:17:42,528: rp.session.two.jdakka.017783.0009: MainProcess                     : MainThread     : INFO    : Load resource configurations from /home/jdakka/hyperspace/python-2.7-ve/local/lib/python2.7/site-packages/radical/pilot/configs/resource_epsrc.json
2018-09-09 21:17:42,529: rp.session.two.jdakka.017783.0009: MainProcess                     : MainThread     : INFO    : Load resource configurations for epsrc.archer_orte
2018-09-09 21:17:42,529: rp.session.two.jdakka.017783.0009: MainProcess                     : MainThread     : DEBUG   : read rcfg for epsrc.archer_orte (None)
2018-09-09 21:17:42,529: rp.session.two.jdakka.017783.0009: MainProcess                     : MainThread     : INFO    : Load resource configurations for epsrc.archer_aprun
2018-09-09 21:17:42,530: rp.session.two.jdakka.017783.0009: MainProcess                     : MainThread     : DEBUG   : read rcfg for epsrc.archer_aprun (None)
2018-09-09 21:17:42,530: rp.session.two.jdakka.017783.0009: MainProcess                     : MainThread     : INFO    : Load resource configurations from /home/jdakka/hyperspace/python-2.7-ve/local/lib/python2.7/site-packages/radical/pilot/configs/resource_ncsa.json
2018-09-09 21:17:42,533: rp.session.two.jdakka.017783.0009: MainProcess                     : MainThread     : INFO    : Load resource configurations for ncsa.bw_orte
2018-09-09 21:17:42,533: rp.session.two.jdakka.017783.0009: MainProcess                     : MainThread     : DEBUG   : read rcfg for ncsa.bw_orte (None)
2018-09-09 21:17:42,533: rp.session.two.jdakka.017783.0009: MainProcess                     : MainThread     : INFO    : Load resource configurations for ncsa.bw_ccm_ssh
2018-09-09 21:17:42,533: rp.session.two.jdakka.017783.0009: MainProcess                     : MainThread     : DEBUG   : read rcfg for ncsa.bw_ccm_ssh (None)
2018-09-09 21:17:42,533: rp.session.two.jdakka.017783.0009: MainProcess                     : MainThread     : INFO    : Load resource configurations for ncsa.bw_ortelib
2018-09-09 21:17:42,534: rp.session.two.jdakka.017783.0009: MainProcess                     : MainThread     : DEBUG   : read rcfg for ncsa.bw_ortelib (None)
2018-09-09 21:17:42,534: rp.session.two.jdakka.017783.0009: MainProcess                     : MainThread     : INFO    : Load resource configurations for ncsa.bw_aprun
2018-09-09 21:17:42,534: rp.session.two.jdakka.017783.0009: MainProcess                     : MainThread     : DEBUG   : read rcfg for ncsa.bw_aprun (None)
2018-09-09 21:17:42,534: rp.session.two.jdakka.017783.0009: MainProcess                     : MainThread     : INFO    : Load resource configurations from /home/jdakka/hyperspace/python-2.7-ve/local/lib/python2.7/site-packages/radical/pilot/configs/resource_lumc.json
2018-09-09 21:17:42,535: rp.session.two.jdakka.017783.0009: MainProcess                     : MainThread     : INFO    : Load resource configurations for lumc.gb-ui_ssh
2018-09-09 21:17:42,536: rp.session.two.jdakka.017783.0009: MainProcess                     : MainThread     : DEBUG   : read rcfg for lumc.gb-ui_ssh (None)
2018-09-09 21:17:42,536: rp.session.two.jdakka.017783.0009: MainProcess                     : MainThread     : INFO    : Load resource configurations for lumc.shark_ssh
2018-09-09 21:17:42,536: rp.session.two.jdakka.017783.0009: MainProcess                     : MainThread     : DEBUG   : read rcfg for lumc.shark_ssh (None)
2018-09-09 21:17:42,536: rp.session.two.jdakka.017783.0009: MainProcess                     : MainThread     : INFO    : Load resource configurations from /home/jdakka/hyperspace/python-2.7-ve/local/lib/python2.7/site-packages/radical/pilot/configs/resource_das4.json
2018-09-09 21:17:42,537: rp.session.two.jdakka.017783.0009: MainProcess                     : MainThread     : INFO    : Load resource configurations for das4.fs2_ssh
2018-09-09 21:17:42,537: rp.session.two.jdakka.017783.0009: MainProcess                     : MainThread     : DEBUG   : read rcfg for das4.fs2_ssh (None)
2018-09-09 21:17:42,537: rp.session.two.jdakka.017783.0009: MainProcess                     : MainThread     : INFO    : Load resource configurations from /home/jdakka/hyperspace/python-2.7-ve/local/lib/python2.7/site-packages/radical/pilot/configs/resource_aliases.json
2018-09-09 21:17:42,537: rp.session.two.jdakka.017783.0009: MainProcess                     : MainThread     : INFO    : Load resource configurations from /home/jdakka/hyperspace/python-2.7-ve/local/lib/python2.7/site-packages/radical/pilot/configs/resource_futuregrid.json
2018-09-09 21:17:42,541: rp.session.two.jdakka.017783.0009: MainProcess                     : MainThread     : INFO    : Load resource configurations for futuregrid.delta_ssh
2018-09-09 21:17:42,541: rp.session.two.jdakka.017783.0009: MainProcess                     : MainThread     : DEBUG   : read rcfg for futuregrid.delta_ssh (None)
2018-09-09 21:17:42,541: rp.session.two.jdakka.017783.0009: MainProcess                     : MainThread     : INFO    : Load resource configurations for futuregrid.india_ssh
2018-09-09 21:17:42,541: rp.session.two.jdakka.017783.0009: MainProcess                     : MainThread     : DEBUG   : read rcfg for futuregrid.india_ssh (None)
2018-09-09 21:17:42,541: rp.session.two.jdakka.017783.0009: MainProcess                     : MainThread     : INFO    : Load resource configurations for futuregrid.echo_ssh
2018-09-09 21:17:42,541: rp.session.two.jdakka.017783.0009: MainProcess                     : MainThread     : DEBUG   : read rcfg for futuregrid.echo_ssh (None)
2018-09-09 21:17:42,541: rp.session.two.jdakka.017783.0009: MainProcess                     : MainThread     : INFO    : Load resource configurations for futuregrid.xray_ccm
2018-09-09 21:17:42,542: rp.session.two.jdakka.017783.0009: MainProcess                     : MainThread     : DEBUG   : read rcfg for futuregrid.xray_ccm (None)
2018-09-09 21:17:42,542: rp.session.two.jdakka.017783.0009: MainProcess                     : MainThread     : INFO    : Load resource configurations for futuregrid.bravo_ssh
2018-09-09 21:17:42,542: rp.session.two.jdakka.017783.0009: MainProcess                     : MainThread     : DEBUG   : read rcfg for futuregrid.bravo_ssh (None)
2018-09-09 21:17:42,542: rp.session.two.jdakka.017783.0009: MainProcess                     : MainThread     : INFO    : Load resource configurations for futuregrid.xray_aprun
2018-09-09 21:17:42,542: rp.session.two.jdakka.017783.0009: MainProcess                     : MainThread     : DEBUG   : read rcfg for futuregrid.xray_aprun (None)
2018-09-09 21:17:42,542: rp.session.two.jdakka.017783.0009: MainProcess                     : MainThread     : INFO    : Load resource configurations from /home/jdakka/hyperspace/python-2.7-ve/local/lib/python2.7/site-packages/radical/pilot/configs/resource_ornl.json
2018-09-09 21:17:42,546: rp.session.two.jdakka.017783.0009: MainProcess                     : MainThread     : INFO    : Load resource configurations for ornl.titan_orte
2018-09-09 21:17:42,546: rp.session.two.jdakka.017783.0009: MainProcess                     : MainThread     : DEBUG   : read rcfg for ornl.titan_orte (16)
2018-09-09 21:17:42,546: rp.session.two.jdakka.017783.0009: MainProcess                     : MainThread     : INFO    : Load resource configurations for ornl.titan_aprun
2018-09-09 21:17:42,547: rp.session.two.jdakka.017783.0009: MainProcess                     : MainThread     : DEBUG   : read rcfg for ornl.titan_aprun (None)
2018-09-09 21:17:42,547: rp.session.two.jdakka.017783.0009: MainProcess                     : MainThread     : INFO    : Load resource configurations for ornl.rhea
2018-09-09 21:17:42,547: rp.session.two.jdakka.017783.0009: MainProcess                     : MainThread     : DEBUG   : read rcfg for ornl.rhea (16)
2018-09-09 21:17:42,547: rp.session.two.jdakka.017783.0009: MainProcess                     : MainThread     : INFO    : Load resource configurations for ornl.rhea_aprun
2018-09-09 21:17:42,547: rp.session.two.jdakka.017783.0009: MainProcess                     : MainThread     : DEBUG   : read rcfg for ornl.rhea_aprun (None)
2018-09-09 21:17:42,547: rp.session.two.jdakka.017783.0009: MainProcess                     : MainThread     : INFO    : Load resource configurations for ornl.titan_ortelib
2018-09-09 21:17:42,547: rp.session.two.jdakka.017783.0009: MainProcess                     : MainThread     : DEBUG   : read rcfg for ornl.titan_ortelib (None)
2018-09-09 21:17:42,548: rp.session.two.jdakka.017783.0009: MainProcess                     : MainThread     : INFO    : Load resource configurations from /home/jdakka/hyperspace/python-2.7-ve/local/lib/python2.7/site-packages/radical/pilot/configs/resource_chameleon.json
2018-09-09 21:17:42,548: rp.session.two.jdakka.017783.0009: MainProcess                     : MainThread     : INFO    : Load resource configurations for chameleon.cloud_vm_yarn
2018-09-09 21:17:42,548: rp.session.two.jdakka.017783.0009: MainProcess                     : MainThread     : DEBUG   : read rcfg for chameleon.cloud_vm_yarn (None)
2018-09-09 21:17:42,548: rp.session.two.jdakka.017783.0009: MainProcess                     : MainThread     : INFO    : Load resource configurations from /home/jdakka/hyperspace/python-2.7-ve/local/lib/python2.7/site-packages/radical/pilot/configs/resource_vtarc_dt.json
2018-09-09 21:17:42,549: rp.session.two.jdakka.017783.0009: MainProcess                     : MainThread     : INFO    : Load resource configurations for vtarc_dt.stampede_ssh
2018-09-09 21:17:42,549: rp.session.two.jdakka.017783.0009: MainProcess                     : MainThread     : DEBUG   : read rcfg for vtarc_dt.stampede_ssh (None)
2018-09-09 21:17:42,550: rp.session.two.jdakka.017783.0009: MainProcess                     : MainThread     : INFO    : Load resource configurations from /home/jdakka/hyperspace/python-2.7-ve/local/lib/python2.7/site-packages/radical/pilot/configs/resource_iu.json
2018-09-09 21:17:42,551: rp.session.two.jdakka.017783.0009: MainProcess                     : MainThread     : INFO    : Load resource configurations for iu.bigred2_ccm_ssh
2018-09-09 21:17:42,551: rp.session.two.jdakka.017783.0009: MainProcess                     : MainThread     : DEBUG   : read rcfg for iu.bigred2_ccm_ssh (None)
2018-09-09 21:17:42,551: rp.session.two.jdakka.017783.0009: MainProcess                     : MainThread     : INFO    : Load resource configurations for iu.bigred2_aprun
2018-09-09 21:17:42,551: rp.session.two.jdakka.017783.0009: MainProcess                     : MainThread     : DEBUG   : read rcfg for iu.bigred2_aprun (None)
2018-09-09 21:17:42,551: rp.session.two.jdakka.017783.0009: MainProcess                     : MainThread     : INFO    : Load resource configurations from /home/jdakka/hyperspace/python-2.7-ve/local/lib/python2.7/site-packages/radical/pilot/configs/resource_local.json
2018-09-09 21:17:42,557: rp.session.two.jdakka.017783.0009: MainProcess                     : MainThread     : INFO    : Load resource configurations for local.localhost_orte
2018-09-09 21:17:42,557: rp.session.two.jdakka.017783.0009: MainProcess                     : MainThread     : DEBUG   : read rcfg for local.localhost_orte (None)
2018-09-09 21:17:42,557: rp.session.two.jdakka.017783.0009: MainProcess                     : MainThread     : INFO    : Load resource configurations for local.localhost_anaconda
2018-09-09 21:17:42,557: rp.session.two.jdakka.017783.0009: MainProcess                     : MainThread     : DEBUG   : read rcfg for local.localhost_anaconda (8)
2018-09-09 21:17:42,557: rp.session.two.jdakka.017783.0009: MainProcess                     : MainThread     : INFO    : Load resource configurations for local.localhost_ortelib
2018-09-09 21:17:42,557: rp.session.two.jdakka.017783.0009: MainProcess                     : MainThread     : DEBUG   : read rcfg for local.localhost_ortelib (None)
2018-09-09 21:17:42,557: rp.session.two.jdakka.017783.0009: MainProcess                     : MainThread     : INFO    : Load resource configurations for local.localhost_aprun
2018-09-09 21:17:42,557: rp.session.two.jdakka.017783.0009: MainProcess                     : MainThread     : DEBUG   : read rcfg for local.localhost_aprun (8)
2018-09-09 21:17:42,558: rp.session.two.jdakka.017783.0009: MainProcess                     : MainThread     : INFO    : Load resource configurations for local.localhost
2018-09-09 21:17:42,558: rp.session.two.jdakka.017783.0009: MainProcess                     : MainThread     : DEBUG   : read rcfg for local.localhost (8)
2018-09-09 21:17:42,558: rp.session.two.jdakka.017783.0009: MainProcess                     : MainThread     : INFO    : Load resource configurations for local.localhost_spark
2018-09-09 21:17:42,558: rp.session.two.jdakka.017783.0009: MainProcess                     : MainThread     : DEBUG   : read rcfg for local.localhost_spark (None)
2018-09-09 21:17:42,558: rp.session.two.jdakka.017783.0009: MainProcess                     : MainThread     : INFO    : Load resource configurations for local.localhost_spark_anaconda
2018-09-09 21:17:42,558: rp.session.two.jdakka.017783.0009: MainProcess                     : MainThread     : DEBUG   : read rcfg for local.localhost_spark_anaconda (None)
2018-09-09 21:17:42,558: rp.session.two.jdakka.017783.0009: MainProcess                     : MainThread     : INFO    : Load resource configurations for local.localhost_yarn
2018-09-09 21:17:42,558: rp.session.two.jdakka.017783.0009: MainProcess                     : MainThread     : DEBUG   : read rcfg for local.localhost_yarn (None)
2018-09-09 21:17:42,558: rp.session.two.jdakka.017783.0009: MainProcess                     : MainThread     : INFO    : Load resource configurations from /home/jdakka/hyperspace/python-2.7-ve/local/lib/python2.7/site-packages/radical/pilot/configs/resource_radical.json
2018-09-09 21:17:42,560: rp.session.two.jdakka.017783.0009: MainProcess                     : MainThread     : INFO    : Load resource configurations for radical.two
2018-09-09 21:17:42,561: rp.session.two.jdakka.017783.0009: MainProcess                     : MainThread     : DEBUG   : read rcfg for radical.two (None)
2018-09-09 21:17:42,561: rp.session.two.jdakka.017783.0009: MainProcess                     : MainThread     : INFO    : Load resource configurations for radical.tutorial
2018-09-09 21:17:42,561: rp.session.two.jdakka.017783.0009: MainProcess                     : MainThread     : DEBUG   : read rcfg for radical.tutorial (None)
2018-09-09 21:17:42,561: rp.session.two.jdakka.017783.0009: MainProcess                     : MainThread     : INFO    : Load resource configurations for radical.one
2018-09-09 21:17:42,561: rp.session.two.jdakka.017783.0009: MainProcess                     : MainThread     : DEBUG   : read rcfg for radical.one (None)
2018-09-09 21:17:42,561: rp.session.two.jdakka.017783.0009: MainProcess                     : MainThread     : INFO    : Load resource configurations from /home/jdakka/hyperspace/python-2.7-ve/local/lib/python2.7/site-packages/radical/pilot/configs/resource_ncar.json
2018-09-09 21:17:42,563: rp.session.two.jdakka.017783.0009: MainProcess                     : MainThread     : INFO    : Load resource configurations for ncar.cheyenne_mpirun
2018-09-09 21:17:42,563: rp.session.two.jdakka.017783.0009: MainProcess                     : MainThread     : DEBUG   : read rcfg for ncar.cheyenne_mpirun (None)
2018-09-09 21:17:42,563: rp.session.two.jdakka.017783.0009: MainProcess                     : MainThread     : INFO    : Load resource configurations for ncar.yellowstone_ssh
2018-09-09 21:17:42,563: rp.session.two.jdakka.017783.0009: MainProcess                     : MainThread     : DEBUG   : read rcfg for ncar.yellowstone_ssh (None)
2018-09-09 21:17:42,563: rp.session.two.jdakka.017783.0009: MainProcess                     : MainThread     : INFO    : Load resource configurations from /home/jdakka/hyperspace/python-2.7-ve/local/lib/python2.7/site-packages/radical/pilot/configs/resource_rice.json
2018-09-09 21:17:42,564: rp.session.two.jdakka.017783.0009: MainProcess                     : MainThread     : INFO    : Load resource configurations for rice.davinci_ssh
2018-09-09 21:17:42,565: rp.session.two.jdakka.017783.0009: MainProcess                     : MainThread     : DEBUG   : read rcfg for rice.davinci_ssh (None)
2018-09-09 21:17:42,565: rp.session.two.jdakka.017783.0009: MainProcess                     : MainThread     : INFO    : Load resource configurations for rice.biou_ssh
2018-09-09 21:17:42,565: rp.session.two.jdakka.017783.0009: MainProcess                     : MainThread     : DEBUG   : read rcfg for rice.biou_ssh (None)
2018-09-09 21:17:42,565: rp.session.two.jdakka.017783.0009: MainProcess                     : MainThread     : INFO    : Load resource configurations from /home/jdakka/hyperspace/python-2.7-ve/local/lib/python2.7/site-packages/radical/pilot/configs/resource_das5.json
2018-09-09 21:17:42,566: rp.session.two.jdakka.017783.0009: MainProcess                     : MainThread     : INFO    : Load resource configurations for das5.fs1_ssh
2018-09-09 21:17:42,566: rp.session.two.jdakka.017783.0009: MainProcess                     : MainThread     : DEBUG   : read rcfg for das5.fs1_ssh (None)
2018-09-09 21:17:43,812: rp.session.two.jdakka.017783.0009: MainProcess                     : MainThread     : INFO    : New Session created: rp.session.two.jdakka.017783.0009.
2018-09-09 21:17:43,813: rp.session.two.jdakka.017783.0009: MainProcess                     : MainThread     : DEBUG   : start bridges   : {u'control_pubsub': {u'bulk_size': 0, u'log_level': u'error', u'stall_hwm': 1},
 u'log_pubsub': {u'bulk_size': 0, u'log_level': u'error', u'stall_hwm': 1},
 u'state_pubsub': {u'bulk_size': 0, u'log_level': u'error', u'stall_hwm': 1}}
2018-09-09 21:17:43,813: rp.session.two.jdakka.017783.0009: MainProcess                     : MainThread     : INFO    : create bridge control_pubsub
2018-09-09 21:17:43,827: rp.session.two.jdakka.017783.0009: MainProcess                     : MainThread     : INFO    : created bridge control_pubsub (control.pubsub.bridge.0000)
2018-09-09 21:17:43,828: rp.session.two.jdakka.017783.0009: MainProcess                     : MainThread     : INFO    : create bridge state_pubsub
2018-09-09 21:17:43,834: rp.session.two.jdakka.017783.0009: MainProcess                     : MainThread     : INFO    : created bridge state_pubsub (state.pubsub.bridge.0000)
2018-09-09 21:17:43,834: rp.session.two.jdakka.017783.0009: MainProcess                     : MainThread     : INFO    : create bridge log_pubsub
2018-09-09 21:17:43,841: rp.session.two.jdakka.017783.0009: MainProcess                     : MainThread     : INFO    : created bridge log_pubsub (log.pubsub.bridge.0000)
2018-09-09 21:17:43,842: rp.session.two.jdakka.017783.0009: MainProcess                     : MainThread     : DEBUG   : start components: {u'UpdateWorker': {u'count': 1}}
2018-09-09 21:17:43,842: rp.session.two.jdakka.017783.0009: MainProcess                     : MainThread     : DEBUG   : start 1 component(s) UpdateWorker
2018-09-09 21:17:44,768: rp.session.two.jdakka.017783.0009: MainProcess                     : MainThread     : INFO    : rp.session.two.jdakka.017783.0009 starts update.0
2018-09-09 21:17:44,768: rp.session.two.jdakka.017783.0009: MainProcess                     : MainThread     : INFO    : radical.pilot version: 0.50.8
2018-09-09 21:17:44,768: rp.session.two.jdakka.017783.0009: MainProcess                     : MainThread     : INFO    : radical.saga  version: 0.50.0
2018-09-09 21:17:44,768: rp.session.two.jdakka.017783.0009: MainProcess                     : MainThread     : INFO    : radical.utils version: 0.50.2
2018-09-09 21:17:45,335: rp.session.two.jdakka.017783.0009: MainProcess                     : MainThread     : WARNING : using alias 'xsede.comet_orte' for deprecated resource key 'xsede.comet'
2018-09-09 21:17:45,335: rp.session.two.jdakka.017783.0009: MainProcess                     : MainThread     : DEBUG   : get rcfg 1 for xsede.comet_orte (24)
2018-09-09 21:17:45,336: rp.session.two.jdakka.017783.0009: MainProcess                     : MainThread     : DEBUG   : get rcfg 2 for xsede.comet_orte (24)
2018-09-09 21:17:45,336: rp.session.two.jdakka.017783.0009: MainProcess                     : MainThread     : WARNING : using alias 'xsede.comet_orte' for deprecated resource key 'xsede.comet'
2018-09-09 21:17:45,336: rp.session.two.jdakka.017783.0009: MainProcess                     : MainThread     : DEBUG   : get rcfg 1 for xsede.comet_orte (24)
2018-09-09 21:17:45,337: rp.session.two.jdakka.017783.0009: MainProcess                     : MainThread     : DEBUG   : get rcfg 2 for xsede.comet_orte (24)
2018-09-09 21:17:45,337: rp.session.two.jdakka.017783.0009: MainProcess                     : MainThread     : DEBUG   : rsup.PTYShell('gsissh://comet.sdsc.xsede.org/')
2018-09-09 21:17:50,538: rp.session.two.jdakka.017783.0009: MainProcess                     : MainThread     : DEBUG   : sandbox base gsissh://comet.sdsc.xsede.org/: '/home/jdakka'
2018-09-09 21:17:50,744: rp.session.two.jdakka.017783.0009: MainProcess                     : MainThread     : DEBUG   : bulk pilot insert result: {'nModified': 0, 'nUpserted': 0, 'nMatched': 0, 'writeErrors': [], 'upserted': [], 'writeConcernErrors': [], 'nRemoved': 0, 'nInserted': 1}
2018-09-09 21:17:50,748: rp.session.two.jdakka.017783.0009: pmgr.0000.launching.0           : MainThread     : WARNING : using alias 'xsede.comet_orte' for deprecated resource key 'xsede.comet'
2018-09-09 21:17:50,749: rp.session.two.jdakka.017783.0009: pmgr.0000.launching.0           : MainThread     : DEBUG   : get rcfg 1 for xsede.comet_orte (24)
2018-09-09 21:17:50,749: rp.session.two.jdakka.017783.0009: pmgr.0000.launching.0           : MainThread     : DEBUG   : get rcfg 2 for xsede.comet_orte (24)
2018-09-09 21:17:50,754: rp.session.two.jdakka.017783.0009: pmgr.0000.launching.0           : MainThread     : WARNING : using alias 'xsede.comet_orte' for deprecated resource key 'xsede.comet'
2018-09-09 21:17:50,754: rp.session.two.jdakka.017783.0009: pmgr.0000.launching.0           : MainThread     : DEBUG   : get rcfg 1 for xsede.comet_orte (24)
2018-09-09 21:17:50,755: rp.session.two.jdakka.017783.0009: pmgr.0000.launching.0           : MainThread     : DEBUG   : get rcfg 2 for xsede.comet_orte (24)
2018-09-09 21:17:50,755: rp.session.two.jdakka.017783.0009: pmgr.0000.launching.0           : MainThread     : DEBUG   : rsup.PTYShell('gsissh://comet.sdsc.xsede.org/')
2018-09-09 21:17:52,848: rp.session.two.jdakka.017783.0009: pmgr.0000.launching.0           : MainThread     : DEBUG   : sandbox base gsissh://comet.sdsc.xsede.org/: '/home/jdakka'
2018-09-09 21:19:38,674: rp.session.two.jdakka.017783.0009: task-manager                    : MainThread     : DEBUG   : bulk unit insert result: {'nModified': 0, 'nUpserted': 0, 'nMatched': 0, 'writeErrors': [], 'upserted': [], 'writeConcernErrors': [], 'nRemoved': 0, 'nInserted': 64}
2018-09-09 21:30:14,154: rp.session.two.jdakka.017783.0009: MainProcess                     : MainThread     : DEBUG   : session rp.session.two.jdakka.017783.0009 closing
2018-09-09 21:30:14,155: rp.session.two.jdakka.017783.0009: MainProcess                     : MainThread     : DEBUG   : session rp.session.two.jdakka.017783.0009 closes pmgr   pmgr.0000
2018-09-09 21:30:17,493: rp.session.two.jdakka.017783.0009: MainProcess                     : MainThread     : DEBUG   : session rp.session.two.jdakka.017783.0009 closed pmgr   pmgr.0000
2018-09-09 21:30:17,493: rp.session.two.jdakka.017783.0009: MainProcess                     : MainThread     : DEBUG   : session rp.session.two.jdakka.017783.0009 closes comp   update.0
2018-09-09 21:30:17,493: rp.session.two.jdakka.017783.0009: MainProcess                     : MainThread     : DEBUG   : update.0 stop called
2018-09-09 21:30:17,570: rp.session.two.jdakka.017783.0009: update.0                        : MainThread     : DEBUG   : update.0.child stop called
2018-09-09 21:30:17,802: rp.session.two.jdakka.017783.0009: update.0                        : MainThread     : DEBUG   : update.0.child stop called
2018-09-09 21:30:17,837: rp.session.two.jdakka.017783.0009: MainProcess                     : MainThread     : DEBUG   : session rp.session.two.jdakka.017783.0009 closed comp   update.0
2018-09-09 21:30:17,837: rp.session.two.jdakka.017783.0009: MainProcess                     : MainThread     : DEBUG   : session rp.session.two.jdakka.017783.0009 closes bridge control.pubsub.bridge.0000
2018-09-09 21:30:18,807: rp.session.two.jdakka.017783.0009: MainProcess                     : MainThread     : DEBUG   : session rp.session.two.jdakka.017783.0009 closed bridge control.pubsub.bridge.0000
2018-09-09 21:30:18,807: rp.session.two.jdakka.017783.0009: MainProcess                     : MainThread     : DEBUG   : session rp.session.two.jdakka.017783.0009 closes bridge state.pubsub.bridge.0000
2018-09-09 21:30:19,808: rp.session.two.jdakka.017783.0009: MainProcess                     : MainThread     : DEBUG   : session rp.session.two.jdakka.017783.0009 closed bridge state.pubsub.bridge.0000
2018-09-09 21:30:19,808: rp.session.two.jdakka.017783.0009: MainProcess                     : MainThread     : DEBUG   : session rp.session.two.jdakka.017783.0009 closes bridge log.pubsub.bridge.0000
2018-09-09 21:30:20,439: rp.session.two.jdakka.017783.0009: MainProcess                     : MainThread     : DEBUG   : session rp.session.two.jdakka.017783.0009 closed bridge log.pubsub.bridge.0000
2018-09-09 21:30:20,440: rp.session.two.jdakka.017783.0009: MainProcess                     : MainThread     : DEBUG   : session rp.session.two.jdakka.017783.0009 closes db (False)
2018-09-09 21:30:20,542: rp.session.two.jdakka.017783.0009: MainProcess                     : MainThread     : DEBUG   : session rp.session.two.jdakka.017783.0009 closed (delete=False)
2018-09-09 21:30:20,648: rp.session.two.jdakka.017783.0009: MainProcess                     : MainThread     : DEBUG   : update.0 stop called
2018-09-09 21:30:20,653: rp.session.two.jdakka.017783.0009: MainProcess                     : MainThread     : DEBUG   : start download
2018-09-09 21:30:22,221: rp.session.two.jdakka.017783.0009: MainProcess                     : MainThread     : INFO    : session written to /home/jdakka/hyperspace/hyperspace-RCT/null_workload/rp.session.two.jdakka.017783.0009/rp.session.two.jdakka.017783.0009.json
2018-09-09 21:30:23,118: rp.session.two.jdakka.017783.0009: MainProcess                     : MainThread     : DEBUG   : Session: rp.session.two.jdakka.017783.0009
2018-09-09 21:30:23,118: rp.session.two.jdakka.017783.0009: MainProcess                     : MainThread     : DEBUG   : Number of pilots in session: 1
2018-09-09 21:30:23,119: rp.session.two.jdakka.017783.0009: MainProcess                     : MainThread     : DEBUG   : processing pilot 'pilot.0000'
2018-09-09 21:30:25,162: rp.session.two.jdakka.017783.0009: MainProcess                     : MainThread     : INFO    : profiles tarball exists
2018-09-09 21:30:25,162: rp.session.two.jdakka.017783.0009: MainProcess                     : MainThread     : INFO    : fetch 'gsisftp://comet.sdsc.xsede.org/home/jdakka/radical.pilot.sandbox/rp.session.two.jdakka.017783.0009/pilot.0000/pilot.0000.prof.tgz' to 'file://localhost/home/jdakka/hyperspace/hyperspace-RCT/null_workload/rp.session.two.jdakka.017783.0009/'.
2018-09-09 21:30:28,016: rp.session.two.jdakka.017783.0009: MainProcess                     : MainThread     : INFO    : Extract tarball /home/jdakka/hyperspace/hyperspace-RCT/null_workload/rp.session.two.jdakka.017783.0009/pilot.0000.prof.tgz to '/home/jdakka/hyperspace/hyperspace-RCT/null_workload/rp.session.two.jdakka.017783.0009/'.
2018-09-09 21:30:28,801: rp.session.two.jdakka.017783.0009: MainProcess                     : MainThread     : INFO    : Session: rp.session.two.jdakka.017783.0009
2018-09-09 21:30:28,801: rp.session.two.jdakka.017783.0009: MainProcess                     : MainThread     : INFO    : Number of pilots in session: 1
2018-09-09 21:30:29,681: rp.session.two.jdakka.017783.0009: MainProcess                     : MainThread     : INFO    : logfiles tarball exists
2018-09-09 21:30:29,681: rp.session.two.jdakka.017783.0009: MainProcess                     : MainThread     : INFO    : Fetching 'gsisftp://comet.sdsc.xsede.org/home/jdakka/radical.pilot.sandbox/rp.session.two.jdakka.017783.0009/pilot.0000/pilot.0000.log.tgz' to 'file://localhost/home/jdakka/hyperspace/hyperspace-RCT/null_workload/rp.session.two.jdakka.017783.0009/'.
2018-09-09 21:30:32,330: rp.session.two.jdakka.017783.0009: MainProcess                     : MainThread     : DEBUG   : Extract tarball /home/jdakka/hyperspace/hyperspace-RCT/null_workload/rp.session.two.jdakka.017783.0009/pilot.0000.log.tgz to /home/jdakka/hyperspace/hyperspace-RCT/null_workload/rp.session.two.jdakka.017783.0009/
2018-09-09 21:30:32,364: rp.session.two.jdakka.017783.0009: MainProcess                     : MainThread     : INFO    : tarball /home/jdakka/hyperspace/hyperspace-RCT/null_workload/rp.session.two.jdakka.017783.0009/pilot.0000.log.tgz extracted to '/home/jdakka/hyperspace/hyperspace-RCT/null_workload/rp.session.two.jdakka.017783.0009//pilot.0000/'.
