2018-09-09 21:17:43,849: update.0            : MainProcess                     : MainThread     : INFO    : python.interpreter   version: 2.7.12 (default, Dec 4 2017, 14:50:18) [GCC 5.4.0 20160609]
2018-09-09 21:17:43,849: update.0            : MainProcess                     : MainThread     : INFO    :                      pid/tid: 21074/MainThread
2018-09-09 21:17:43,849: update.0            : MainProcess                     : MainThread     : DEBUG   : alive check in term
2018-09-09 21:17:43,850: update.0            : MainProcess                     : MainThread     : DEBUG   : start process
2018-09-09 21:17:44,749: update.0            : MainProcess                     : MainThread     : INFO    : recv message: alive
2018-09-09 21:17:44,749: update.0            : MainProcess                     : MainThread     : INFO    : initialize update.0
2018-09-09 21:17:44,753: update.0            : MainProcess                     : MainThread     : INFO    : cfg: {'agents': {},
 u'bridges': {u'control_pubsub': {'addr_in': 'tcp://138.201.86.166:38409',
                                  'addr_out': 'tcp://138.201.86.166:46684',
                                  u'bulk_size': 0,
                                  u'log_level': u'error',
                                  u'stall_hwm': 1},
              u'log_pubsub': {'addr_in': 'tcp://138.201.86.166:36610',
                              'addr_out': 'tcp://138.201.86.166:43072',
                              u'bulk_size': 0,
                              u'log_level': u'error',
                              u'stall_hwm': 1},
              u'state_pubsub': {'addr_in': 'tcp://138.201.86.166:45673',
                                'addr_out': 'tcp://138.201.86.166:33663',
                                u'bulk_size': 0,
                                u'log_level': u'error',
                                u'stall_hwm': 1}},
 'cname': u'UpdateWorker',
 u'components': {},
 u'count': 1,
 'dburl': 'mongodb://username:password12@ds229609.mlab.com:29609/bridges-hyperspace',
 u'default_dburl': u'mongodb://rp:rp@ds015335.mlab.com:15335/rp',
 'logdir': '/home/jdakka/hyperspace/hyperspace-RCT/null_workload/rp.session.two.jdakka.017783.0009',
 'number': 0,
 'owner': 'rp.session.two.jdakka.017783.0009',
 'session_id': 'rp.session.two.jdakka.017783.0009'}
2018-09-09 21:17:44,753: update.0            : MainProcess                     : MainThread     : DEBUG   : alive check in term
2018-09-09 21:17:44,753: update.0            : MainProcess                     : MainThread     : DEBUG   : START: update.0 register publisher log_pubsub
2018-09-09 21:17:44,754: update.0            : MainProcess                     : MainThread     : DEBUG   : using addr tcp://138.201.86.166:36610 for pubsub log_pubsub
2018-09-09 21:17:44,758: update.0            : MainProcess                     : MainThread     : DEBUG   : registered publisher : log_pubsub : log.pubsub.pub.0000
2018-09-09 21:17:44,758: update.0            : MainProcess                     : MainThread     : DEBUG   : alive check in term
2018-09-09 21:17:44,758: update.0            : MainProcess                     : MainThread     : DEBUG   : START: update.0 register publisher state_pubsub
2018-09-09 21:17:44,758: update.0            : MainProcess                     : MainThread     : DEBUG   : using addr tcp://138.201.86.166:45673 for pubsub state_pubsub
2018-09-09 21:17:44,761: update.0            : MainProcess                     : MainThread     : DEBUG   : registered publisher : state_pubsub : state.pubsub.pub.0000
2018-09-09 21:17:44,761: update.0            : MainProcess                     : MainThread     : DEBUG   : alive check in term
2018-09-09 21:17:44,761: update.0            : MainProcess                     : MainThread     : DEBUG   : START: update.0 register publisher control_pubsub
2018-09-09 21:17:44,761: update.0            : MainProcess                     : MainThread     : DEBUG   : using addr tcp://138.201.86.166:38409 for pubsub control_pubsub
2018-09-09 21:17:44,764: update.0            : MainProcess                     : MainThread     : DEBUG   : registered publisher : control_pubsub : control.pubsub.pub.0000
2018-09-09 21:17:44,764: update.0            : MainProcess                     : MainThread     : DEBUG   : parent name: update.0.watch
2018-09-09 21:17:44,764: update.0            : MainProcess                     : MainThread     : DEBUG   : start thread
2018-09-09 21:17:44,765: update.0            : MainProcess                     : update.0.watch : DEBUG   : child name: update.0.watch.thread
2018-09-09 21:17:44,765: update.0            : MainProcess                     : update.0.watch : INFO    : child (me) initializing
2018-09-09 21:17:44,765: update.0            : MainProcess                     : update.0.watch : DEBUG   : ru_initialize_common (NOOP)
2018-09-09 21:17:44,765: update.0            : MainProcess                     : update.0.watch : DEBUG   : ru_initialize_child (NOOP)
2018-09-09 21:17:44,765: update.0            : MainProcess                     : update.0.watch : INFO    : send alive
2018-09-09 21:17:44,766: update.0            : MainProcess                     : update.0.watch : INFO    : put message: [update.0.watch.thread] alive
2018-09-09 21:17:44,767: update.0            : MainProcess                     : MainThread     : INFO    : get msg: alive
2018-09-09 21:17:44,767: update.0            : MainProcess                     : MainThread     : DEBUG   : ru_initialize_common (NOOP)
2018-09-09 21:17:44,767: update.0            : MainProcess                     : MainThread     : DEBUG   : ru_initialize_parent (NOOP)
2018-09-09 21:17:44,767: update.0            : MainProcess                     : MainThread     : DEBUG   : child thread update.0.watch started
2018-09-09 21:17:44,767: update.0            : MainProcess                     : MainThread     : INFO    : child is alive
2018-09-09 21:17:44,767: update.0            : MainProcess                     : MainThread     : DEBUG   : process class started child
2018-09-09 21:30:17,494: update.0            : MainProcess                     : MainThread     : INFO    : stop update.0 (21074 : 21180 : MainThread) [radical.pilot.worker.update.Update.stop]
2018-09-09 21:30:17,539: update.0            : MainProcess                     : MainThread     : INFO    : parent stops child  21074 -> 21180 [update.0]
2018-09-09 21:30:17,539: update.0            : MainProcess                     : MainThread     : INFO    : send message: [update.0] STOP
2018-09-09 21:30:17,539: update.0            : MainProcess                     : MainThread     : DEBUG   : ru_finalize_common()
2018-09-09 21:30:17,539: update.0            : MainProcess                     : MainThread     : DEBUG   : TERM : update.0 unregister publisher log_pubsub
2018-09-09 21:30:17,541: update.0            : MainProcess                     : MainThread     : DEBUG   : unregistered publisher log_pubsub
2018-09-09 21:30:17,541: update.0            : MainProcess                     : MainThread     : DEBUG   : TERM : update.0 unregister publisher state_pubsub
2018-09-09 21:30:17,542: update.0            : MainProcess                     : MainThread     : DEBUG   : unregistered publisher state_pubsub
2018-09-09 21:30:17,542: update.0            : MainProcess                     : MainThread     : DEBUG   : TERM : update.0 unregister publisher control_pubsub
2018-09-09 21:30:17,543: update.0            : MainProcess                     : MainThread     : DEBUG   : unregistered publisher control_pubsub
2018-09-09 21:30:17,544: update.0            : MainProcess                     : MainThread     : DEBUG   : update.0 close prof
2018-09-09 21:30:17,557: update.0            : MainProcess                     : update.0.watch : INFO    : recv message: 
2018-09-09 21:30:17,557: update.0            : MainProcess                     : update.0.watch : INFO    : message received: 
2018-09-09 21:30:17,557: update.0            : MainProcess                     : update.0.watch : WARNING : received empty string, parent closed ep
2018-09-09 21:30:17,557: update.0            : MainProcess                     : update.0.watch : INFO    : watcher closes
2018-09-09 21:30:17,557: update.0            : MainProcess                     : update.0.watch : INFO    : put message: [update.0.watch.thread] work finished
2018-09-09 21:30:17,557: update.0            : MainProcess                     : update.0.watch : DEBUG   : ru_finalize_child (NOOP)
2018-09-09 21:30:17,558: update.0            : MainProcess                     : update.0.watch : DEBUG   : ru_finalize_common (NOOP)
2018-09-09 21:30:17,558: update.0            : MainProcess                     : update.0.watch : INFO    : put message: [update.0.watch.thread] terminating
2018-09-09 21:30:17,572: update.0            : MainProcess                     : MainThread     : INFO    : parent stops child
2018-09-09 21:30:17,572: update.0            : MainProcess                     : MainThread     : DEBUG   : ru_finalize_parent (NOOP)
2018-09-09 21:30:17,572: update.0            : MainProcess                     : MainThread     : DEBUG   : ru_finalize_common (NOOP)
2018-09-09 21:30:20,650: update.0            : MainProcess                     : MainThread     : INFO    : stop update.0 (21074 : 21180 : MainThread) [radical.pilot.worker.update.Update.stop]
