2018-09-09 22:18:43,317: control.pubsub.sub.0000: update.0                        : MainThread     : INFO    : python.interpreter   version: 2.7.12 (default, Dec 4 2017, 14:50:18) [GCC 5.4.0 20160609]
2018-09-09 22:18:43,318: control.pubsub.sub.0000: update.0                        : MainThread     : INFO    :                      pid/tid: 4437/MainThread
2018-09-09 22:18:43,318: control.pubsub.sub.0000: update.0                        : MainThread     : INFO    : create control_pubsub - sub - tcp://138.201.86.166:42669
2018-09-09 22:18:43,319: control.pubsub.sub.0000: update.0                        : MainThread     : DEBUG   : start process
2018-09-09 22:18:43,319: control.pubsub.sub.0000: update.0                        : MainThread     : DEBUG   : ru_initialize_common (NOOP)
2018-09-09 22:18:43,319: control.pubsub.sub.0000: update.0                        : MainThread     : DEBUG   : ru_initialize_parent (NOOP)
2018-09-09 22:18:43,319: control.pubsub.sub.0000: update.0                        : MainThread     : DEBUG   : process class started (no child)
2018-09-09 22:18:44,317: control.pubsub.sub.0000: pmgr.0000.launching.0           : MainThread     : INFO    : python.interpreter   version: 2.7.12 (default, Dec 4 2017, 14:50:18) [GCC 5.4.0 20160609]
2018-09-09 22:18:44,317: control.pubsub.sub.0000: pmgr.0000.launching.0           : MainThread     : INFO    :                      pid/tid: 4506/MainThread
2018-09-09 22:18:44,317: control.pubsub.sub.0000: pmgr.0000.launching.0           : MainThread     : INFO    : create control_pubsub - sub - tcp://138.201.86.166:42669
2018-09-09 22:18:44,330: control.pubsub.sub.0000: pmgr.0000.launching.0           : MainThread     : DEBUG   : start process
2018-09-09 22:18:44,330: control.pubsub.sub.0000: pmgr.0000.launching.0           : MainThread     : DEBUG   : ru_initialize_common (NOOP)
2018-09-09 22:18:44,330: control.pubsub.sub.0000: pmgr.0000.launching.0           : MainThread     : DEBUG   : ru_initialize_parent (NOOP)
2018-09-09 22:18:44,330: control.pubsub.sub.0000: pmgr.0000.launching.0           : MainThread     : DEBUG   : process class started (no child)
2018-09-09 22:18:44,351: control.pubsub.sub.0000: MainProcess                     : MainThread     : INFO    : python.interpreter   version: 2.7.12 (default, Dec 4 2017, 14:50:18) [GCC 5.4.0 20160609]
2018-09-09 22:18:44,352: control.pubsub.sub.0000: MainProcess                     : MainThread     : INFO    :                      pid/tid: 4062/MainThread
2018-09-09 22:18:44,352: control.pubsub.sub.0000: MainProcess                     : MainThread     : INFO    : create control_pubsub - sub - tcp://138.201.86.166:42669
2018-09-09 22:18:44,352: control.pubsub.sub.0000: MainProcess                     : MainThread     : DEBUG   : start process
2018-09-09 22:18:44,352: control.pubsub.sub.0000: MainProcess                     : MainThread     : DEBUG   : ru_initialize_common (NOOP)
2018-09-09 22:18:44,352: control.pubsub.sub.0000: MainProcess                     : MainThread     : DEBUG   : ru_initialize_parent (NOOP)
2018-09-09 22:18:44,352: control.pubsub.sub.0000: MainProcess                     : MainThread     : DEBUG   : process class started (no child)
2018-09-09 22:30:25,378: control.pubsub.sub.0000: MainProcess                     : MainThread     : INFO    : parent stops child  4062 -> None [control.pubsub.sub.0000]
2018-09-09 22:30:25,378: control.pubsub.sub.0000: MainProcess                     : MainThread     : DEBUG   : ru_finalize_parent (NOOP)
2018-09-09 22:30:25,777: control.pubsub.sub.0000: update.0                        : MainThread     : INFO    : parent stops child  4437 -> None [control.pubsub.sub.0000]
2018-09-09 22:30:25,777: control.pubsub.sub.0000: update.0                        : MainThread     : DEBUG   : ru_finalize_parent (NOOP)
