2018-09-09 22:18:41,735: rp.session.two.jdakka.017783.0013: MainProcess                     : MainThread     : INFO    : python.interpreter   version: 2.7.12 (default, Dec 4 2017, 14:50:18) [GCC 5.4.0 20160609]
2018-09-09 22:18:41,735: rp.session.two.jdakka.017783.0013: MainProcess                     : MainThread     : INFO    :                      pid/tid: 4062/MainThread
2018-09-09 22:18:41,768: rp.session.two.jdakka.017783.0013: MainProcess                     : MainThread     : INFO    : using database mongodb://username:password12@ds229609.mlab.com:29609/bridges-hyperspace
2018-09-09 22:18:41,769: rp.session.two.jdakka.017783.0013: MainProcess                     : MainThread     : INFO    : Load resource configurations from /home/jdakka/hyperspace/python-2.7-ve/local/lib/python2.7/site-packages/radical/pilot/configs/resource_fub.json
2018-09-09 22:18:41,769: rp.session.two.jdakka.017783.0013: MainProcess                     : MainThread     : INFO    : Load resource configurations for fub.allegro_rsh
2018-09-09 22:18:41,770: rp.session.two.jdakka.017783.0013: MainProcess                     : MainThread     : DEBUG   : read rcfg for fub.allegro_rsh (None)
2018-09-09 22:18:41,770: rp.session.two.jdakka.017783.0013: MainProcess                     : MainThread     : INFO    : Load resource configurations from /home/jdakka/hyperspace/python-2.7-ve/local/lib/python2.7/site-packages/radical/pilot/configs/resource_yale.json
2018-09-09 22:18:41,771: rp.session.two.jdakka.017783.0013: MainProcess                     : MainThread     : INFO    : Load resource configurations for yale.grace_ssh
2018-09-09 22:18:41,771: rp.session.two.jdakka.017783.0013: MainProcess                     : MainThread     : DEBUG   : read rcfg for yale.grace_ssh (None)
2018-09-09 22:18:41,771: rp.session.two.jdakka.017783.0013: MainProcess                     : MainThread     : INFO    : Load resource configurations from /home/jdakka/hyperspace/python-2.7-ve/local/lib/python2.7/site-packages/radical/pilot/configs/resource_stfc.json
2018-09-09 22:18:41,772: rp.session.two.jdakka.017783.0013: MainProcess                     : MainThread     : INFO    : Load resource configurations for stfc.joule_runjob
2018-09-09 22:18:41,772: rp.session.two.jdakka.017783.0013: MainProcess                     : MainThread     : DEBUG   : read rcfg for stfc.joule_runjob (None)
2018-09-09 22:18:41,772: rp.session.two.jdakka.017783.0013: MainProcess                     : MainThread     : INFO    : Load resource configurations from /home/jdakka/hyperspace/python-2.7-ve/local/lib/python2.7/site-packages/radical/pilot/configs/resource_osg.json
2018-09-09 22:18:41,773: rp.session.two.jdakka.017783.0013: MainProcess                     : MainThread     : INFO    : Load resource configurations for osg.xsede-virt-clust
2018-09-09 22:18:41,774: rp.session.two.jdakka.017783.0013: MainProcess                     : MainThread     : DEBUG   : read rcfg for osg.xsede-virt-clust (None)
2018-09-09 22:18:41,774: rp.session.two.jdakka.017783.0013: MainProcess                     : MainThread     : INFO    : Load resource configurations for osg.connect
2018-09-09 22:18:41,774: rp.session.two.jdakka.017783.0013: MainProcess                     : MainThread     : DEBUG   : read rcfg for osg.connect (None)
2018-09-09 22:18:41,774: rp.session.two.jdakka.017783.0013: MainProcess                     : MainThread     : INFO    : Load resource configurations from /home/jdakka/hyperspace/python-2.7-ve/local/lib/python2.7/site-packages/radical/pilot/configs/resource_xsede.json
2018-09-09 22:18:41,792: rp.session.two.jdakka.017783.0013: MainProcess                     : MainThread     : INFO    : Load resource configurations for xsede.gordon_ssh
2018-09-09 22:18:41,792: rp.session.two.jdakka.017783.0013: MainProcess                     : MainThread     : DEBUG   : read rcfg for xsede.gordon_ssh (None)
2018-09-09 22:18:41,792: rp.session.two.jdakka.017783.0013: MainProcess                     : MainThread     : INFO    : Load resource configurations for xsede.lonestar_ssh
2018-09-09 22:18:41,792: rp.session.two.jdakka.017783.0013: MainProcess                     : MainThread     : DEBUG   : read rcfg for xsede.lonestar_ssh (None)
2018-09-09 22:18:41,792: rp.session.two.jdakka.017783.0013: MainProcess                     : MainThread     : INFO    : Load resource configurations for xsede.supermic_spark
2018-09-09 22:18:41,792: rp.session.two.jdakka.017783.0013: MainProcess                     : MainThread     : DEBUG   : read rcfg for xsede.supermic_spark (20)
2018-09-09 22:18:41,792: rp.session.two.jdakka.017783.0013: MainProcess                     : MainThread     : INFO    : Load resource configurations for xsede.wrangler_yarn
2018-09-09 22:18:41,792: rp.session.two.jdakka.017783.0013: MainProcess                     : MainThread     : DEBUG   : read rcfg for xsede.wrangler_yarn (None)
2018-09-09 22:18:41,793: rp.session.two.jdakka.017783.0013: MainProcess                     : MainThread     : INFO    : Load resource configurations for xsede.blacklight_ssh
2018-09-09 22:18:41,793: rp.session.two.jdakka.017783.0013: MainProcess                     : MainThread     : DEBUG   : read rcfg for xsede.blacklight_ssh (16)
2018-09-09 22:18:41,793: rp.session.two.jdakka.017783.0013: MainProcess                     : MainThread     : INFO    : Load resource configurations for xsede.stampede_ortelib
2018-09-09 22:18:41,793: rp.session.two.jdakka.017783.0013: MainProcess                     : MainThread     : DEBUG   : read rcfg for xsede.stampede_ortelib (None)
2018-09-09 22:18:41,793: rp.session.two.jdakka.017783.0013: MainProcess                     : MainThread     : INFO    : Load resource configurations for xsede.stampede_yarn
2018-09-09 22:18:41,793: rp.session.two.jdakka.017783.0013: MainProcess                     : MainThread     : DEBUG   : read rcfg for xsede.stampede_yarn (None)
2018-09-09 22:18:41,793: rp.session.two.jdakka.017783.0013: MainProcess                     : MainThread     : INFO    : Load resource configurations for xsede.stampede_ssh
2018-09-09 22:18:41,793: rp.session.two.jdakka.017783.0013: MainProcess                     : MainThread     : DEBUG   : read rcfg for xsede.stampede_ssh (None)
2018-09-09 22:18:41,793: rp.session.two.jdakka.017783.0013: MainProcess                     : MainThread     : INFO    : Load resource configurations for xsede.greenfield
2018-09-09 22:18:41,794: rp.session.two.jdakka.017783.0013: MainProcess                     : MainThread     : DEBUG   : read rcfg for xsede.greenfield (15)
2018-09-09 22:18:41,794: rp.session.two.jdakka.017783.0013: MainProcess                     : MainThread     : INFO    : Load resource configurations for xsede.bridges
2018-09-09 22:18:41,794: rp.session.two.jdakka.017783.0013: MainProcess                     : MainThread     : DEBUG   : read rcfg for xsede.bridges (None)
2018-09-09 22:18:41,794: rp.session.two.jdakka.017783.0013: MainProcess                     : MainThread     : INFO    : Load resource configurations for xsede.trestles_ssh
2018-09-09 22:18:41,794: rp.session.two.jdakka.017783.0013: MainProcess                     : MainThread     : DEBUG   : read rcfg for xsede.trestles_ssh (None)
2018-09-09 22:18:41,794: rp.session.two.jdakka.017783.0013: MainProcess                     : MainThread     : INFO    : Load resource configurations for xsede.supermic_ortelib
2018-09-09 22:18:41,794: rp.session.two.jdakka.017783.0013: MainProcess                     : MainThread     : DEBUG   : read rcfg for xsede.supermic_ortelib (20)
2018-09-09 22:18:41,794: rp.session.two.jdakka.017783.0013: MainProcess                     : MainThread     : INFO    : Load resource configurations for xsede.stampede2_ssh
2018-09-09 22:18:41,795: rp.session.two.jdakka.017783.0013: MainProcess                     : MainThread     : DEBUG   : read rcfg for xsede.stampede2_ssh (68)
2018-09-09 22:18:41,795: rp.session.two.jdakka.017783.0013: MainProcess                     : MainThread     : INFO    : Load resource configurations for xsede.supermic_ssh
2018-09-09 22:18:41,795: rp.session.two.jdakka.017783.0013: MainProcess                     : MainThread     : DEBUG   : read rcfg for xsede.supermic_ssh (20)
2018-09-09 22:18:41,795: rp.session.two.jdakka.017783.0013: MainProcess                     : MainThread     : INFO    : Load resource configurations for xsede.wrangler_ssh
2018-09-09 22:18:41,795: rp.session.two.jdakka.017783.0013: MainProcess                     : MainThread     : DEBUG   : read rcfg for xsede.wrangler_ssh (None)
2018-09-09 22:18:41,795: rp.session.two.jdakka.017783.0013: MainProcess                     : MainThread     : INFO    : Load resource configurations for xsede.supermic_orte
2018-09-09 22:18:41,795: rp.session.two.jdakka.017783.0013: MainProcess                     : MainThread     : DEBUG   : read rcfg for xsede.supermic_orte (20)
2018-09-09 22:18:41,795: rp.session.two.jdakka.017783.0013: MainProcess                     : MainThread     : INFO    : Load resource configurations for xsede.wrangler_spark
2018-09-09 22:18:41,795: rp.session.two.jdakka.017783.0013: MainProcess                     : MainThread     : DEBUG   : read rcfg for xsede.wrangler_spark (None)
2018-09-09 22:18:41,795: rp.session.two.jdakka.017783.0013: MainProcess                     : MainThread     : INFO    : Load resource configurations for xsede.stampede_orte
2018-09-09 22:18:41,796: rp.session.two.jdakka.017783.0013: MainProcess                     : MainThread     : DEBUG   : read rcfg for xsede.stampede_orte (None)
2018-09-09 22:18:41,796: rp.session.two.jdakka.017783.0013: MainProcess                     : MainThread     : INFO    : Load resource configurations for xsede.comet_ortelib
2018-09-09 22:18:41,796: rp.session.two.jdakka.017783.0013: MainProcess                     : MainThread     : DEBUG   : read rcfg for xsede.comet_ortelib (24)
2018-09-09 22:18:41,796: rp.session.two.jdakka.017783.0013: MainProcess                     : MainThread     : INFO    : Load resource configurations for xsede.comet_orte
2018-09-09 22:18:41,796: rp.session.two.jdakka.017783.0013: MainProcess                     : MainThread     : DEBUG   : read rcfg for xsede.comet_orte (24)
2018-09-09 22:18:41,796: rp.session.two.jdakka.017783.0013: MainProcess                     : MainThread     : INFO    : Load resource configurations for xsede.comet_spark
2018-09-09 22:18:41,796: rp.session.two.jdakka.017783.0013: MainProcess                     : MainThread     : DEBUG   : read rcfg for xsede.comet_spark (24)
2018-09-09 22:18:41,796: rp.session.two.jdakka.017783.0013: MainProcess                     : MainThread     : INFO    : Load resource configurations for xsede.comet_ssh
2018-09-09 22:18:41,797: rp.session.two.jdakka.017783.0013: MainProcess                     : MainThread     : DEBUG   : read rcfg for xsede.comet_ssh (24)
2018-09-09 22:18:41,797: rp.session.two.jdakka.017783.0013: MainProcess                     : MainThread     : INFO    : Load resource configurations for xsede.stampede_spark
2018-09-09 22:18:41,797: rp.session.two.jdakka.017783.0013: MainProcess                     : MainThread     : DEBUG   : read rcfg for xsede.stampede_spark (None)
2018-09-09 22:18:41,797: rp.session.two.jdakka.017783.0013: MainProcess                     : MainThread     : INFO    : Load resource configurations from /home/jdakka/hyperspace/python-2.7-ve/local/lib/python2.7/site-packages/radical/pilot/configs/resource_nersc.json
2018-09-09 22:18:41,802: rp.session.two.jdakka.017783.0013: MainProcess                     : MainThread     : INFO    : Load resource configurations for nersc.edison_ccm_ssh
2018-09-09 22:18:41,802: rp.session.two.jdakka.017783.0013: MainProcess                     : MainThread     : DEBUG   : read rcfg for nersc.edison_ccm_ssh (None)
2018-09-09 22:18:41,802: rp.session.two.jdakka.017783.0013: MainProcess                     : MainThread     : INFO    : Load resource configurations for nersc.hopper_orte
2018-09-09 22:18:41,802: rp.session.two.jdakka.017783.0013: MainProcess                     : MainThread     : DEBUG   : read rcfg for nersc.hopper_orte (None)
2018-09-09 22:18:41,802: rp.session.two.jdakka.017783.0013: MainProcess                     : MainThread     : INFO    : Load resource configurations for nersc.hopper_ccm_ssh
2018-09-09 22:18:41,802: rp.session.two.jdakka.017783.0013: MainProcess                     : MainThread     : DEBUG   : read rcfg for nersc.hopper_ccm_ssh (24)
2018-09-09 22:18:41,802: rp.session.two.jdakka.017783.0013: MainProcess                     : MainThread     : INFO    : Load resource configurations for nersc.edison_aprun
2018-09-09 22:18:41,802: rp.session.two.jdakka.017783.0013: MainProcess                     : MainThread     : DEBUG   : read rcfg for nersc.edison_aprun (None)
2018-09-09 22:18:41,803: rp.session.two.jdakka.017783.0013: MainProcess                     : MainThread     : INFO    : Load resource configurations for nersc.hopper_aprun
2018-09-09 22:18:41,803: rp.session.two.jdakka.017783.0013: MainProcess                     : MainThread     : DEBUG   : read rcfg for nersc.hopper_aprun (24)
2018-09-09 22:18:41,803: rp.session.two.jdakka.017783.0013: MainProcess                     : MainThread     : INFO    : Load resource configurations for nersc.edison_orte
2018-09-09 22:18:41,803: rp.session.two.jdakka.017783.0013: MainProcess                     : MainThread     : DEBUG   : read rcfg for nersc.edison_orte (None)
2018-09-09 22:18:41,803: rp.session.two.jdakka.017783.0013: MainProcess                     : MainThread     : INFO    : Load resource configurations from /home/jdakka/hyperspace/python-2.7-ve/local/lib/python2.7/site-packages/radical/pilot/configs/resource_lrz.json
2018-09-09 22:18:41,804: rp.session.two.jdakka.017783.0013: MainProcess                     : MainThread     : INFO    : Load resource configurations for lrz.supermuc_ssh
2018-09-09 22:18:41,804: rp.session.two.jdakka.017783.0013: MainProcess                     : MainThread     : DEBUG   : read rcfg for lrz.supermuc_ssh (None)
2018-09-09 22:18:41,804: rp.session.two.jdakka.017783.0013: MainProcess                     : MainThread     : INFO    : Load resource configurations from /home/jdakka/hyperspace/python-2.7-ve/local/lib/python2.7/site-packages/radical/pilot/configs/resource_epsrc.json
2018-09-09 22:18:41,806: rp.session.two.jdakka.017783.0013: MainProcess                     : MainThread     : INFO    : Load resource configurations for epsrc.archer_orte
2018-09-09 22:18:41,806: rp.session.two.jdakka.017783.0013: MainProcess                     : MainThread     : DEBUG   : read rcfg for epsrc.archer_orte (None)
2018-09-09 22:18:41,806: rp.session.two.jdakka.017783.0013: MainProcess                     : MainThread     : INFO    : Load resource configurations for epsrc.archer_aprun
2018-09-09 22:18:41,806: rp.session.two.jdakka.017783.0013: MainProcess                     : MainThread     : DEBUG   : read rcfg for epsrc.archer_aprun (None)
2018-09-09 22:18:41,806: rp.session.two.jdakka.017783.0013: MainProcess                     : MainThread     : INFO    : Load resource configurations from /home/jdakka/hyperspace/python-2.7-ve/local/lib/python2.7/site-packages/radical/pilot/configs/resource_ncsa.json
2018-09-09 22:18:41,809: rp.session.two.jdakka.017783.0013: MainProcess                     : MainThread     : INFO    : Load resource configurations for ncsa.bw_orte
2018-09-09 22:18:41,810: rp.session.two.jdakka.017783.0013: MainProcess                     : MainThread     : DEBUG   : read rcfg for ncsa.bw_orte (None)
2018-09-09 22:18:41,810: rp.session.two.jdakka.017783.0013: MainProcess                     : MainThread     : INFO    : Load resource configurations for ncsa.bw_ccm_ssh
2018-09-09 22:18:41,810: rp.session.two.jdakka.017783.0013: MainProcess                     : MainThread     : DEBUG   : read rcfg for ncsa.bw_ccm_ssh (None)
2018-09-09 22:18:41,810: rp.session.two.jdakka.017783.0013: MainProcess                     : MainThread     : INFO    : Load resource configurations for ncsa.bw_ortelib
2018-09-09 22:18:41,810: rp.session.two.jdakka.017783.0013: MainProcess                     : MainThread     : DEBUG   : read rcfg for ncsa.bw_ortelib (None)
2018-09-09 22:18:41,810: rp.session.two.jdakka.017783.0013: MainProcess                     : MainThread     : INFO    : Load resource configurations for ncsa.bw_aprun
2018-09-09 22:18:41,810: rp.session.two.jdakka.017783.0013: MainProcess                     : MainThread     : DEBUG   : read rcfg for ncsa.bw_aprun (None)
2018-09-09 22:18:41,810: rp.session.two.jdakka.017783.0013: MainProcess                     : MainThread     : INFO    : Load resource configurations from /home/jdakka/hyperspace/python-2.7-ve/local/lib/python2.7/site-packages/radical/pilot/configs/resource_lumc.json
2018-09-09 22:18:41,812: rp.session.two.jdakka.017783.0013: MainProcess                     : MainThread     : INFO    : Load resource configurations for lumc.gb-ui_ssh
2018-09-09 22:18:41,812: rp.session.two.jdakka.017783.0013: MainProcess                     : MainThread     : DEBUG   : read rcfg for lumc.gb-ui_ssh (None)
2018-09-09 22:18:41,812: rp.session.two.jdakka.017783.0013: MainProcess                     : MainThread     : INFO    : Load resource configurations for lumc.shark_ssh
2018-09-09 22:18:41,812: rp.session.two.jdakka.017783.0013: MainProcess                     : MainThread     : DEBUG   : read rcfg for lumc.shark_ssh (None)
2018-09-09 22:18:41,812: rp.session.two.jdakka.017783.0013: MainProcess                     : MainThread     : INFO    : Load resource configurations from /home/jdakka/hyperspace/python-2.7-ve/local/lib/python2.7/site-packages/radical/pilot/configs/resource_das4.json
2018-09-09 22:18:41,813: rp.session.two.jdakka.017783.0013: MainProcess                     : MainThread     : INFO    : Load resource configurations for das4.fs2_ssh
2018-09-09 22:18:41,813: rp.session.two.jdakka.017783.0013: MainProcess                     : MainThread     : DEBUG   : read rcfg for das4.fs2_ssh (None)
2018-09-09 22:18:41,813: rp.session.two.jdakka.017783.0013: MainProcess                     : MainThread     : INFO    : Load resource configurations from /home/jdakka/hyperspace/python-2.7-ve/local/lib/python2.7/site-packages/radical/pilot/configs/resource_aliases.json
2018-09-09 22:18:41,813: rp.session.two.jdakka.017783.0013: MainProcess                     : MainThread     : INFO    : Load resource configurations from /home/jdakka/hyperspace/python-2.7-ve/local/lib/python2.7/site-packages/radical/pilot/configs/resource_futuregrid.json
2018-09-09 22:18:41,817: rp.session.two.jdakka.017783.0013: MainProcess                     : MainThread     : INFO    : Load resource configurations for futuregrid.delta_ssh
2018-09-09 22:18:41,817: rp.session.two.jdakka.017783.0013: MainProcess                     : MainThread     : DEBUG   : read rcfg for futuregrid.delta_ssh (None)
2018-09-09 22:18:41,817: rp.session.two.jdakka.017783.0013: MainProcess                     : MainThread     : INFO    : Load resource configurations for futuregrid.india_ssh
2018-09-09 22:18:41,818: rp.session.two.jdakka.017783.0013: MainProcess                     : MainThread     : DEBUG   : read rcfg for futuregrid.india_ssh (None)
2018-09-09 22:18:41,818: rp.session.two.jdakka.017783.0013: MainProcess                     : MainThread     : INFO    : Load resource configurations for futuregrid.echo_ssh
2018-09-09 22:18:41,818: rp.session.two.jdakka.017783.0013: MainProcess                     : MainThread     : DEBUG   : read rcfg for futuregrid.echo_ssh (None)
2018-09-09 22:18:41,818: rp.session.two.jdakka.017783.0013: MainProcess                     : MainThread     : INFO    : Load resource configurations for futuregrid.xray_ccm
2018-09-09 22:18:41,818: rp.session.two.jdakka.017783.0013: MainProcess                     : MainThread     : DEBUG   : read rcfg for futuregrid.xray_ccm (None)
2018-09-09 22:18:41,818: rp.session.two.jdakka.017783.0013: MainProcess                     : MainThread     : INFO    : Load resource configurations for futuregrid.bravo_ssh
2018-09-09 22:18:41,818: rp.session.two.jdakka.017783.0013: MainProcess                     : MainThread     : DEBUG   : read rcfg for futuregrid.bravo_ssh (None)
2018-09-09 22:18:41,818: rp.session.two.jdakka.017783.0013: MainProcess                     : MainThread     : INFO    : Load resource configurations for futuregrid.xray_aprun
2018-09-09 22:18:41,818: rp.session.two.jdakka.017783.0013: MainProcess                     : MainThread     : DEBUG   : read rcfg for futuregrid.xray_aprun (None)
2018-09-09 22:18:41,818: rp.session.two.jdakka.017783.0013: MainProcess                     : MainThread     : INFO    : Load resource configurations from /home/jdakka/hyperspace/python-2.7-ve/local/lib/python2.7/site-packages/radical/pilot/configs/resource_ornl.json
2018-09-09 22:18:41,822: rp.session.two.jdakka.017783.0013: MainProcess                     : MainThread     : INFO    : Load resource configurations for ornl.titan_orte
2018-09-09 22:18:41,823: rp.session.two.jdakka.017783.0013: MainProcess                     : MainThread     : DEBUG   : read rcfg for ornl.titan_orte (16)
2018-09-09 22:18:41,823: rp.session.two.jdakka.017783.0013: MainProcess                     : MainThread     : INFO    : Load resource configurations for ornl.titan_aprun
2018-09-09 22:18:41,823: rp.session.two.jdakka.017783.0013: MainProcess                     : MainThread     : DEBUG   : read rcfg for ornl.titan_aprun (None)
2018-09-09 22:18:41,823: rp.session.two.jdakka.017783.0013: MainProcess                     : MainThread     : INFO    : Load resource configurations for ornl.rhea
2018-09-09 22:18:41,823: rp.session.two.jdakka.017783.0013: MainProcess                     : MainThread     : DEBUG   : read rcfg for ornl.rhea (16)
2018-09-09 22:18:41,823: rp.session.two.jdakka.017783.0013: MainProcess                     : MainThread     : INFO    : Load resource configurations for ornl.rhea_aprun
2018-09-09 22:18:41,823: rp.session.two.jdakka.017783.0013: MainProcess                     : MainThread     : DEBUG   : read rcfg for ornl.rhea_aprun (None)
2018-09-09 22:18:41,823: rp.session.two.jdakka.017783.0013: MainProcess                     : MainThread     : INFO    : Load resource configurations for ornl.titan_ortelib
2018-09-09 22:18:41,824: rp.session.two.jdakka.017783.0013: MainProcess                     : MainThread     : DEBUG   : read rcfg for ornl.titan_ortelib (None)
2018-09-09 22:18:41,824: rp.session.two.jdakka.017783.0013: MainProcess                     : MainThread     : INFO    : Load resource configurations from /home/jdakka/hyperspace/python-2.7-ve/local/lib/python2.7/site-packages/radical/pilot/configs/resource_chameleon.json
2018-09-09 22:18:41,824: rp.session.two.jdakka.017783.0013: MainProcess                     : MainThread     : INFO    : Load resource configurations for chameleon.cloud_vm_yarn
2018-09-09 22:18:41,824: rp.session.two.jdakka.017783.0013: MainProcess                     : MainThread     : DEBUG   : read rcfg for chameleon.cloud_vm_yarn (None)
2018-09-09 22:18:41,825: rp.session.two.jdakka.017783.0013: MainProcess                     : MainThread     : INFO    : Load resource configurations from /home/jdakka/hyperspace/python-2.7-ve/local/lib/python2.7/site-packages/radical/pilot/configs/resource_vtarc_dt.json
2018-09-09 22:18:41,825: rp.session.two.jdakka.017783.0013: MainProcess                     : MainThread     : INFO    : Load resource configurations for vtarc_dt.stampede_ssh
2018-09-09 22:18:41,826: rp.session.two.jdakka.017783.0013: MainProcess                     : MainThread     : DEBUG   : read rcfg for vtarc_dt.stampede_ssh (None)
2018-09-09 22:18:41,826: rp.session.two.jdakka.017783.0013: MainProcess                     : MainThread     : INFO    : Load resource configurations from /home/jdakka/hyperspace/python-2.7-ve/local/lib/python2.7/site-packages/radical/pilot/configs/resource_iu.json
2018-09-09 22:18:41,827: rp.session.two.jdakka.017783.0013: MainProcess                     : MainThread     : INFO    : Load resource configurations for iu.bigred2_ccm_ssh
2018-09-09 22:18:41,827: rp.session.two.jdakka.017783.0013: MainProcess                     : MainThread     : DEBUG   : read rcfg for iu.bigred2_ccm_ssh (None)
2018-09-09 22:18:41,827: rp.session.two.jdakka.017783.0013: MainProcess                     : MainThread     : INFO    : Load resource configurations for iu.bigred2_aprun
2018-09-09 22:18:41,827: rp.session.two.jdakka.017783.0013: MainProcess                     : MainThread     : DEBUG   : read rcfg for iu.bigred2_aprun (None)
2018-09-09 22:18:41,827: rp.session.two.jdakka.017783.0013: MainProcess                     : MainThread     : INFO    : Load resource configurations from /home/jdakka/hyperspace/python-2.7-ve/local/lib/python2.7/site-packages/radical/pilot/configs/resource_local.json
2018-09-09 22:18:41,833: rp.session.two.jdakka.017783.0013: MainProcess                     : MainThread     : INFO    : Load resource configurations for local.localhost_orte
2018-09-09 22:18:41,833: rp.session.two.jdakka.017783.0013: MainProcess                     : MainThread     : DEBUG   : read rcfg for local.localhost_orte (None)
2018-09-09 22:18:41,833: rp.session.two.jdakka.017783.0013: MainProcess                     : MainThread     : INFO    : Load resource configurations for local.localhost_anaconda
2018-09-09 22:18:41,833: rp.session.two.jdakka.017783.0013: MainProcess                     : MainThread     : DEBUG   : read rcfg for local.localhost_anaconda (8)
2018-09-09 22:18:41,833: rp.session.two.jdakka.017783.0013: MainProcess                     : MainThread     : INFO    : Load resource configurations for local.localhost_ortelib
2018-09-09 22:18:41,833: rp.session.two.jdakka.017783.0013: MainProcess                     : MainThread     : DEBUG   : read rcfg for local.localhost_ortelib (None)
2018-09-09 22:18:41,833: rp.session.two.jdakka.017783.0013: MainProcess                     : MainThread     : INFO    : Load resource configurations for local.localhost_aprun
2018-09-09 22:18:41,833: rp.session.two.jdakka.017783.0013: MainProcess                     : MainThread     : DEBUG   : read rcfg for local.localhost_aprun (8)
2018-09-09 22:18:41,833: rp.session.two.jdakka.017783.0013: MainProcess                     : MainThread     : INFO    : Load resource configurations for local.localhost
2018-09-09 22:18:41,834: rp.session.two.jdakka.017783.0013: MainProcess                     : MainThread     : DEBUG   : read rcfg for local.localhost (8)
2018-09-09 22:18:41,834: rp.session.two.jdakka.017783.0013: MainProcess                     : MainThread     : INFO    : Load resource configurations for local.localhost_spark
2018-09-09 22:18:41,834: rp.session.two.jdakka.017783.0013: MainProcess                     : MainThread     : DEBUG   : read rcfg for local.localhost_spark (None)
2018-09-09 22:18:41,834: rp.session.two.jdakka.017783.0013: MainProcess                     : MainThread     : INFO    : Load resource configurations for local.localhost_spark_anaconda
2018-09-09 22:18:41,834: rp.session.two.jdakka.017783.0013: MainProcess                     : MainThread     : DEBUG   : read rcfg for local.localhost_spark_anaconda (None)
2018-09-09 22:18:41,834: rp.session.two.jdakka.017783.0013: MainProcess                     : MainThread     : INFO    : Load resource configurations for local.localhost_yarn
2018-09-09 22:18:41,834: rp.session.two.jdakka.017783.0013: MainProcess                     : MainThread     : DEBUG   : read rcfg for local.localhost_yarn (None)
2018-09-09 22:18:41,834: rp.session.two.jdakka.017783.0013: MainProcess                     : MainThread     : INFO    : Load resource configurations from /home/jdakka/hyperspace/python-2.7-ve/local/lib/python2.7/site-packages/radical/pilot/configs/resource_radical.json
2018-09-09 22:18:41,836: rp.session.two.jdakka.017783.0013: MainProcess                     : MainThread     : INFO    : Load resource configurations for radical.two
2018-09-09 22:18:41,837: rp.session.two.jdakka.017783.0013: MainProcess                     : MainThread     : DEBUG   : read rcfg for radical.two (None)
2018-09-09 22:18:41,837: rp.session.two.jdakka.017783.0013: MainProcess                     : MainThread     : INFO    : Load resource configurations for radical.tutorial
2018-09-09 22:18:41,837: rp.session.two.jdakka.017783.0013: MainProcess                     : MainThread     : DEBUG   : read rcfg for radical.tutorial (None)
2018-09-09 22:18:41,837: rp.session.two.jdakka.017783.0013: MainProcess                     : MainThread     : INFO    : Load resource configurations for radical.one
2018-09-09 22:18:41,837: rp.session.two.jdakka.017783.0013: MainProcess                     : MainThread     : DEBUG   : read rcfg for radical.one (None)
2018-09-09 22:18:41,837: rp.session.two.jdakka.017783.0013: MainProcess                     : MainThread     : INFO    : Load resource configurations from /home/jdakka/hyperspace/python-2.7-ve/local/lib/python2.7/site-packages/radical/pilot/configs/resource_ncar.json
2018-09-09 22:18:41,838: rp.session.two.jdakka.017783.0013: MainProcess                     : MainThread     : INFO    : Load resource configurations for ncar.cheyenne_mpirun
2018-09-09 22:18:41,839: rp.session.two.jdakka.017783.0013: MainProcess                     : MainThread     : DEBUG   : read rcfg for ncar.cheyenne_mpirun (None)
2018-09-09 22:18:41,839: rp.session.two.jdakka.017783.0013: MainProcess                     : MainThread     : INFO    : Load resource configurations for ncar.yellowstone_ssh
2018-09-09 22:18:41,839: rp.session.two.jdakka.017783.0013: MainProcess                     : MainThread     : DEBUG   : read rcfg for ncar.yellowstone_ssh (None)
2018-09-09 22:18:41,839: rp.session.two.jdakka.017783.0013: MainProcess                     : MainThread     : INFO    : Load resource configurations from /home/jdakka/hyperspace/python-2.7-ve/local/lib/python2.7/site-packages/radical/pilot/configs/resource_rice.json
2018-09-09 22:18:41,840: rp.session.two.jdakka.017783.0013: MainProcess                     : MainThread     : INFO    : Load resource configurations for rice.davinci_ssh
2018-09-09 22:18:41,840: rp.session.two.jdakka.017783.0013: MainProcess                     : MainThread     : DEBUG   : read rcfg for rice.davinci_ssh (None)
2018-09-09 22:18:41,840: rp.session.two.jdakka.017783.0013: MainProcess                     : MainThread     : INFO    : Load resource configurations for rice.biou_ssh
2018-09-09 22:18:41,841: rp.session.two.jdakka.017783.0013: MainProcess                     : MainThread     : DEBUG   : read rcfg for rice.biou_ssh (None)
2018-09-09 22:18:41,841: rp.session.two.jdakka.017783.0013: MainProcess                     : MainThread     : INFO    : Load resource configurations from /home/jdakka/hyperspace/python-2.7-ve/local/lib/python2.7/site-packages/radical/pilot/configs/resource_das5.json
2018-09-09 22:18:41,841: rp.session.two.jdakka.017783.0013: MainProcess                     : MainThread     : INFO    : Load resource configurations for das5.fs1_ssh
2018-09-09 22:18:41,841: rp.session.two.jdakka.017783.0013: MainProcess                     : MainThread     : DEBUG   : read rcfg for das5.fs1_ssh (None)
2018-09-09 22:18:43,149: rp.session.two.jdakka.017783.0013: MainProcess                     : MainThread     : INFO    : New Session created: rp.session.two.jdakka.017783.0013.
2018-09-09 22:18:43,150: rp.session.two.jdakka.017783.0013: MainProcess                     : MainThread     : DEBUG   : start bridges   : {u'control_pubsub': {u'bulk_size': 0, u'log_level': u'error', u'stall_hwm': 1},
 u'log_pubsub': {u'bulk_size': 0, u'log_level': u'error', u'stall_hwm': 1},
 u'state_pubsub': {u'bulk_size': 0, u'log_level': u'error', u'stall_hwm': 1}}
2018-09-09 22:18:43,151: rp.session.two.jdakka.017783.0013: MainProcess                     : MainThread     : INFO    : create bridge control_pubsub
2018-09-09 22:18:43,161: rp.session.two.jdakka.017783.0013: MainProcess                     : MainThread     : INFO    : created bridge control_pubsub (control.pubsub.bridge.0000)
2018-09-09 22:18:43,161: rp.session.two.jdakka.017783.0013: MainProcess                     : MainThread     : INFO    : create bridge state_pubsub
2018-09-09 22:18:43,168: rp.session.two.jdakka.017783.0013: MainProcess                     : MainThread     : INFO    : created bridge state_pubsub (state.pubsub.bridge.0000)
2018-09-09 22:18:43,168: rp.session.two.jdakka.017783.0013: MainProcess                     : MainThread     : INFO    : create bridge log_pubsub
2018-09-09 22:18:43,176: rp.session.two.jdakka.017783.0013: MainProcess                     : MainThread     : INFO    : created bridge log_pubsub (log.pubsub.bridge.0000)
2018-09-09 22:18:43,176: rp.session.two.jdakka.017783.0013: MainProcess                     : MainThread     : DEBUG   : start components: {u'UpdateWorker': {u'count': 1}}
2018-09-09 22:18:43,177: rp.session.two.jdakka.017783.0013: MainProcess                     : MainThread     : DEBUG   : start 1 component(s) UpdateWorker
2018-09-09 22:18:44,098: rp.session.two.jdakka.017783.0013: MainProcess                     : MainThread     : INFO    : rp.session.two.jdakka.017783.0013 starts update.0
2018-09-09 22:18:44,098: rp.session.two.jdakka.017783.0013: MainProcess                     : MainThread     : INFO    : radical.pilot version: 0.50.8
2018-09-09 22:18:44,098: rp.session.two.jdakka.017783.0013: MainProcess                     : MainThread     : INFO    : radical.saga  version: 0.50.0
2018-09-09 22:18:44,098: rp.session.two.jdakka.017783.0013: MainProcess                     : MainThread     : INFO    : radical.utils version: 0.50.2
2018-09-09 22:18:44,565: rp.session.two.jdakka.017783.0013: MainProcess                     : MainThread     : WARNING : using alias 'xsede.comet_orte' for deprecated resource key 'xsede.comet'
2018-09-09 22:18:44,565: rp.session.two.jdakka.017783.0013: MainProcess                     : MainThread     : DEBUG   : get rcfg 1 for xsede.comet_orte (24)
2018-09-09 22:18:44,565: rp.session.two.jdakka.017783.0013: MainProcess                     : MainThread     : DEBUG   : get rcfg 2 for xsede.comet_orte (24)
2018-09-09 22:18:44,566: rp.session.two.jdakka.017783.0013: MainProcess                     : MainThread     : WARNING : using alias 'xsede.comet_orte' for deprecated resource key 'xsede.comet'
2018-09-09 22:18:44,566: rp.session.two.jdakka.017783.0013: MainProcess                     : MainThread     : DEBUG   : get rcfg 1 for xsede.comet_orte (24)
2018-09-09 22:18:44,566: rp.session.two.jdakka.017783.0013: MainProcess                     : MainThread     : DEBUG   : get rcfg 2 for xsede.comet_orte (24)
2018-09-09 22:18:44,567: rp.session.two.jdakka.017783.0013: MainProcess                     : MainThread     : DEBUG   : rsup.PTYShell('gsissh://comet.sdsc.xsede.org/')
2018-09-09 22:18:49,561: rp.session.two.jdakka.017783.0013: MainProcess                     : MainThread     : DEBUG   : sandbox base gsissh://comet.sdsc.xsede.org/: '/home/jdakka'
2018-09-09 22:18:49,767: rp.session.two.jdakka.017783.0013: MainProcess                     : MainThread     : DEBUG   : bulk pilot insert result: {'nModified': 0, 'nUpserted': 0, 'nMatched': 0, 'writeErrors': [], 'upserted': [], 'writeConcernErrors': [], 'nRemoved': 0, 'nInserted': 1}
2018-09-09 22:18:49,774: rp.session.two.jdakka.017783.0013: pmgr.0000.launching.0           : MainThread     : WARNING : using alias 'xsede.comet_orte' for deprecated resource key 'xsede.comet'
2018-09-09 22:18:49,774: rp.session.two.jdakka.017783.0013: pmgr.0000.launching.0           : MainThread     : DEBUG   : get rcfg 1 for xsede.comet_orte (24)
2018-09-09 22:18:49,774: rp.session.two.jdakka.017783.0013: pmgr.0000.launching.0           : MainThread     : DEBUG   : get rcfg 2 for xsede.comet_orte (24)
2018-09-09 22:18:49,830: rp.session.two.jdakka.017783.0013: pmgr.0000.launching.0           : MainThread     : WARNING : using alias 'xsede.comet_orte' for deprecated resource key 'xsede.comet'
2018-09-09 22:18:49,830: rp.session.two.jdakka.017783.0013: pmgr.0000.launching.0           : MainThread     : DEBUG   : get rcfg 1 for xsede.comet_orte (24)
2018-09-09 22:18:49,830: rp.session.two.jdakka.017783.0013: pmgr.0000.launching.0           : MainThread     : DEBUG   : get rcfg 2 for xsede.comet_orte (24)
2018-09-09 22:18:49,831: rp.session.two.jdakka.017783.0013: pmgr.0000.launching.0           : MainThread     : DEBUG   : rsup.PTYShell('gsissh://comet.sdsc.xsede.org/')
2018-09-09 22:18:51,809: rp.session.two.jdakka.017783.0013: pmgr.0000.launching.0           : MainThread     : DEBUG   : sandbox base gsissh://comet.sdsc.xsede.org/: '/home/jdakka'
2018-09-09 22:19:50,172: rp.session.two.jdakka.017783.0013: task-manager                    : MainThread     : DEBUG   : bulk unit insert result: {'nModified': 0, 'nUpserted': 0, 'nMatched': 0, 'writeErrors': [], 'upserted': [], 'writeConcernErrors': [], 'nRemoved': 0, 'nInserted': 64}
2018-09-09 22:30:22,712: rp.session.two.jdakka.017783.0013: MainProcess                     : MainThread     : DEBUG   : session rp.session.two.jdakka.017783.0013 closing
2018-09-09 22:30:22,713: rp.session.two.jdakka.017783.0013: MainProcess                     : MainThread     : DEBUG   : session rp.session.two.jdakka.017783.0013 closes pmgr   pmgr.0000
2018-09-09 22:30:25,496: rp.session.two.jdakka.017783.0013: MainProcess                     : MainThread     : DEBUG   : session rp.session.two.jdakka.017783.0013 closed pmgr   pmgr.0000
2018-09-09 22:30:25,496: rp.session.two.jdakka.017783.0013: MainProcess                     : MainThread     : DEBUG   : session rp.session.two.jdakka.017783.0013 closes comp   update.0
2018-09-09 22:30:25,496: rp.session.two.jdakka.017783.0013: MainProcess                     : MainThread     : DEBUG   : update.0 stop called
2018-09-09 22:30:25,580: rp.session.two.jdakka.017783.0013: update.0                        : MainThread     : DEBUG   : update.0.child stop called
2018-09-09 22:30:25,783: rp.session.two.jdakka.017783.0013: update.0                        : MainThread     : DEBUG   : update.0.child stop called
2018-09-09 22:30:25,805: rp.session.two.jdakka.017783.0013: MainProcess                     : MainThread     : DEBUG   : session rp.session.two.jdakka.017783.0013 closed comp   update.0
2018-09-09 22:30:25,805: rp.session.two.jdakka.017783.0013: MainProcess                     : MainThread     : DEBUG   : session rp.session.two.jdakka.017783.0013 closes bridge control.pubsub.bridge.0000
2018-09-09 22:30:26,827: rp.session.two.jdakka.017783.0013: MainProcess                     : MainThread     : DEBUG   : session rp.session.two.jdakka.017783.0013 closed bridge control.pubsub.bridge.0000
2018-09-09 22:30:26,827: rp.session.two.jdakka.017783.0013: MainProcess                     : MainThread     : DEBUG   : session rp.session.two.jdakka.017783.0013 closes bridge state.pubsub.bridge.0000
2018-09-09 22:30:27,798: rp.session.two.jdakka.017783.0013: MainProcess                     : MainThread     : DEBUG   : session rp.session.two.jdakka.017783.0013 closed bridge state.pubsub.bridge.0000
2018-09-09 22:30:27,798: rp.session.two.jdakka.017783.0013: MainProcess                     : MainThread     : DEBUG   : session rp.session.two.jdakka.017783.0013 closes bridge log.pubsub.bridge.0000
2018-09-09 22:30:28,698: rp.session.two.jdakka.017783.0013: MainProcess                     : MainThread     : DEBUG   : session rp.session.two.jdakka.017783.0013 closed bridge log.pubsub.bridge.0000
2018-09-09 22:30:28,699: rp.session.two.jdakka.017783.0013: MainProcess                     : MainThread     : DEBUG   : session rp.session.two.jdakka.017783.0013 closes db (False)
2018-09-09 22:30:28,801: rp.session.two.jdakka.017783.0013: MainProcess                     : MainThread     : DEBUG   : session rp.session.two.jdakka.017783.0013 closed (delete=False)
2018-09-09 22:30:28,869: rp.session.two.jdakka.017783.0013: MainProcess                     : MainThread     : DEBUG   : update.0 stop called
2018-09-09 22:30:28,874: rp.session.two.jdakka.017783.0013: MainProcess                     : MainThread     : DEBUG   : start download
2018-09-09 22:30:30,437: rp.session.two.jdakka.017783.0013: MainProcess                     : MainThread     : INFO    : session written to /home/jdakka/hyperspace/hyperspace-RCT/null_workload/rp.session.two.jdakka.017783.0013/rp.session.two.jdakka.017783.0013.json
2018-09-09 22:30:31,338: rp.session.two.jdakka.017783.0013: MainProcess                     : MainThread     : DEBUG   : Session: rp.session.two.jdakka.017783.0013
2018-09-09 22:30:31,338: rp.session.two.jdakka.017783.0013: MainProcess                     : MainThread     : DEBUG   : Number of pilots in session: 1
2018-09-09 22:30:31,338: rp.session.two.jdakka.017783.0013: MainProcess                     : MainThread     : DEBUG   : processing pilot 'pilot.0000'
2018-09-09 22:30:33,303: rp.session.two.jdakka.017783.0013: MainProcess                     : MainThread     : INFO    : profiles tarball exists
2018-09-09 22:30:33,303: rp.session.two.jdakka.017783.0013: MainProcess                     : MainThread     : INFO    : fetch 'gsisftp://comet.sdsc.xsede.org/home/jdakka/radical.pilot.sandbox/rp.session.two.jdakka.017783.0013/pilot.0000/pilot.0000.prof.tgz' to 'file://localhost/home/jdakka/hyperspace/hyperspace-RCT/null_workload/rp.session.two.jdakka.017783.0013/'.
2018-09-09 22:30:35,992: rp.session.two.jdakka.017783.0013: MainProcess                     : MainThread     : INFO    : Extract tarball /home/jdakka/hyperspace/hyperspace-RCT/null_workload/rp.session.two.jdakka.017783.0013/pilot.0000.prof.tgz to '/home/jdakka/hyperspace/hyperspace-RCT/null_workload/rp.session.two.jdakka.017783.0013/'.
2018-09-09 22:30:36,792: rp.session.two.jdakka.017783.0013: MainProcess                     : MainThread     : INFO    : Session: rp.session.two.jdakka.017783.0013
2018-09-09 22:30:36,792: rp.session.two.jdakka.017783.0013: MainProcess                     : MainThread     : INFO    : Number of pilots in session: 1
2018-09-09 22:30:37,631: rp.session.two.jdakka.017783.0013: MainProcess                     : MainThread     : INFO    : logfiles tarball exists
2018-09-09 22:30:37,631: rp.session.two.jdakka.017783.0013: MainProcess                     : MainThread     : INFO    : Fetching 'gsisftp://comet.sdsc.xsede.org/home/jdakka/radical.pilot.sandbox/rp.session.two.jdakka.017783.0013/pilot.0000/pilot.0000.log.tgz' to 'file://localhost/home/jdakka/hyperspace/hyperspace-RCT/null_workload/rp.session.two.jdakka.017783.0013/'.
2018-09-09 22:30:40,301: rp.session.two.jdakka.017783.0013: MainProcess                     : MainThread     : DEBUG   : Extract tarball /home/jdakka/hyperspace/hyperspace-RCT/null_workload/rp.session.two.jdakka.017783.0013/pilot.0000.log.tgz to /home/jdakka/hyperspace/hyperspace-RCT/null_workload/rp.session.two.jdakka.017783.0013/
2018-09-09 22:30:40,318: rp.session.two.jdakka.017783.0013: MainProcess                     : MainThread     : INFO    : tarball /home/jdakka/hyperspace/hyperspace-RCT/null_workload/rp.session.two.jdakka.017783.0013/pilot.0000.log.tgz extracted to '/home/jdakka/hyperspace/hyperspace-RCT/null_workload/rp.session.two.jdakka.017783.0013//pilot.0000/'.
