2018-09-09 22:18:43,282: update.0.child      : update.0                        : MainThread     : INFO    : python.interpreter   version: 2.7.12 (default, Dec 4 2017, 14:50:18) [GCC 5.4.0 20160609]
2018-09-09 22:18:43,283: update.0.child      : update.0                        : MainThread     : INFO    :                      pid/tid: 4437/MainThread
2018-09-09 22:18:43,283: update.0.child      : update.0                        : MainThread     : INFO    : initialize update.0.child
2018-09-09 22:18:43,287: update.0.child      : update.0                        : MainThread     : INFO    : cfg: {'agents': {},
 u'bridges': {u'control_pubsub': {'addr_in': 'tcp://138.201.86.166:39460',
                                  'addr_out': 'tcp://138.201.86.166:42669',
                                  u'bulk_size': 0,
                                  u'log_level': u'error',
                                  u'stall_hwm': 1},
              u'log_pubsub': {'addr_in': 'tcp://138.201.86.166:41293',
                              'addr_out': 'tcp://138.201.86.166:40455',
                              u'bulk_size': 0,
                              u'log_level': u'error',
                              u'stall_hwm': 1},
              u'state_pubsub': {'addr_in': 'tcp://138.201.86.166:46555',
                                'addr_out': 'tcp://138.201.86.166:45143',
                                u'bulk_size': 0,
                                u'log_level': u'error',
                                u'stall_hwm': 1}},
 'cname': u'UpdateWorker',
 u'components': {},
 u'count': 1,
 'dburl': 'mongodb://username:password12@ds229609.mlab.com:29609/bridges-hyperspace',
 u'default_dburl': u'mongodb://rp:rp@ds015335.mlab.com:15335/rp',
 'logdir': '/home/jdakka/hyperspace/hyperspace-RCT/null_workload/rp.session.two.jdakka.017783.0013',
 'number': 0,
 'owner': 'rp.session.two.jdakka.017783.0013',
 'session_id': 'rp.session.two.jdakka.017783.0013'}
2018-09-09 22:18:43,287: update.0.child      : update.0                        : MainThread     : DEBUG   : start components: {}
2018-09-09 22:18:43,287: update.0.child      : update.0                        : MainThread     : DEBUG   : alive check in term
2018-09-09 22:18:43,287: update.0.child      : update.0                        : MainThread     : DEBUG   : START: update.0.child register publisher log_pubsub
2018-09-09 22:18:43,288: update.0.child      : update.0                        : MainThread     : DEBUG   : using addr tcp://138.201.86.166:41293 for pubsub log_pubsub
2018-09-09 22:18:43,291: update.0.child      : update.0                        : MainThread     : DEBUG   : registered publisher : log_pubsub : log.pubsub.pub.0000
2018-09-09 22:18:43,291: update.0.child      : update.0                        : MainThread     : DEBUG   : alive check in term
2018-09-09 22:18:43,292: update.0.child      : update.0                        : MainThread     : DEBUG   : START: update.0.child register publisher state_pubsub
2018-09-09 22:18:43,292: update.0.child      : update.0                        : MainThread     : DEBUG   : using addr tcp://138.201.86.166:46555 for pubsub state_pubsub
2018-09-09 22:18:43,294: update.0.child      : update.0                        : MainThread     : DEBUG   : registered publisher : state_pubsub : state.pubsub.pub.0000
2018-09-09 22:18:43,295: update.0.child      : update.0                        : MainThread     : DEBUG   : alive check in term
2018-09-09 22:18:43,295: update.0.child      : update.0                        : MainThread     : DEBUG   : START: update.0.child register publisher control_pubsub
2018-09-09 22:18:43,295: update.0.child      : update.0                        : MainThread     : DEBUG   : using addr tcp://138.201.86.166:39460 for pubsub control_pubsub
2018-09-09 22:18:43,316: update.0.child      : update.0                        : MainThread     : DEBUG   : registered publisher : control_pubsub : control.pubsub.pub.0000
2018-09-09 22:18:43,316: update.0.child      : update.0                        : MainThread     : DEBUG   : alive check in term
2018-09-09 22:18:43,316: update.0.child      : update.0                        : MainThread     : DEBUG   : START: update.0.child register subscriber update.0.child.subscriber._cancel_monitor_cb
2018-09-09 22:18:43,316: update.0.child      : update.0                        : MainThread     : DEBUG   : using addr tcp://138.201.86.166:42669 for pubsub control_pubsub
2018-09-09 22:18:43,320: update.0.child      : update.0                        : MainThread     : DEBUG   : parent name: update.0.child.subscriber._cancel_monitor_cb
2018-09-09 22:18:43,320: update.0.child      : update.0                        : MainThread     : DEBUG   : start thread
2018-09-09 22:18:43,321: update.0.child      : update.0                        : update.0.child.subscriber._cancel_monitor_cb: DEBUG   : child name: update.0.child.subscriber._cancel_monitor_cb.thread
2018-09-09 22:18:43,321: update.0.child      : update.0                        : update.0.child.subscriber._cancel_monitor_cb: INFO    : child (me) initializing
2018-09-09 22:18:43,321: update.0.child      : update.0                        : update.0.child.subscriber._cancel_monitor_cb: DEBUG   : ru_initialize_common (NOOP)
2018-09-09 22:18:43,321: update.0.child      : update.0                        : update.0.child.subscriber._cancel_monitor_cb: DEBUG   : ru_initialize_child (NOOP)
2018-09-09 22:18:43,321: update.0.child      : update.0                        : update.0.child.subscriber._cancel_monitor_cb: INFO    : send alive
2018-09-09 22:18:43,322: update.0.child      : update.0                        : update.0.child.subscriber._cancel_monitor_cb: INFO    : put message: [update.0.child.subscriber._cancel_monitor_cb.thread] alive
2018-09-09 22:18:43,322: update.0.child      : update.0                        : MainThread     : INFO    : get msg: alive
2018-09-09 22:18:43,323: update.0.child      : update.0                        : MainThread     : DEBUG   : ru_initialize_common (NOOP)
2018-09-09 22:18:43,323: update.0.child      : update.0                        : MainThread     : DEBUG   : ru_initialize_parent (NOOP)
2018-09-09 22:18:43,323: update.0.child      : update.0                        : MainThread     : DEBUG   : child thread update.0.child.subscriber._cancel_monitor_cb started
2018-09-09 22:18:43,323: update.0.child      : update.0                        : MainThread     : DEBUG   : update.0.child registered control_pubsub subscriber update.0.child.subscriber._cancel_monitor_cb
2018-09-09 22:18:44,071: update.0.child      : update.0                        : MainThread     : DEBUG   : alive check in term
2018-09-09 22:18:44,071: update.0.child      : update.0                        : MainThread     : DEBUG   : START: update.0.child register subscriber update.0.child.subscriber._state_cb
2018-09-09 22:18:44,072: update.0.child      : update.0                        : MainThread     : DEBUG   : using addr tcp://138.201.86.166:45143 for pubsub state_pubsub
2018-09-09 22:18:44,075: update.0.child      : update.0                        : MainThread     : DEBUG   : parent name: update.0.child.subscriber._state_cb
2018-09-09 22:18:44,077: update.0.child      : update.0                        : MainThread     : DEBUG   : start thread
2018-09-09 22:18:44,077: update.0.child      : update.0                        : update.0.child.subscriber._state_cb: DEBUG   : child name: update.0.child.subscriber._state_cb.thread
2018-09-09 22:18:44,078: update.0.child      : update.0                        : update.0.child.subscriber._state_cb: INFO    : child (me) initializing
2018-09-09 22:18:44,078: update.0.child      : update.0                        : update.0.child.subscriber._state_cb: DEBUG   : ru_initialize_common (NOOP)
2018-09-09 22:18:44,078: update.0.child      : update.0                        : update.0.child.subscriber._state_cb: DEBUG   : ru_initialize_child (NOOP)
2018-09-09 22:18:44,078: update.0.child      : update.0                        : update.0.child.subscriber._state_cb: INFO    : send alive
2018-09-09 22:18:44,078: update.0.child      : update.0                        : update.0.child.subscriber._state_cb: INFO    : put message: [update.0.child.subscriber._state_cb.thread] alive
2018-09-09 22:18:44,079: update.0.child      : update.0                        : MainThread     : INFO    : get msg: alive
2018-09-09 22:18:44,079: update.0.child      : update.0                        : MainThread     : DEBUG   : ru_initialize_common (NOOP)
2018-09-09 22:18:44,079: update.0.child      : update.0                        : MainThread     : DEBUG   : ru_initialize_parent (NOOP)
2018-09-09 22:18:44,079: update.0.child      : update.0                        : MainThread     : DEBUG   : child thread update.0.child.subscriber._state_cb started
2018-09-09 22:18:44,080: update.0.child      : update.0                        : MainThread     : DEBUG   : update.0.child registered state_pubsub subscriber update.0.child.subscriber._state_cb
2018-09-09 22:18:44,080: update.0.child      : update.0                        : MainThread     : DEBUG   : alive check in term
2018-09-09 22:18:44,080: update.0.child      : update.0                        : MainThread     : DEBUG   : START: update.0.child register idler update.0.child.idler._idle_cb
2018-09-09 22:18:44,080: update.0.child      : update.0                        : MainThread     : DEBUG   : parent name: update.0.child.idler._idle_cb
2018-09-09 22:18:44,080: update.0.child      : update.0                        : MainThread     : DEBUG   : start thread
2018-09-09 22:18:44,081: update.0.child      : update.0                        : update.0.child.idler._idle_cb: DEBUG   : child name: update.0.child.idler._idle_cb.thread
2018-09-09 22:18:44,081: update.0.child      : update.0                        : update.0.child.idler._idle_cb: INFO    : child (me) initializing
2018-09-09 22:18:44,081: update.0.child      : update.0                        : update.0.child.idler._idle_cb: DEBUG   : ru_initialize_common (NOOP)
2018-09-09 22:18:44,082: update.0.child      : update.0                        : update.0.child.idler._idle_cb: DEBUG   : ru_initialize_child (NOOP)
2018-09-09 22:18:44,082: update.0.child      : update.0                        : update.0.child.idler._idle_cb: INFO    : send alive
2018-09-09 22:18:44,082: update.0.child      : update.0                        : update.0.child.idler._idle_cb: INFO    : put message: [update.0.child.idler._idle_cb.thread] alive
2018-09-09 22:18:44,083: update.0.child      : update.0                        : MainThread     : INFO    : get msg: alive
2018-09-09 22:18:44,083: update.0.child      : update.0                        : MainThread     : DEBUG   : ru_initialize_common (NOOP)
2018-09-09 22:18:44,083: update.0.child      : update.0                        : MainThread     : DEBUG   : ru_initialize_parent (NOOP)
2018-09-09 22:18:44,083: update.0.child      : update.0                        : MainThread     : DEBUG   : child thread update.0.child.idler._idle_cb started
2018-09-09 22:18:44,083: update.0.child      : update.0                        : MainThread     : DEBUG   : update.0.child registered idler update.0.child.idler._idle_cb
2018-09-09 22:18:44,084: update.0.child      : update.0                        : MainThread     : INFO    : child (me) initializing
2018-09-09 22:18:44,084: update.0.child      : update.0                        : MainThread     : DEBUG   : parent name: update.0.child.watch
2018-09-09 22:18:44,084: update.0.child      : update.0                        : MainThread     : DEBUG   : start thread
2018-09-09 22:18:44,085: update.0.child      : update.0                        : update.0.child.watch: DEBUG   : child name: update.0.child.watch.thread
2018-09-09 22:18:44,085: update.0.child      : update.0                        : update.0.child.watch: INFO    : child (me) initializing
2018-09-09 22:18:44,085: update.0.child      : update.0                        : update.0.child.watch: DEBUG   : ru_initialize_common (NOOP)
2018-09-09 22:18:44,085: update.0.child      : update.0                        : update.0.child.watch: DEBUG   : ru_initialize_child (NOOP)
2018-09-09 22:18:44,085: update.0.child      : update.0                        : update.0.child.watch: INFO    : send alive
2018-09-09 22:18:44,086: update.0.child      : update.0                        : update.0.child.watch: INFO    : put message: [update.0.child.watch.thread] alive
2018-09-09 22:18:44,086: update.0.child      : update.0                        : MainThread     : INFO    : get msg: alive
2018-09-09 22:18:44,087: update.0.child      : update.0                        : MainThread     : DEBUG   : ru_initialize_common (NOOP)
2018-09-09 22:18:44,087: update.0.child      : update.0                        : MainThread     : DEBUG   : ru_initialize_parent (NOOP)
2018-09-09 22:18:44,087: update.0.child      : update.0                        : MainThread     : DEBUG   : child thread update.0.child.watch started
2018-09-09 22:18:44,087: update.0.child      : update.0                        : MainThread     : INFO    : child (me) is alive
2018-09-09 22:18:44,087: update.0.child      : update.0                        : MainThread     : INFO    : send alive
2018-09-09 22:18:44,087: update.0.child      : update.0                        : MainThread     : INFO    : send message: [update.0.child] alive
2018-09-09 22:18:49,873: update.0.child      : update.0                        : update.0.child.subscriber._state_cb: DEBUG   : bulk update result: {'nModified': 1, 'nUpserted': 0, 'nMatched': 1, 'writeErrors': [], 'upserted': [], 'writeConcernErrors': [], 'nRemoved': 0, 'nInserted': 0}
2018-09-09 22:18:49,874: update.0.child      : update.0                        : update.0.child.subscriber._cancel_monitor_cb: DEBUG   : command ignored: pilot_staging_input_request
2018-09-09 22:18:49,875: update.0.child      : update.0                        : update.0.child.subscriber._cancel_monitor_cb: DEBUG   : command ignored: pilot_staging_input_result
2018-09-09 22:18:51,206: update.0.child      : update.0                        : update.0.child.idler._idle_cb: DEBUG   : bulk update result: {'nModified': 1, 'nUpserted': 0, 'nMatched': 1, 'writeErrors': [], 'upserted': [], 'writeConcernErrors': [], 'nRemoved': 0, 'nInserted': 0}
2018-09-09 22:19:08,118: update.0.child      : update.0                        : update.0.child.subscriber._state_cb: DEBUG   : bulk update result: {'nModified': 1, 'nUpserted': 0, 'nMatched': 1, 'writeErrors': [], 'upserted': [], 'writeConcernErrors': [], 'nRemoved': 0, 'nInserted': 0}
2018-09-09 22:19:45,329: update.0.child      : update.0                        : update.0.child.subscriber._state_cb: DEBUG   : bulk update result: {'nModified': 1, 'nUpserted': 0, 'nMatched': 1, 'writeErrors': [], 'upserted': [], 'writeConcernErrors': [], 'nRemoved': 0, 'nInserted': 0}
2018-09-09 22:19:49,574: update.0.child      : update.0                        : update.0.child.subscriber._cancel_monitor_cb: DEBUG   : command ignored: add_pilots
2018-09-09 22:19:50,284: update.0.child      : update.0                        : update.0.child.subscriber._state_cb: DEBUG   : bulk update result: {'nModified': 64, 'nUpserted': 0, 'nMatched': 64, 'writeErrors': [], 'upserted': [], 'writeConcernErrors': [], 'nRemoved': 0, 'nInserted': 0}
2018-09-09 22:19:50,402: update.0.child      : update.0                        : update.0.child.subscriber._state_cb: DEBUG   : bulk update result: {'nModified': 128, 'nUpserted': 0, 'nMatched': 128, 'writeErrors': [], 'upserted': [], 'writeConcernErrors': [], 'nRemoved': 0, 'nInserted': 0}
2018-09-09 22:19:50,789: update.0.child      : update.0                        : update.0.child.subscriber._state_cb: DEBUG   : bulk update result: {'nModified': 128, 'nUpserted': 0, 'nMatched': 128, 'writeErrors': [], 'upserted': [], 'writeConcernErrors': [], 'nRemoved': 0, 'nInserted': 0}
2018-09-09 22:29:54,377: update.0.child      : update.0                        : update.0.child.subscriber._state_cb: DEBUG   : bulk update result: {'nModified': 62, 'nUpserted': 0, 'nMatched': 62, 'writeErrors': [], 'upserted': [], 'writeConcernErrors': [], 'nRemoved': 0, 'nInserted': 0}
2018-09-09 22:29:54,705: update.0.child      : update.0                        : update.0.child.subscriber._state_cb: DEBUG   : bulk update result: {'nModified': 124, 'nUpserted': 0, 'nMatched': 124, 'writeErrors': [], 'upserted': [], 'writeConcernErrors': [], 'nRemoved': 0, 'nInserted': 0}
2018-09-09 22:29:55,970: update.0.child      : update.0                        : update.0.child.subscriber._state_cb: DEBUG   : bulk update result: {'nModified': 2, 'nUpserted': 0, 'nMatched': 2, 'writeErrors': [], 'upserted': [], 'writeConcernErrors': [], 'nRemoved': 0, 'nInserted': 0}
2018-09-09 22:29:57,217: update.0.child      : update.0                        : update.0.child.idler._idle_cb: DEBUG   : bulk update result: {'nModified': 4, 'nUpserted': 0, 'nMatched': 4, 'writeErrors': [], 'upserted': [], 'writeConcernErrors': [], 'nRemoved': 0, 'nInserted': 0}
2018-09-09 22:30:15,493: update.0.child      : update.0                        : update.0.child.subscriber._cancel_monitor_cb: DEBUG   : command ignored: cancel_pilots
2018-09-09 22:30:22,750: update.0.child      : update.0                        : update.0.child.subscriber._state_cb: DEBUG   : bulk update result: {'nModified': 1, 'nUpserted': 0, 'nMatched': 1, 'writeErrors': [], 'upserted': [], 'writeConcernErrors': [], 'nRemoved': 0, 'nInserted': 0}
2018-09-09 22:30:22,750: update.0.child      : update.0                        : update.0.child.subscriber._cancel_monitor_cb: DEBUG   : command ignored: cancel_pilots
2018-09-09 22:30:25,550: update.0.child      : update.0                        : update.0.child.watch: INFO    : recv message: STOP
2018-09-09 22:30:25,550: update.0.child      : update.0                        : update.0.child.watch: INFO    : message received: STOP
2018-09-09 22:30:25,550: update.0.child      : update.0                        : update.0.child.watch: INFO    : STOP received: STOP
2018-09-09 22:30:25,550: update.0.child      : update.0                        : update.0.child.watch: INFO    : watcher closes
2018-09-09 22:30:25,550: update.0.child      : update.0                        : update.0.child.watch: INFO    : put message: [update.0.child.watch.thread] work finished
2018-09-09 22:30:25,550: update.0.child      : update.0                        : update.0.child.watch: DEBUG   : ru_finalize_child (NOOP)
2018-09-09 22:30:25,551: update.0.child      : update.0                        : update.0.child.watch: DEBUG   : ru_finalize_common (NOOP)
2018-09-09 22:30:25,551: update.0.child      : update.0                        : update.0.child.watch: INFO    : put message: [update.0.child.watch.thread] terminating
2018-09-09 22:30:25,580: update.0.child      : update.0                        : MainThread     : WARNING : alive check: proc invalid - stop [False - True]
2018-09-09 22:30:25,612: update.0.child      : update.0                        : MainThread     : INFO    : stop update.0.child (4437 : 4437 : MainThread) [radical.pilot.worker.update.Update.stop]
2018-09-09 22:30:25,649: update.0.child      : update.0                        : MainThread     : INFO    : parent stops child  4437 -> 4437 [update.0.child]
2018-09-09 22:30:25,649: update.0.child      : update.0                        : MainThread     : INFO    : send message: [update.0.child] STOP
2018-09-09 22:30:25,649: update.0.child      : update.0                        : MainThread     : WARNING : send failed ([Errno 9] Bad file descriptor) - terminate
2018-09-09 22:30:25,649: update.0.child      : update.0                        : MainThread     : DEBUG   : TERM : update.0.child unregister idler update.0.child.idler._idle_cb
2018-09-09 22:30:25,649: update.0.child      : update.0                        : MainThread     : INFO    : parent stops child
2018-09-09 22:30:25,649: update.0.child      : update.0                        : MainThread     : DEBUG   : ru_finalize_parent (NOOP)
2018-09-09 22:30:25,649: update.0.child      : update.0                        : MainThread     : DEBUG   : ru_finalize_common (NOOP)
2018-09-09 22:30:25,695: update.0.child      : update.0                        : update.0.child.idler._idle_cb: DEBUG   : ru_finalize_child (NOOP)
2018-09-09 22:30:25,696: update.0.child      : update.0                        : update.0.child.idler._idle_cb: DEBUG   : ru_finalize_common (NOOP)
2018-09-09 22:30:25,696: update.0.child      : update.0                        : update.0.child.idler._idle_cb: INFO    : put message: [update.0.child.idler._idle_cb.thread] terminating
2018-09-09 22:30:25,714: update.0.child      : update.0                        : MainThread     : DEBUG   : TERM : update.0.child unregistered idler update.0.child.idler._idle_cb
2018-09-09 22:30:25,714: update.0.child      : update.0                        : MainThread     : DEBUG   : TERM : update.0.child unregister subscriber update.0.child.subscriber._state_cb
2018-09-09 22:30:25,714: update.0.child      : update.0                        : MainThread     : DEBUG   : unregistered subscriber update.0.child.subscriber._state_cb
2018-09-09 22:30:25,714: update.0.child      : update.0                        : MainThread     : DEBUG   : ru_finalize_common()
2018-09-09 22:30:25,715: update.0.child      : update.0                        : MainThread     : DEBUG   : TERM : update.0.child unregister publisher log_pubsub
2018-09-09 22:30:25,716: update.0.child      : update.0                        : MainThread     : DEBUG   : unregistered publisher log_pubsub
2018-09-09 22:30:25,716: update.0.child      : update.0                        : MainThread     : DEBUG   : TERM : update.0.child unregister publisher state_pubsub
2018-09-09 22:30:25,717: update.0.child      : update.0                        : MainThread     : DEBUG   : unregistered publisher state_pubsub
2018-09-09 22:30:25,718: update.0.child      : update.0                        : MainThread     : DEBUG   : TERM : update.0.child unregister publisher control_pubsub
2018-09-09 22:30:25,719: update.0.child      : update.0                        : MainThread     : DEBUG   : unregistered publisher control_pubsub
2018-09-09 22:30:25,719: update.0.child      : update.0                        : MainThread     : DEBUG   : update.0.child close prof
2018-09-09 22:30:25,776: update.0.child      : update.0                        : MainThread     : INFO    : parent stops child
2018-09-09 22:30:25,777: update.0.child      : update.0                        : MainThread     : DEBUG   : ru_finalize_parent (NOOP)
2018-09-09 22:30:25,777: update.0.child      : update.0                        : MainThread     : DEBUG   : ru_finalize_common (NOOP)
2018-09-09 22:30:25,777: update.0.child      : update.0                        : MainThread     : INFO    : parent stops child
2018-09-09 22:30:25,777: update.0.child      : update.0                        : MainThread     : DEBUG   : ru_finalize_parent (NOOP)
2018-09-09 22:30:25,778: update.0.child      : update.0                        : update.0.child.subscriber._cancel_monitor_cb: DEBUG   : ru_finalize_child (NOOP)
2018-09-09 22:30:25,778: update.0.child      : update.0                        : update.0.child.subscriber._cancel_monitor_cb: INFO    : put message: [update.0.child.subscriber._cancel_monitor_cb.thread] terminating
2018-09-09 22:30:25,780: update.0.child      : update.0                        : MainThread     : INFO    : parent stops child
2018-09-09 22:30:25,780: update.0.child      : update.0                        : MainThread     : DEBUG   : ru_finalize_parent (NOOP)
2018-09-09 22:30:25,781: update.0.child      : update.0                        : update.0.child.subscriber._state_cb: DEBUG   : ru_finalize_child (NOOP)
2018-09-09 22:30:25,781: update.0.child      : update.0                        : update.0.child.subscriber._state_cb: INFO    : put message: [update.0.child.subscriber._state_cb.thread] terminating
2018-09-09 22:30:25,782: update.0.child      : update.0                        : MainThread     : INFO    : parent stops child
2018-09-09 22:30:25,783: update.0.child      : update.0                        : MainThread     : WARNING : super update.0.child is invalid
2018-09-09 22:30:25,783: update.0.child      : update.0                        : MainThread     : WARNING : component update.0.child is invalid
2018-09-09 22:30:25,785: update.0.child      : update.0                        : MainThread     : INFO    : stop update.0.child (4437 : 4437 : MainThread) [radical.pilot.worker.update.Update.stop]
2018-09-09 22:30:25,785: update.0.child      : update.0                        : MainThread     : DEBUG   : TERM : update.0.child unregister idler update.0.child.idler._idle_cb
2018-09-09 22:30:25,785: update.0.child      : update.0                        : MainThread     : WARNING : timed cb update.0.child.idler._idle_cb is not registered
2018-09-09 22:30:25,785: update.0.child      : update.0                        : MainThread     : DEBUG   : TERM : update.0.child unregister subscriber update.0.child.subscriber._state_cb
2018-09-09 22:30:25,785: update.0.child      : update.0                        : MainThread     : WARNING : subscriber _state_cb is not registered
2018-09-09 22:30:25,785: update.0.child      : update.0                        : MainThread     : DEBUG   : ru_finalize_common()
2018-09-09 22:30:25,786: update.0.child      : update.0                        : MainThread     : WARNING : publisher log_pubsub is not registered
2018-09-09 22:30:25,786: update.0.child      : update.0                        : MainThread     : WARNING : publisher state_pubsub is not registered
2018-09-09 22:30:25,786: update.0.child      : update.0                        : MainThread     : WARNING : publisher control_pubsub is not registered
2018-09-09 22:30:25,786: update.0.child      : update.0                        : MainThread     : DEBUG   : update.0.child close prof
2018-09-09 22:30:25,786: update.0.child      : update.0                        : MainThread     : INFO    : send message: [update.0.child] terminating
2018-09-09 22:30:25,786: update.0.child      : update.0                        : MainThread     : WARNING : send failed ([Errno 9] Bad file descriptor) - terminate
2018-09-09 22:30:25,786: update.0.child      : update.0                        : MainThread     : INFO    : parent stops child
2018-09-09 22:30:25,786: update.0.child      : update.0                        : MainThread     : INFO    : parent stops child
2018-09-09 22:30:25,787: update.0.child      : update.0                        : MainThread     : INFO    : parent stops child
