2018-09-09 22:18:43,184: update.0            : MainProcess                     : MainThread     : INFO    : python.interpreter   version: 2.7.12 (default, Dec 4 2017, 14:50:18) [GCC 5.4.0 20160609]
2018-09-09 22:18:43,184: update.0            : MainProcess                     : MainThread     : INFO    :                      pid/tid: 4062/MainThread
2018-09-09 22:18:43,185: update.0            : MainProcess                     : MainThread     : DEBUG   : alive check in term
2018-09-09 22:18:43,185: update.0            : MainProcess                     : MainThread     : DEBUG   : start process
2018-09-09 22:18:44,088: update.0            : MainProcess                     : MainThread     : INFO    : recv message: alive
2018-09-09 22:18:44,088: update.0            : MainProcess                     : MainThread     : INFO    : initialize update.0
2018-09-09 22:18:44,092: update.0            : MainProcess                     : MainThread     : INFO    : cfg: {'agents': {},
 u'bridges': {u'control_pubsub': {'addr_in': 'tcp://138.201.86.166:39460',
                                  'addr_out': 'tcp://138.201.86.166:42669',
                                  u'bulk_size': 0,
                                  u'log_level': u'error',
                                  u'stall_hwm': 1},
              u'log_pubsub': {'addr_in': 'tcp://138.201.86.166:41293',
                              'addr_out': 'tcp://138.201.86.166:40455',
                              u'bulk_size': 0,
                              u'log_level': u'error',
                              u'stall_hwm': 1},
              u'state_pubsub': {'addr_in': 'tcp://138.201.86.166:46555',
                                'addr_out': 'tcp://138.201.86.166:45143',
                                u'bulk_size': 0,
                                u'log_level': u'error',
                                u'stall_hwm': 1}},
 'cname': u'UpdateWorker',
 u'components': {},
 u'count': 1,
 'dburl': 'mongodb://username:password12@ds229609.mlab.com:29609/bridges-hyperspace',
 u'default_dburl': u'mongodb://rp:rp@ds015335.mlab.com:15335/rp',
 'logdir': '/home/jdakka/hyperspace/hyperspace-RCT/null_workload/rp.session.two.jdakka.017783.0013',
 'number': 0,
 'owner': 'rp.session.two.jdakka.017783.0013',
 'session_id': 'rp.session.two.jdakka.017783.0013'}
2018-09-09 22:18:44,092: update.0            : MainProcess                     : MainThread     : DEBUG   : alive check in term
2018-09-09 22:18:44,092: update.0            : MainProcess                     : MainThread     : DEBUG   : START: update.0 register publisher log_pubsub
2018-09-09 22:18:44,092: update.0            : MainProcess                     : MainThread     : DEBUG   : using addr tcp://138.201.86.166:41293 for pubsub log_pubsub
2018-09-09 22:18:44,094: update.0            : MainProcess                     : MainThread     : DEBUG   : registered publisher : log_pubsub : log.pubsub.pub.0000
2018-09-09 22:18:44,094: update.0            : MainProcess                     : MainThread     : DEBUG   : alive check in term
2018-09-09 22:18:44,094: update.0            : MainProcess                     : MainThread     : DEBUG   : START: update.0 register publisher state_pubsub
2018-09-09 22:18:44,094: update.0            : MainProcess                     : MainThread     : DEBUG   : using addr tcp://138.201.86.166:46555 for pubsub state_pubsub
2018-09-09 22:18:44,095: update.0            : MainProcess                     : MainThread     : DEBUG   : registered publisher : state_pubsub : state.pubsub.pub.0000
2018-09-09 22:18:44,095: update.0            : MainProcess                     : MainThread     : DEBUG   : alive check in term
2018-09-09 22:18:44,095: update.0            : MainProcess                     : MainThread     : DEBUG   : START: update.0 register publisher control_pubsub
2018-09-09 22:18:44,095: update.0            : MainProcess                     : MainThread     : DEBUG   : using addr tcp://138.201.86.166:39460 for pubsub control_pubsub
2018-09-09 22:18:44,096: update.0            : MainProcess                     : MainThread     : DEBUG   : registered publisher : control_pubsub : control.pubsub.pub.0000
2018-09-09 22:18:44,096: update.0            : MainProcess                     : MainThread     : DEBUG   : parent name: update.0.watch
2018-09-09 22:18:44,096: update.0            : MainProcess                     : MainThread     : DEBUG   : start thread
2018-09-09 22:18:44,096: update.0            : MainProcess                     : update.0.watch : DEBUG   : child name: update.0.watch.thread
2018-09-09 22:18:44,096: update.0            : MainProcess                     : update.0.watch : INFO    : child (me) initializing
2018-09-09 22:18:44,096: update.0            : MainProcess                     : update.0.watch : DEBUG   : ru_initialize_common (NOOP)
2018-09-09 22:18:44,097: update.0            : MainProcess                     : update.0.watch : DEBUG   : ru_initialize_child (NOOP)
2018-09-09 22:18:44,097: update.0            : MainProcess                     : update.0.watch : INFO    : send alive
2018-09-09 22:18:44,097: update.0            : MainProcess                     : update.0.watch : INFO    : put message: [update.0.watch.thread] alive
2018-09-09 22:18:44,098: update.0            : MainProcess                     : MainThread     : INFO    : get msg: alive
2018-09-09 22:18:44,098: update.0            : MainProcess                     : MainThread     : DEBUG   : ru_initialize_common (NOOP)
2018-09-09 22:18:44,098: update.0            : MainProcess                     : MainThread     : DEBUG   : ru_initialize_parent (NOOP)
2018-09-09 22:18:44,098: update.0            : MainProcess                     : MainThread     : DEBUG   : child thread update.0.watch started
2018-09-09 22:18:44,098: update.0            : MainProcess                     : MainThread     : INFO    : child is alive
2018-09-09 22:18:44,098: update.0            : MainProcess                     : MainThread     : DEBUG   : process class started child
2018-09-09 22:30:25,498: update.0            : MainProcess                     : MainThread     : INFO    : stop update.0 (4062 : 4437 : MainThread) [radical.pilot.worker.update.Update.stop]
2018-09-09 22:30:25,549: update.0            : MainProcess                     : MainThread     : INFO    : parent stops child  4062 -> 4437 [update.0]
2018-09-09 22:30:25,549: update.0            : MainProcess                     : MainThread     : INFO    : send message: [update.0] STOP
2018-09-09 22:30:25,549: update.0            : MainProcess                     : MainThread     : DEBUG   : ru_finalize_common()
2018-09-09 22:30:25,549: update.0            : MainProcess                     : MainThread     : DEBUG   : TERM : update.0 unregister publisher log_pubsub
2018-09-09 22:30:25,550: update.0            : MainProcess                     : MainThread     : DEBUG   : unregistered publisher log_pubsub
2018-09-09 22:30:25,551: update.0            : MainProcess                     : MainThread     : DEBUG   : TERM : update.0 unregister publisher state_pubsub
2018-09-09 22:30:25,552: update.0            : MainProcess                     : MainThread     : DEBUG   : unregistered publisher state_pubsub
2018-09-09 22:30:25,552: update.0            : MainProcess                     : MainThread     : DEBUG   : TERM : update.0 unregister publisher control_pubsub
2018-09-09 22:30:25,553: update.0            : MainProcess                     : MainThread     : DEBUG   : unregistered publisher control_pubsub
2018-09-09 22:30:25,554: update.0            : MainProcess                     : MainThread     : DEBUG   : update.0 close prof
2018-09-09 22:30:25,561: update.0            : MainProcess                     : update.0.watch : INFO    : recv message: 
2018-09-09 22:30:25,561: update.0            : MainProcess                     : update.0.watch : INFO    : message received: 
2018-09-09 22:30:25,561: update.0            : MainProcess                     : update.0.watch : WARNING : received empty string, parent closed ep
2018-09-09 22:30:25,562: update.0            : MainProcess                     : update.0.watch : INFO    : watcher closes
2018-09-09 22:30:25,562: update.0            : MainProcess                     : update.0.watch : INFO    : put message: [update.0.watch.thread] work finished
2018-09-09 22:30:25,562: update.0            : MainProcess                     : update.0.watch : DEBUG   : ru_finalize_child (NOOP)
2018-09-09 22:30:25,562: update.0            : MainProcess                     : update.0.watch : DEBUG   : ru_finalize_common (NOOP)
2018-09-09 22:30:25,562: update.0            : MainProcess                     : update.0.watch : INFO    : put message: [update.0.watch.thread] terminating
2018-09-09 22:30:25,590: update.0            : MainProcess                     : MainThread     : INFO    : parent stops child
2018-09-09 22:30:25,590: update.0            : MainProcess                     : MainThread     : DEBUG   : ru_finalize_parent (NOOP)
2018-09-09 22:30:25,590: update.0            : MainProcess                     : MainThread     : DEBUG   : ru_finalize_common (NOOP)
2018-09-09 22:30:28,871: update.0            : MainProcess                     : MainThread     : INFO    : stop update.0 (4062 : 4437 : MainThread) [radical.pilot.worker.update.Update.stop]
