2018-09-09 21:53:43,633: control.pubsub.sub.0001: pmgr.0000.launching.0           : MainThread     : INFO    : python.interpreter   version: 2.7.12 (default, Dec 4 2017, 14:50:18) [GCC 5.4.0 20160609]
2018-09-09 21:53:43,633: control.pubsub.sub.0001: pmgr.0000.launching.0           : MainThread     : INFO    :                      pid/tid: 9447/MainThread
2018-09-09 21:53:43,634: control.pubsub.sub.0001: pmgr.0000.launching.0           : MainThread     : INFO    : create control_pubsub - sub - tcp://138.201.86.166:35165
2018-09-09 21:53:43,634: control.pubsub.sub.0001: pmgr.0000.launching.0           : MainThread     : DEBUG   : start process
2018-09-09 21:53:43,635: control.pubsub.sub.0001: pmgr.0000.launching.0           : MainThread     : DEBUG   : ru_initialize_common (NOOP)
2018-09-09 21:53:43,635: control.pubsub.sub.0001: pmgr.0000.launching.0           : MainThread     : DEBUG   : ru_initialize_parent (NOOP)
2018-09-09 21:53:43,635: control.pubsub.sub.0001: pmgr.0000.launching.0           : MainThread     : DEBUG   : process class started (no child)
2018-09-09 21:54:46,075: control.pubsub.sub.0001: umgr.0000.staging.input.0       : MainThread     : INFO    : python.interpreter   version: 2.7.12 (default, Dec 4 2017, 14:50:18) [GCC 5.4.0 20160609]
2018-09-09 21:54:46,076: control.pubsub.sub.0001: umgr.0000.staging.input.0       : MainThread     : INFO    :                      pid/tid: 11986/MainThread
2018-09-09 21:54:46,076: control.pubsub.sub.0001: umgr.0000.staging.input.0       : MainThread     : INFO    : create control_pubsub - sub - tcp://138.201.86.166:35165
2018-09-09 21:54:46,076: control.pubsub.sub.0001: umgr.0000.staging.input.0       : MainThread     : DEBUG   : start process
2018-09-09 21:54:46,076: control.pubsub.sub.0001: umgr.0000.staging.input.0       : MainThread     : DEBUG   : ru_initialize_common (NOOP)
2018-09-09 21:54:46,076: control.pubsub.sub.0001: umgr.0000.staging.input.0       : MainThread     : DEBUG   : ru_initialize_parent (NOOP)
2018-09-09 21:54:46,076: control.pubsub.sub.0001: umgr.0000.staging.input.0       : MainThread     : DEBUG   : process class started (no child)
2018-09-09 21:54:46,485: control.pubsub.sub.0001: umgr.0000.staging.output.0      : MainThread     : INFO    : python.interpreter   version: 2.7.12 (default, Dec 4 2017, 14:50:18) [GCC 5.4.0 20160609]
2018-09-09 21:54:46,485: control.pubsub.sub.0001: umgr.0000.staging.output.0      : MainThread     : INFO    :                      pid/tid: 12023/MainThread
2018-09-09 21:54:46,485: control.pubsub.sub.0001: umgr.0000.staging.output.0      : MainThread     : INFO    : create control_pubsub - sub - tcp://138.201.86.166:35165
2018-09-09 21:54:46,485: control.pubsub.sub.0001: umgr.0000.staging.output.0      : MainThread     : DEBUG   : start process
2018-09-09 21:54:46,485: control.pubsub.sub.0001: umgr.0000.staging.output.0      : MainThread     : DEBUG   : ru_initialize_common (NOOP)
2018-09-09 21:54:46,485: control.pubsub.sub.0001: umgr.0000.staging.output.0      : MainThread     : DEBUG   : ru_initialize_parent (NOOP)
2018-09-09 21:54:46,485: control.pubsub.sub.0001: umgr.0000.staging.output.0      : MainThread     : DEBUG   : process class started (no child)
2018-09-09 21:54:47,153: control.pubsub.sub.0001: umgr.0000.scheduling.0          : MainThread     : INFO    : python.interpreter   version: 2.7.12 (default, Dec 4 2017, 14:50:18) [GCC 5.4.0 20160609]
2018-09-09 21:54:47,153: control.pubsub.sub.0001: umgr.0000.scheduling.0          : MainThread     : INFO    :                      pid/tid: 12066/MainThread
2018-09-09 21:54:47,153: control.pubsub.sub.0001: umgr.0000.scheduling.0          : MainThread     : INFO    : create control_pubsub - sub - tcp://138.201.86.166:35165
2018-09-09 21:54:47,153: control.pubsub.sub.0001: umgr.0000.scheduling.0          : MainThread     : DEBUG   : start process
2018-09-09 21:54:47,153: control.pubsub.sub.0001: umgr.0000.scheduling.0          : MainThread     : DEBUG   : ru_initialize_common (NOOP)
2018-09-09 21:54:47,153: control.pubsub.sub.0001: umgr.0000.scheduling.0          : MainThread     : DEBUG   : ru_initialize_parent (NOOP)
2018-09-09 21:54:47,153: control.pubsub.sub.0001: umgr.0000.scheduling.0          : MainThread     : DEBUG   : process class started (no child)
2018-09-09 22:05:12,093: control.pubsub.sub.0001: umgr.0000.staging.input.0       : MainThread     : INFO    : parent stops child  11986 -> None [control.pubsub.sub.0001]
2018-09-09 22:05:12,093: control.pubsub.sub.0001: umgr.0000.staging.input.0       : MainThread     : DEBUG   : ru_finalize_parent (NOOP)
2018-09-09 22:05:12,122: control.pubsub.sub.0001: umgr.0000.scheduling.0          : MainThread     : INFO    : parent stops child  12066 -> None [control.pubsub.sub.0001]
2018-09-09 22:05:12,122: control.pubsub.sub.0001: umgr.0000.scheduling.0          : MainThread     : DEBUG   : ru_finalize_parent (NOOP)
2018-09-09 22:05:12,397: control.pubsub.sub.0001: umgr.0000.staging.output.0      : MainThread     : INFO    : parent stops child  12023 -> None [control.pubsub.sub.0001]
2018-09-09 22:05:12,397: control.pubsub.sub.0001: umgr.0000.staging.output.0      : MainThread     : DEBUG   : ru_finalize_parent (NOOP)
