2018-09-09 21:53:43,587: pmgr.0000.launching.0.child: pmgr.0000.launching.0           : MainThread     : INFO    : python.interpreter   version: 2.7.12 (default, Dec 4 2017, 14:50:18) [GCC 5.4.0 20160609]
2018-09-09 21:53:43,588: pmgr.0000.launching.0.child: pmgr.0000.launching.0           : MainThread     : INFO    :                      pid/tid: 9447/MainThread
2018-09-09 21:53:43,588: pmgr.0000.launching.0.child: pmgr.0000.launching.0           : MainThread     : INFO    : initialize pmgr.0000.launching.0.child
2018-09-09 21:53:43,591: pmgr.0000.launching.0.child: pmgr.0000.launching.0           : MainThread     : INFO    : cfg: {'agents': {},
 u'bridges': {u'control_pubsub': {'addr_in': 'tcp://138.201.86.166:35124',
                                  'addr_out': 'tcp://138.201.86.166:35165',
                                  u'bulk_size': 0,
                                  u'log_level': u'error',
                                  u'stall_hwm': 1},
              u'log_pubsub': {'addr_in': 'tcp://138.201.86.166:38148',
                              'addr_out': 'tcp://138.201.86.166:37064',
                              u'bulk_size': 0,
                              u'log_level': u'error',
                              u'stall_hwm': 1},
              u'pmgr_launching_queue': {'addr_in': 'tcp://138.201.86.166:44977',
                                        'addr_out': 'tcp://138.201.86.166:40564',
                                        u'bulk_size': 0,
                                        u'log_level': u'error',
                                        u'stall_hwm': 1},
              u'state_pubsub': {'addr_in': 'tcp://138.201.86.166:46717',
                                'addr_out': 'tcp://138.201.86.166:39574',
                                u'bulk_size': 0,
                                u'log_level': u'error',
                                u'stall_hwm': 1}},
 'cname': u'PMGRLaunchingComponent',
 u'components': {},
 u'count': 1,
 u'db_poll_sleeptime': 10.0,
 'number': 0,
 'owner': 'pmgr.0000',
 'uid': 'pmgr.0000'}
2018-09-09 21:53:43,592: pmgr.0000.launching.0.child: pmgr.0000.launching.0           : MainThread     : DEBUG   : start components: {}
2018-09-09 21:53:43,592: pmgr.0000.launching.0.child: pmgr.0000.launching.0           : MainThread     : DEBUG   : alive check in term
2018-09-09 21:53:43,592: pmgr.0000.launching.0.child: pmgr.0000.launching.0           : MainThread     : DEBUG   : START: pmgr.0000.launching.0.child register publisher log_pubsub
2018-09-09 21:53:43,592: pmgr.0000.launching.0.child: pmgr.0000.launching.0           : MainThread     : DEBUG   : using addr tcp://138.201.86.166:38148 for pubsub log_pubsub
2018-09-09 21:53:43,596: pmgr.0000.launching.0.child: pmgr.0000.launching.0           : MainThread     : DEBUG   : registered publisher : log_pubsub : log.pubsub.pub.0001
2018-09-09 21:53:43,596: pmgr.0000.launching.0.child: pmgr.0000.launching.0           : MainThread     : DEBUG   : alive check in term
2018-09-09 21:53:43,596: pmgr.0000.launching.0.child: pmgr.0000.launching.0           : MainThread     : DEBUG   : START: pmgr.0000.launching.0.child register publisher state_pubsub
2018-09-09 21:53:43,596: pmgr.0000.launching.0.child: pmgr.0000.launching.0           : MainThread     : DEBUG   : using addr tcp://138.201.86.166:46717 for pubsub state_pubsub
2018-09-09 21:53:43,599: pmgr.0000.launching.0.child: pmgr.0000.launching.0           : MainThread     : DEBUG   : registered publisher : state_pubsub : state.pubsub.pub.0001
2018-09-09 21:53:43,599: pmgr.0000.launching.0.child: pmgr.0000.launching.0           : MainThread     : DEBUG   : alive check in term
2018-09-09 21:53:43,599: pmgr.0000.launching.0.child: pmgr.0000.launching.0           : MainThread     : DEBUG   : START: pmgr.0000.launching.0.child register publisher control_pubsub
2018-09-09 21:53:43,599: pmgr.0000.launching.0.child: pmgr.0000.launching.0           : MainThread     : DEBUG   : using addr tcp://138.201.86.166:35124 for pubsub control_pubsub
2018-09-09 21:53:43,602: pmgr.0000.launching.0.child: pmgr.0000.launching.0           : MainThread     : DEBUG   : registered publisher : control_pubsub : control.pubsub.pub.0001
2018-09-09 21:53:43,602: pmgr.0000.launching.0.child: pmgr.0000.launching.0           : MainThread     : DEBUG   : alive check in term
2018-09-09 21:53:43,603: pmgr.0000.launching.0.child: pmgr.0000.launching.0           : MainThread     : DEBUG   : START: pmgr.0000.launching.0.child register subscriber pmgr.0000.launching.0.child.subscriber._cancel_monitor_cb
2018-09-09 21:53:43,603: pmgr.0000.launching.0.child: pmgr.0000.launching.0           : MainThread     : DEBUG   : using addr tcp://138.201.86.166:35165 for pubsub control_pubsub
2018-09-09 21:53:43,620: pmgr.0000.launching.0.child: pmgr.0000.launching.0           : MainThread     : DEBUG   : parent name: pmgr.0000.launching.0.child.subscriber._cancel_monitor_cb
2018-09-09 21:53:43,620: pmgr.0000.launching.0.child: pmgr.0000.launching.0           : MainThread     : DEBUG   : start thread
2018-09-09 21:53:43,621: pmgr.0000.launching.0.child: pmgr.0000.launching.0           : pmgr.0000.launching.0.child.subscriber._cancel_monitor_cb: DEBUG   : child name: pmgr.0000.launching.0.child.subscriber._cancel_monitor_cb.thread
2018-09-09 21:53:43,621: pmgr.0000.launching.0.child: pmgr.0000.launching.0           : pmgr.0000.launching.0.child.subscriber._cancel_monitor_cb: INFO    : child (me) initializing
2018-09-09 21:53:43,621: pmgr.0000.launching.0.child: pmgr.0000.launching.0           : pmgr.0000.launching.0.child.subscriber._cancel_monitor_cb: DEBUG   : ru_initialize_common (NOOP)
2018-09-09 21:53:43,621: pmgr.0000.launching.0.child: pmgr.0000.launching.0           : pmgr.0000.launching.0.child.subscriber._cancel_monitor_cb: DEBUG   : ru_initialize_child (NOOP)
2018-09-09 21:53:43,622: pmgr.0000.launching.0.child: pmgr.0000.launching.0           : pmgr.0000.launching.0.child.subscriber._cancel_monitor_cb: INFO    : send alive
2018-09-09 21:53:43,622: pmgr.0000.launching.0.child: pmgr.0000.launching.0           : pmgr.0000.launching.0.child.subscriber._cancel_monitor_cb: INFO    : put message: [pmgr.0000.launching.0.child.subscriber._cancel_monitor_cb.thread] alive
2018-09-09 21:53:43,622: pmgr.0000.launching.0.child: pmgr.0000.launching.0           : MainThread     : INFO    : get msg: alive
2018-09-09 21:53:43,622: pmgr.0000.launching.0.child: pmgr.0000.launching.0           : MainThread     : DEBUG   : ru_initialize_common (NOOP)
2018-09-09 21:53:43,622: pmgr.0000.launching.0.child: pmgr.0000.launching.0           : MainThread     : DEBUG   : ru_initialize_parent (NOOP)
2018-09-09 21:53:43,623: pmgr.0000.launching.0.child: pmgr.0000.launching.0           : MainThread     : DEBUG   : child thread pmgr.0000.launching.0.child.subscriber._cancel_monitor_cb started
2018-09-09 21:53:43,623: pmgr.0000.launching.0.child: pmgr.0000.launching.0           : MainThread     : DEBUG   : pmgr.0000.launching.0.child registered control_pubsub subscriber pmgr.0000.launching.0.child.subscriber._cancel_monitor_cb
2018-09-09 21:53:43,623: pmgr.0000.launching.0.child: pmgr.0000.launching.0           : MainThread     : DEBUG   : alive check in term
2018-09-09 21:53:43,623: pmgr.0000.launching.0.child: pmgr.0000.launching.0           : MainThread     : DEBUG   : using addr tcp://138.201.86.166:40564 for input pmgr_launching_queue
2018-09-09 21:53:43,626: pmgr.0000.launching.0.child: pmgr.0000.launching.0           : MainThread     : DEBUG   : registered input pmgr.0000.launching.0.child.work.PMGR_LAUNCHING_PENDING
2018-09-09 21:53:43,626: pmgr.0000.launching.0.child: pmgr.0000.launching.0           : MainThread     : DEBUG   : START: pmgr.0000.launching.0.child register input PMGR_LAUNCHING_PENDING: pmgr.0000.launching.0.child.work.PMGR_LAUNCHING_PENDING
2018-09-09 21:53:43,626: pmgr.0000.launching.0.child: pmgr.0000.launching.0           : MainThread     : DEBUG   : registered worker work [PMGR_LAUNCHING_PENDING]
2018-09-09 21:53:43,626: pmgr.0000.launching.0.child: pmgr.0000.launching.0           : MainThread     : DEBUG   : alive check in term
2018-09-09 21:53:43,627: pmgr.0000.launching.0.child: pmgr.0000.launching.0           : MainThread     : DEBUG   : START: pmgr.0000.launching.0.child register idler pmgr.0000.launching.0.child.idler._pilot_watcher_cb
2018-09-09 21:53:43,627: pmgr.0000.launching.0.child: pmgr.0000.launching.0           : MainThread     : DEBUG   : parent name: pmgr.0000.launching.0.child.idler._pilot_watcher_cb
2018-09-09 21:53:43,627: pmgr.0000.launching.0.child: pmgr.0000.launching.0           : MainThread     : DEBUG   : start thread
2018-09-09 21:53:43,628: pmgr.0000.launching.0.child: pmgr.0000.launching.0           : pmgr.0000.launching.0.child.idler._pilot_watcher_cb: DEBUG   : child name: pmgr.0000.launching.0.child.idler._pilot_watcher_cb.thread
2018-09-09 21:53:43,628: pmgr.0000.launching.0.child: pmgr.0000.launching.0           : pmgr.0000.launching.0.child.idler._pilot_watcher_cb: INFO    : child (me) initializing
2018-09-09 21:53:43,628: pmgr.0000.launching.0.child: pmgr.0000.launching.0           : pmgr.0000.launching.0.child.idler._pilot_watcher_cb: DEBUG   : ru_initialize_common (NOOP)
2018-09-09 21:53:43,628: pmgr.0000.launching.0.child: pmgr.0000.launching.0           : pmgr.0000.launching.0.child.idler._pilot_watcher_cb: DEBUG   : ru_initialize_child (NOOP)
2018-09-09 21:53:43,628: pmgr.0000.launching.0.child: pmgr.0000.launching.0           : pmgr.0000.launching.0.child.idler._pilot_watcher_cb: INFO    : send alive
2018-09-09 21:53:43,628: pmgr.0000.launching.0.child: pmgr.0000.launching.0           : pmgr.0000.launching.0.child.idler._pilot_watcher_cb: INFO    : put message: [pmgr.0000.launching.0.child.idler._pilot_watcher_cb.thread] alive
2018-09-09 21:53:43,629: pmgr.0000.launching.0.child: pmgr.0000.launching.0           : MainThread     : INFO    : get msg: alive
2018-09-09 21:53:43,629: pmgr.0000.launching.0.child: pmgr.0000.launching.0           : MainThread     : DEBUG   : ru_initialize_common (NOOP)
2018-09-09 21:53:43,629: pmgr.0000.launching.0.child: pmgr.0000.launching.0           : MainThread     : DEBUG   : ru_initialize_parent (NOOP)
2018-09-09 21:53:43,629: pmgr.0000.launching.0.child: pmgr.0000.launching.0           : MainThread     : DEBUG   : child thread pmgr.0000.launching.0.child.idler._pilot_watcher_cb started
2018-09-09 21:53:43,630: pmgr.0000.launching.0.child: pmgr.0000.launching.0           : MainThread     : DEBUG   : pmgr.0000.launching.0.child registered idler pmgr.0000.launching.0.child.idler._pilot_watcher_cb
2018-09-09 21:53:43,630: pmgr.0000.launching.0.child: pmgr.0000.launching.0           : MainThread     : DEBUG   : alive check in term
2018-09-09 21:53:43,631: pmgr.0000.launching.0.child: pmgr.0000.launching.0           : MainThread     : DEBUG   : START: pmgr.0000.launching.0.child register subscriber pmgr.0000.launching.0.child.subscriber._pmgr_control_cb
2018-09-09 21:53:43,631: pmgr.0000.launching.0.child: pmgr.0000.launching.0           : MainThread     : DEBUG   : using addr tcp://138.201.86.166:35165 for pubsub control_pubsub
2018-09-09 21:53:43,636: pmgr.0000.launching.0.child: pmgr.0000.launching.0           : MainThread     : DEBUG   : parent name: pmgr.0000.launching.0.child.subscriber._pmgr_control_cb
2018-09-09 21:53:43,636: pmgr.0000.launching.0.child: pmgr.0000.launching.0           : MainThread     : DEBUG   : start thread
2018-09-09 21:53:43,636: pmgr.0000.launching.0.child: pmgr.0000.launching.0           : pmgr.0000.launching.0.child.subscriber._pmgr_control_cb: DEBUG   : child name: pmgr.0000.launching.0.child.subscriber._pmgr_control_cb.thread
2018-09-09 21:53:43,637: pmgr.0000.launching.0.child: pmgr.0000.launching.0           : pmgr.0000.launching.0.child.subscriber._pmgr_control_cb: INFO    : child (me) initializing
2018-09-09 21:53:43,637: pmgr.0000.launching.0.child: pmgr.0000.launching.0           : pmgr.0000.launching.0.child.subscriber._pmgr_control_cb: DEBUG   : ru_initialize_common (NOOP)
2018-09-09 21:53:43,637: pmgr.0000.launching.0.child: pmgr.0000.launching.0           : pmgr.0000.launching.0.child.subscriber._pmgr_control_cb: DEBUG   : ru_initialize_child (NOOP)
2018-09-09 21:53:43,637: pmgr.0000.launching.0.child: pmgr.0000.launching.0           : pmgr.0000.launching.0.child.subscriber._pmgr_control_cb: INFO    : send alive
2018-09-09 21:53:43,638: pmgr.0000.launching.0.child: pmgr.0000.launching.0           : pmgr.0000.launching.0.child.subscriber._pmgr_control_cb: INFO    : put message: [pmgr.0000.launching.0.child.subscriber._pmgr_control_cb.thread] alive
2018-09-09 21:53:43,638: pmgr.0000.launching.0.child: pmgr.0000.launching.0           : MainThread     : INFO    : get msg: alive
2018-09-09 21:53:43,639: pmgr.0000.launching.0.child: pmgr.0000.launching.0           : MainThread     : DEBUG   : ru_initialize_common (NOOP)
2018-09-09 21:53:43,639: pmgr.0000.launching.0.child: pmgr.0000.launching.0           : MainThread     : DEBUG   : ru_initialize_parent (NOOP)
2018-09-09 21:53:43,639: pmgr.0000.launching.0.child: pmgr.0000.launching.0           : MainThread     : DEBUG   : child thread pmgr.0000.launching.0.child.subscriber._pmgr_control_cb started
2018-09-09 21:53:43,642: pmgr.0000.launching.0.child: pmgr.0000.launching.0           : pmgr.0000.launching.0.child.idler._pilot_watcher_cb: DEBUG   : bulk states: []
2018-09-09 21:53:43,642: pmgr.0000.launching.0.child: pmgr.0000.launching.0           : MainThread     : DEBUG   : pmgr.0000.launching.0.child registered control_pubsub subscriber pmgr.0000.launching.0.child.subscriber._pmgr_control_cb
2018-09-09 21:53:43,642: pmgr.0000.launching.0.child: pmgr.0000.launching.0           : MainThread     : INFO    : ('0.50.8', '0.50.8', None, None, 'radical.pilot-0.50.8.tar.gz', '/home/jdakka/hyperspace/python-2.7-ve/local/lib/python2.7/site-packages/radical/pilot/pmgr/launching/../..//radical.pilot-0.50.8.tar.gz')
2018-09-09 21:53:43,643: pmgr.0000.launching.0.child: pmgr.0000.launching.0           : MainThread     : INFO    : child (me) initializing
2018-09-09 21:53:43,643: pmgr.0000.launching.0.child: pmgr.0000.launching.0           : MainThread     : DEBUG   : parent name: pmgr.0000.launching.0.child.watch
2018-09-09 21:53:43,644: pmgr.0000.launching.0.child: pmgr.0000.launching.0           : MainThread     : DEBUG   : start thread
2018-09-09 21:53:43,644: pmgr.0000.launching.0.child: pmgr.0000.launching.0           : pmgr.0000.launching.0.child.watch: DEBUG   : child name: pmgr.0000.launching.0.child.watch.thread
2018-09-09 21:53:43,644: pmgr.0000.launching.0.child: pmgr.0000.launching.0           : pmgr.0000.launching.0.child.watch: INFO    : child (me) initializing
2018-09-09 21:53:43,644: pmgr.0000.launching.0.child: pmgr.0000.launching.0           : pmgr.0000.launching.0.child.watch: DEBUG   : ru_initialize_common (NOOP)
2018-09-09 21:53:43,644: pmgr.0000.launching.0.child: pmgr.0000.launching.0           : pmgr.0000.launching.0.child.watch: DEBUG   : ru_initialize_child (NOOP)
2018-09-09 21:53:43,645: pmgr.0000.launching.0.child: pmgr.0000.launching.0           : pmgr.0000.launching.0.child.watch: INFO    : send alive
2018-09-09 21:53:43,645: pmgr.0000.launching.0.child: pmgr.0000.launching.0           : pmgr.0000.launching.0.child.watch: INFO    : put message: [pmgr.0000.launching.0.child.watch.thread] alive
2018-09-09 21:53:43,646: pmgr.0000.launching.0.child: pmgr.0000.launching.0           : MainThread     : INFO    : get msg: alive
2018-09-09 21:53:43,646: pmgr.0000.launching.0.child: pmgr.0000.launching.0           : MainThread     : DEBUG   : ru_initialize_common (NOOP)
2018-09-09 21:53:43,646: pmgr.0000.launching.0.child: pmgr.0000.launching.0           : MainThread     : DEBUG   : ru_initialize_parent (NOOP)
2018-09-09 21:53:43,646: pmgr.0000.launching.0.child: pmgr.0000.launching.0           : MainThread     : DEBUG   : child thread pmgr.0000.launching.0.child.watch started
2018-09-09 21:53:43,647: pmgr.0000.launching.0.child: pmgr.0000.launching.0           : MainThread     : INFO    : child (me) is alive
2018-09-09 21:53:43,647: pmgr.0000.launching.0.child: pmgr.0000.launching.0           : MainThread     : INFO    : send alive
2018-09-09 21:53:43,647: pmgr.0000.launching.0.child: pmgr.0000.launching.0           : MainThread     : INFO    : send message: [pmgr.0000.launching.0.child] alive
2018-09-09 21:53:49,464: pmgr.0000.launching.0.child: pmgr.0000.launching.0           : pmgr.0000.launching.0.child.subscriber._pmgr_control_cb: DEBUG   : launcher got {'cmd': 'pilot_staging_input_request', 'arg': {'pilot': {'resource_sandbox': 'gsisftp://comet.sdsc.xsede.org/home/jdakka/radical.pilot.sandbox', 'resource_details': None, 'resource': 'xsede.comet', 'uid': 'pilot.0000', 'pmgr': 'pmgr.0000', 'stdout': None, 'js_url': 'slurm+gsissh://comet.sdsc.xsede.org/', 'state': 'PMGR_LAUNCHING_PENDING', 'session': 'rp.session.two.jdakka.017783.0011', 'log': None, 'stderr': None, 'js_hop': 'gsissh://comet.sdsc.xsede.org/', 'client_sandbox': '/home/jdakka/hyperspace/hyperspace-RCT/null_workload', 'type': 'pilot', 'pilot_sandbox': 'gsisftp://comet.sdsc.xsede.org/home/jdakka/radical.pilot.sandbox/rp.session.two.jdakka.017783.0011/pilot.0000/', 'description': {'queue': 'compute', 'resource': 'xsede.comet', 'exit_on_error': False, 'candidate_hosts': None, 'project': 'unc100', 'sandbox': None, 'cleanup': None, 'access_schema': 'gsissh', 'gpus': 0, 'memory': None, 'cores': 1536, 'runtime': 30}}, 'sds': []}}
2018-09-09 21:53:49,465: pmgr.0000.launching.0.child: pmgr.0000.launching.0           : MainThread     : DEBUG   : got pilot (pilot.0000)
2018-09-09 21:53:49,466: pmgr.0000.launching.0.child: pmgr.0000.launching.0           : pmgr.0000.launching.0.child.subscriber._cancel_monitor_cb: DEBUG   : command ignored: pilot_staging_input_request
2018-09-09 21:53:49,466: pmgr.0000.launching.0.child: pmgr.0000.launching.0           : pmgr.0000.launching.0.child.subscriber._pmgr_control_cb: DEBUG   : launcher got {'cmd': 'pilot_staging_input_result', 'arg': {'pilot': {'resource_sandbox': 'gsisftp://comet.sdsc.xsede.org/home/jdakka/radical.pilot.sandbox', 'resource_details': None, 'resource': 'xsede.comet', 'uid': 'pilot.0000', 'pmgr': 'pmgr.0000', 'stdout': None, 'description': {'project': 'unc100', 'resource': 'xsede.comet', 'exit_on_error': False, 'cores': 1536, 'candidate_hosts': None, 'queue': 'compute', 'sandbox': None, 'cleanup': None, 'access_schema': 'gsissh', 'memory': None, 'gpus': 0, 'runtime': 30}, 'state': 'PMGR_LAUNCHING_PENDING', 'session': 'rp.session.two.jdakka.017783.0011', 'client_sandbox': '/home/jdakka/hyperspace/hyperspace-RCT/null_workload', 'log': None, 'stderr': None, 'js_hop': 'gsissh://comet.sdsc.xsede.org/', 'type': 'pilot', 'pilot_sandbox': 'gsisftp://comet.sdsc.xsede.org/home/jdakka/radical.pilot.sandbox/rp.session.two.jdakka.017783.0011/pilot.0000/', 'js_url': 'slurm+gsissh://comet.sdsc.xsede.org/'}, 'sds': []}}
2018-09-09 21:53:49,467: pmgr.0000.launching.0.child: pmgr.0000.launching.0           : MainThread     : DEBUG   : advance bulk size: 1 [False, True]
2018-09-09 21:53:49,467: pmgr.0000.launching.0.child: pmgr.0000.launching.0           : MainThread     : INFO    : Launching pilots on xsede.comet: ['pilot.0000']
2018-09-09 21:53:51,626: pmgr.0000.launching.0.child: pmgr.0000.launching.0           : MainThread     : DEBUG   : 24
2018-09-09 21:53:51,630: pmgr.0000.launching.0.child: pmgr.0000.launching.0           : MainThread     : DEBUG   : {'agent_config': 'default',
 'agent_launch_method': 'ORTE',
 'agent_scheduler': 'CONTINUOUS',
 'agent_spawner': 'POPEN',
 'cores_per_node': 24,
 'default_queue': 'compute',
 'description': "The Comet HPC resource at SDSC 'HPC for the 99%' (http://www.sdsc.edu/services/hpc/hpc_systems.html#comet).",
 'filesystem_endpoint': 'gsisftp://comet.sdsc.xsede.org/',
 'gsissh': {'filesystem_endpoint': 'gsisftp://comet.sdsc.xsede.org/',
            'job_manager_endpoint': 'slurm+gsissh://comet.sdsc.xsede.org/'},
 'job_manager_endpoint': 'slurm+gsissh://comet.sdsc.xsede.org/',
 'label': 'xsede.comet_orte',
 'lrms': 'SLURM',
 'mandatory_args': ['project'],
 'mpi_launch_method': 'ORTE',
 'notes': 'Always set the ``project`` attribute in the ComputePilotDescription or the pilot will fail.',
 'pre_bootstrap_0': ['module use --append /home/amerzky/ompi/modules',
                     'module load python',
                     'module load openmpi/2017_02_17_6da4dbb'],
 'python_dist': 'default',
 'rp_version': 'local',
 'schemas': ['ssh', 'gsissh'],
 'ssh': {'filesystem_endpoint': 'sftp://comet.sdsc.xsede.org/',
         'job_manager_endpoint': 'slurm+ssh://comet.sdsc.xsede.org/'},
 'task_launch_method': 'ORTE',
 'valid_roots': ['/home'],
 'virtenv_mode': 'create'}
2018-09-09 21:53:51,630: pmgr.0000.launching.0.child: pmgr.0000.launching.0           : MainThread     : INFO    : Read agent config file: /home/jdakka/hyperspace/python-2.7-ve/local/lib/python2.7/site-packages/radical/pilot/pmgr/launching/../..//configs/agent_default.json
2018-09-09 21:53:51,632: pmgr.0000.launching.0.child: pmgr.0000.launching.0           : MainThread     : DEBUG   : Write agent cfg to '/tmp/rp.agent_cfg.SmswZm'.
2018-09-09 21:53:51,641: pmgr.0000.launching.0.child: pmgr.0000.launching.0           : MainThread     : DEBUG   : {'agent_launch_method': 'ORTE',
 u'bridges': {u'agent_executing_queue': {u'bulk_size': 0,
                                         u'log_level': u'error',
                                         u'stall_hwm': 1},
              u'agent_schedule_pubsub': {u'bulk_size': 0,
                                         u'log_level': u'error',
                                         u'stall_hwm': 1},
              u'agent_scheduling_queue': {u'bulk_size': 0,
                                          u'log_level': u'error',
                                          u'stall_hwm': 1},
              u'agent_staging_input_queue': {u'bulk_size': 0,
                                             u'log_level': u'error',
                                             u'stall_hwm': 1},
              u'agent_staging_output_queue': {u'bulk_size': 0,
                                              u'log_level': u'error',
                                              u'stall_hwm': 1},
              u'agent_unschedule_pubsub': {u'bulk_size': 0,
                                           u'log_level': u'error',
                                           u'stall_hwm': 1},
              u'control_pubsub': {u'bulk_size': 0,
                                  u'log_level': u'error',
                                  u'stall_hwm': 1},
              u'log_pubsub': {u'bulk_size': 0,
                              u'log_level': u'error',
                              u'stall_hwm': 1},
              u'state_pubsub': {u'bulk_size': 0,
                                u'log_level': u'error',
                                u'stall_hwm': 1}},
 u'bulk_collection_size': 100,
 u'bulk_collection_time': 1.0,
 u'components': {u'AgentExecutingComponent': {u'count': 1},
                 u'AgentSchedulingComponent': {u'count': 1},
                 u'AgentStagingInputComponent': {u'count': 1},
                 u'AgentStagingOutputComponent': {u'count': 1},
                 u'UpdateWorker': {u'count': 1}},
 'cores': 1536,
 'cores_per_node': 24,
 'cu_post_exec': None,
 'cu_pre_exec': None,
 'cu_tmp': None,
 u'db_poll_sleeptime': 1.0,
 'dburl': 'mongodb://username:password12@ds229609.mlab.com:29609/bridges-hyperspace',
 'debug': 10,
 'export_to_cu': None,
 'gpus': 0,
 'gpus_per_node': 0,
 'logdir': '.',
 'lrms': 'SLURM',
 u'max_io_loglength': 1024,
 u'mode': u'shared',
 'mpi_launch_method': 'ORTE',
 'owner': 'agent_0',
 'pilot_id': 'pilot.0000',
 'pilot_sandbox': '/home/jdakka/radical.pilot.sandbox/rp.session.two.jdakka.017783.0011/pilot.0000/',
 'resource_cfg': {'agent_config': 'default',
                  'agent_launch_method': 'ORTE',
                  'agent_scheduler': 'CONTINUOUS',
                  'agent_spawner': 'POPEN',
                  'cores_per_node': 24,
                  'default_queue': 'compute',
                  'description': "The Comet HPC resource at SDSC 'HPC for the 99%' (http://www.sdsc.edu/services/hpc/hpc_systems.html#comet).",
                  'filesystem_endpoint': 'gsisftp://comet.sdsc.xsede.org/',
                  'gsissh': {'filesystem_endpoint': 'gsisftp://comet.sdsc.xsede.org/',
                             'job_manager_endpoint': 'slurm+gsissh://comet.sdsc.xsede.org/'},
                  'job_manager_endpoint': 'slurm+gsissh://comet.sdsc.xsede.org/',
                  'label': 'xsede.comet_orte',
                  'lrms': 'SLURM',
                  'mandatory_args': ['project'],
                  'mpi_launch_method': 'ORTE',
                  'notes': 'Always set the ``project`` attribute in the ComputePilotDescription or the pilot will fail.',
                  'pre_bootstrap_0': ['module use --append /home/amerzky/ompi/modules',
                                      'module load python',
                                      'module load openmpi/2017_02_17_6da4dbb'],
                  'python_dist': 'default',
                  'rp_version': 'local',
                  'schemas': ['ssh', 'gsissh'],
                  'ssh': {'filesystem_endpoint': 'sftp://comet.sdsc.xsede.org/',
                          'job_manager_endpoint': 'slurm+ssh://comet.sdsc.xsede.org/'},
                  'task_launch_method': 'ORTE',
                  'valid_roots': ['/home'],
                  'virtenv_mode': 'create'},
 'resource_sandbox': '/home/jdakka/radical.pilot.sandbox',
 'runtime': 30,
 'scheduler': 'CONTINUOUS',
 'session_id': 'rp.session.two.jdakka.017783.0011',
 'session_sandbox': '/home/jdakka/radical.pilot.sandbox/rp.session.two.jdakka.017783.0011',
 'spawner': 'POPEN',
 u'staging_area': u'staging_area',
 u'staging_schema': u'staging',
 u'target': u'local',
 'task_launch_method': 'ORTE'}
2018-09-09 21:53:51,675: pmgr.0000.launching.0.child: pmgr.0000.launching.0           : MainThread     : DEBUG   : use bootstrapper /home/jdakka/hyperspace/python-2.7-ve/local/lib/python2.7/site-packages/radical/pilot/agent/bootstrap_0.sh
2018-09-09 21:53:51,677: pmgr.0000.launching.0.child: pmgr.0000.launching.0           : MainThread     : DEBUG   : Bootstrap command line: /bin/bash ['-l /home/jdakka/radical.pilot.sandbox/rp.session.two.jdakka.017783.0011/bootstrap_0.sh', " -d 'radical.utils-0.50.2.tar.gz:saga-python-0.50.0.tar.gz:radical.pilot-0.50.8.tar.gz' -p 'pilot.0000' -s 'rp.session.two.jdakka.017783.0011' -m 'create' -r 'local' -b 'default' -g 'default' -v '/home/jdakka/radical.pilot.sandbox/ve.xsede.comet.0.50.8' -y '30' -e 'module use --append /home/amerzky/ompi/modules' -e 'module load python' -e 'module load openmpi/2017_02_17_6da4dbb'"]
2018-09-09 21:53:51,678: pmgr.0000.launching.0.child: pmgr.0000.launching.0           : MainThread     : DEBUG   : cmd: cd /tmp/rp_agent_tar_dirasb1eu && tar zchf /tmp/rp_agent_tar_dirasb1eu/rp.session.two.jdakka.017783.0011.pmgr.0000.launching.0.child.tgz *
2018-09-09 21:53:51,755: pmgr.0000.launching.0.child: pmgr.0000.launching.0           : MainThread     : DEBUG   : out: 
2018-09-09 21:53:51,755: pmgr.0000.launching.0.child: pmgr.0000.launching.0           : MainThread     : DEBUG   : rs.file.Directory ('gsisftp://comet.sdsc.xsede.org/')
2018-09-09 21:54:01,166: pmgr.0000.launching.0.child: pmgr.0000.launching.0           : MainThread     : DEBUG   : tar cmd : tar zmxvf /home/jdakka/radical.pilot.sandbox/rp.session.two.jdakka.017783.0011/rp.session.two.jdakka.017783.0011.pmgr.0000.launching.0.child.tgz -C /home/jdakka/radical.pilot.sandbox/rp.session.two.jdakka.017783.0011
2018-09-09 21:54:01,761: pmgr.0000.launching.0.child: pmgr.0000.launching.0           : MainThread     : DEBUG   : tar done: Done, bootstrap_0.sh
pilot.0000/
pilot.0000/agent_0.cfg
pilot.0000/pilot.0000.prof.tgz
pilot.0000/pilot.0000.log.tgz
radical.pilot-0.50.8.tar.gz
radical.utils-0.50.2.tar.gz
saga-python-0.50.0.tar.gz
, 
2018-09-09 21:54:05,036: pmgr.0000.launching.0.child: pmgr.0000.launching.0           : MainThread     : DEBUG   : jd: {'Arguments': ['-l /home/jdakka/radical.pilot.sandbox/rp.session.two.jdakka.017783.0011/bootstrap_0.sh',
               " -d 'radical.utils-0.50.2.tar.gz:saga-python-0.50.0.tar.gz:radical.pilot-0.50.8.tar.gz' -p 'pilot.0000' -s 'rp.session.two.jdakka.017783.0011' -m 'create' -r 'local' -b 'default' -g 'default' -v '/home/jdakka/radical.pilot.sandbox/ve.xsede.comet.0.50.8' -y '30' -e 'module use --append /home/amerzky/ompi/modules' -e 'module load python' -e 'module load openmpi/2017_02_17_6da4dbb'"],
 'CandidateHosts': None,
 'Environment': {'RADICAL_PILOT_PROFILE': 'TRUE'},
 'Error': 'bootstrap_0.err',
 'Executable': '/bin/bash',
 'FileTransfer': [],
 'Name': 'pilot.0000',
 'Output': 'bootstrap_0.out',
 'ProcessesPerHost': 24,
 'Project': 'unc100',
 'Queue': 'compute',
 'SPMDVariation': None,
 'TotalCPUCount': 1536,
 'TotalGPUCount': 0,
 'TotalPhysicalMemory': None,
 'WallTimeLimit': 30,
 'WorkingDirectory': '/home/jdakka/radical.pilot.sandbox/rp.session.two.jdakka.017783.0011/pilot.0000/'}
2018-09-09 21:54:08,469: pmgr.0000.launching.0.child: pmgr.0000.launching.0           : MainThread     : DEBUG   : pilot job: pilot.0000 : [slurm+gsissh://comet.sdsc.xsede.org/]-[19001569] : pilot.0000 : Pending
2018-09-09 21:54:08,470: pmgr.0000.launching.0.child: pmgr.0000.launching.0           : MainThread     : DEBUG   : advance bulk size: 1 [False, True]
2018-09-09 21:54:08,471: pmgr.0000.launching.0.child: pmgr.0000.launching.0           : pmgr.0000.launching.0.child.subscriber._cancel_monitor_cb: DEBUG   : command ignored: pilot_staging_input_result
2018-09-09 21:54:08,782: pmgr.0000.launching.0.child: pmgr.0000.launching.0           : pmgr.0000.launching.0.child.idler._pilot_watcher_cb: DEBUG   : bulk states: [['Pending']]
2018-09-09 21:54:09,092: pmgr.0000.launching.0.child: pmgr.0000.launching.0           : pmgr.0000.launching.0.child.idler._pilot_watcher_cb: DEBUG   : saga job state: pilot.0000 Pending
2018-09-09 21:54:19,431: pmgr.0000.launching.0.child: pmgr.0000.launching.0           : pmgr.0000.launching.0.child.idler._pilot_watcher_cb: DEBUG   : bulk states: [['Pending']]
2018-09-09 21:54:19,740: pmgr.0000.launching.0.child: pmgr.0000.launching.0           : pmgr.0000.launching.0.child.idler._pilot_watcher_cb: DEBUG   : saga job state: pilot.0000 Pending
2018-09-09 21:54:31,664: pmgr.0000.launching.0.child: pmgr.0000.launching.0           : pmgr.0000.launching.0.child.idler._pilot_watcher_cb: DEBUG   : bulk states: [['Running']]
2018-09-09 21:54:31,974: pmgr.0000.launching.0.child: pmgr.0000.launching.0           : pmgr.0000.launching.0.child.idler._pilot_watcher_cb: DEBUG   : saga job state: pilot.0000 Running
2018-09-09 21:54:42,313: pmgr.0000.launching.0.child: pmgr.0000.launching.0           : pmgr.0000.launching.0.child.idler._pilot_watcher_cb: DEBUG   : bulk states: [['Running']]
2018-09-09 21:54:42,621: pmgr.0000.launching.0.child: pmgr.0000.launching.0           : pmgr.0000.launching.0.child.idler._pilot_watcher_cb: DEBUG   : saga job state: pilot.0000 Running
2018-09-09 21:54:47,958: pmgr.0000.launching.0.child: pmgr.0000.launching.0           : pmgr.0000.launching.0.child.subscriber._cancel_monitor_cb: DEBUG   : command ignored: add_pilots
2018-09-09 21:54:47,958: pmgr.0000.launching.0.child: pmgr.0000.launching.0           : pmgr.0000.launching.0.child.subscriber._pmgr_control_cb: DEBUG   : launcher got {'cmd': 'add_pilots', 'arg': {'pilots': [{'resource_sandbox': 'gsisftp://comet.sdsc.xsede.org/home/jdakka/radical.pilot.sandbox', 'resource_details': {'lm_detail': None, 'lm_info': {'ORTE': {'version': '3.0.0a1', 'version_detail': 'v2.x-dev-3722-g578d881'}}}, 'resource': 'xsede.comet', 'uid': 'pilot.0000', 'pmgr': 'pmgr.0000', 'stdout': None, 'js_url': 'slurm+gsissh://comet.sdsc.xsede.org/', 'state': 'PMGR_ACTIVE', 'session': 'rp.session.two.jdakka.017783.0011', 'log': None, 'stderr': None, 'js_hop': 'gsissh://comet.sdsc.xsede.org/', 'client_sandbox': '/home/jdakka/hyperspace/hyperspace-RCT/null_workload', 'type': 'pilot', 'pilot_sandbox': 'gsisftp://comet.sdsc.xsede.org/home/jdakka/radical.pilot.sandbox/rp.session.two.jdakka.017783.0011/pilot.0000/', 'description': {'queue': 'compute', 'resource': 'xsede.comet', 'exit_on_error': False, 'candidate_hosts': None, 'project': 'unc100', 'sandbox': None, 'cleanup': None, 'access_schema': 'gsissh', 'gpus': 0, 'memory': None, 'cores': 1536, 'runtime': 30}}], 'umgr': 'umgr.0000'}}
2018-09-09 21:54:52,966: pmgr.0000.launching.0.child: pmgr.0000.launching.0           : pmgr.0000.launching.0.child.idler._pilot_watcher_cb: DEBUG   : bulk states: [['Running']]
2018-09-09 21:54:53,269: pmgr.0000.launching.0.child: pmgr.0000.launching.0           : pmgr.0000.launching.0.child.idler._pilot_watcher_cb: DEBUG   : saga job state: pilot.0000 Running
2018-09-09 21:55:03,586: pmgr.0000.launching.0.child: pmgr.0000.launching.0           : pmgr.0000.launching.0.child.idler._pilot_watcher_cb: DEBUG   : bulk states: [['Running']]
2018-09-09 21:55:03,890: pmgr.0000.launching.0.child: pmgr.0000.launching.0           : pmgr.0000.launching.0.child.idler._pilot_watcher_cb: DEBUG   : saga job state: pilot.0000 Running
2018-09-09 21:55:14,208: pmgr.0000.launching.0.child: pmgr.0000.launching.0           : pmgr.0000.launching.0.child.idler._pilot_watcher_cb: DEBUG   : bulk states: [['Running']]
2018-09-09 21:55:14,512: pmgr.0000.launching.0.child: pmgr.0000.launching.0           : pmgr.0000.launching.0.child.idler._pilot_watcher_cb: DEBUG   : saga job state: pilot.0000 Running
2018-09-09 21:55:24,831: pmgr.0000.launching.0.child: pmgr.0000.launching.0           : pmgr.0000.launching.0.child.idler._pilot_watcher_cb: DEBUG   : bulk states: [['Running']]
2018-09-09 21:55:25,137: pmgr.0000.launching.0.child: pmgr.0000.launching.0           : pmgr.0000.launching.0.child.idler._pilot_watcher_cb: DEBUG   : saga job state: pilot.0000 Running
2018-09-09 21:55:36,670: pmgr.0000.launching.0.child: pmgr.0000.launching.0           : pmgr.0000.launching.0.child.idler._pilot_watcher_cb: DEBUG   : bulk states: [['Running']]
2018-09-09 21:55:36,976: pmgr.0000.launching.0.child: pmgr.0000.launching.0           : pmgr.0000.launching.0.child.idler._pilot_watcher_cb: DEBUG   : saga job state: pilot.0000 Running
2018-09-09 21:55:47,295: pmgr.0000.launching.0.child: pmgr.0000.launching.0           : pmgr.0000.launching.0.child.idler._pilot_watcher_cb: DEBUG   : bulk states: [['Running']]
2018-09-09 21:55:47,601: pmgr.0000.launching.0.child: pmgr.0000.launching.0           : pmgr.0000.launching.0.child.idler._pilot_watcher_cb: DEBUG   : saga job state: pilot.0000 Running
2018-09-09 21:55:57,921: pmgr.0000.launching.0.child: pmgr.0000.launching.0           : pmgr.0000.launching.0.child.idler._pilot_watcher_cb: DEBUG   : bulk states: [['Running']]
2018-09-09 21:55:58,226: pmgr.0000.launching.0.child: pmgr.0000.launching.0           : pmgr.0000.launching.0.child.idler._pilot_watcher_cb: DEBUG   : saga job state: pilot.0000 Running
2018-09-09 21:56:08,545: pmgr.0000.launching.0.child: pmgr.0000.launching.0           : pmgr.0000.launching.0.child.idler._pilot_watcher_cb: DEBUG   : bulk states: [['Running']]
2018-09-09 21:56:08,873: pmgr.0000.launching.0.child: pmgr.0000.launching.0           : pmgr.0000.launching.0.child.idler._pilot_watcher_cb: DEBUG   : saga job state: pilot.0000 Running
2018-09-09 21:56:19,257: pmgr.0000.launching.0.child: pmgr.0000.launching.0           : pmgr.0000.launching.0.child.idler._pilot_watcher_cb: DEBUG   : bulk states: [['Running']]
2018-09-09 21:56:19,560: pmgr.0000.launching.0.child: pmgr.0000.launching.0           : pmgr.0000.launching.0.child.idler._pilot_watcher_cb: DEBUG   : saga job state: pilot.0000 Running
2018-09-09 21:56:29,879: pmgr.0000.launching.0.child: pmgr.0000.launching.0           : pmgr.0000.launching.0.child.idler._pilot_watcher_cb: DEBUG   : bulk states: [['Running']]
2018-09-09 21:56:30,184: pmgr.0000.launching.0.child: pmgr.0000.launching.0           : pmgr.0000.launching.0.child.idler._pilot_watcher_cb: DEBUG   : saga job state: pilot.0000 Running
2018-09-09 21:56:40,503: pmgr.0000.launching.0.child: pmgr.0000.launching.0           : pmgr.0000.launching.0.child.idler._pilot_watcher_cb: DEBUG   : bulk states: [['Running']]
2018-09-09 21:56:40,810: pmgr.0000.launching.0.child: pmgr.0000.launching.0           : pmgr.0000.launching.0.child.idler._pilot_watcher_cb: DEBUG   : saga job state: pilot.0000 Running
2018-09-09 21:56:51,128: pmgr.0000.launching.0.child: pmgr.0000.launching.0           : pmgr.0000.launching.0.child.idler._pilot_watcher_cb: DEBUG   : bulk states: [['Running']]
2018-09-09 21:56:51,432: pmgr.0000.launching.0.child: pmgr.0000.launching.0           : pmgr.0000.launching.0.child.idler._pilot_watcher_cb: DEBUG   : saga job state: pilot.0000 Running
2018-09-09 21:57:01,770: pmgr.0000.launching.0.child: pmgr.0000.launching.0           : pmgr.0000.launching.0.child.idler._pilot_watcher_cb: DEBUG   : bulk states: [['Running']]
2018-09-09 21:57:02,075: pmgr.0000.launching.0.child: pmgr.0000.launching.0           : pmgr.0000.launching.0.child.idler._pilot_watcher_cb: DEBUG   : saga job state: pilot.0000 Running
2018-09-09 21:57:12,395: pmgr.0000.launching.0.child: pmgr.0000.launching.0           : pmgr.0000.launching.0.child.idler._pilot_watcher_cb: DEBUG   : bulk states: [['Running']]
2018-09-09 21:57:12,699: pmgr.0000.launching.0.child: pmgr.0000.launching.0           : pmgr.0000.launching.0.child.idler._pilot_watcher_cb: DEBUG   : saga job state: pilot.0000 Running
2018-09-09 21:57:23,019: pmgr.0000.launching.0.child: pmgr.0000.launching.0           : pmgr.0000.launching.0.child.idler._pilot_watcher_cb: DEBUG   : bulk states: [['Running']]
2018-09-09 21:57:23,325: pmgr.0000.launching.0.child: pmgr.0000.launching.0           : pmgr.0000.launching.0.child.idler._pilot_watcher_cb: DEBUG   : saga job state: pilot.0000 Running
2018-09-09 21:57:33,645: pmgr.0000.launching.0.child: pmgr.0000.launching.0           : pmgr.0000.launching.0.child.idler._pilot_watcher_cb: DEBUG   : bulk states: [['Running']]
2018-09-09 21:57:33,950: pmgr.0000.launching.0.child: pmgr.0000.launching.0           : pmgr.0000.launching.0.child.idler._pilot_watcher_cb: DEBUG   : saga job state: pilot.0000 Running
2018-09-09 21:57:44,269: pmgr.0000.launching.0.child: pmgr.0000.launching.0           : pmgr.0000.launching.0.child.idler._pilot_watcher_cb: DEBUG   : bulk states: [['Running']]
2018-09-09 21:57:44,574: pmgr.0000.launching.0.child: pmgr.0000.launching.0           : pmgr.0000.launching.0.child.idler._pilot_watcher_cb: DEBUG   : saga job state: pilot.0000 Running
2018-09-09 21:57:54,896: pmgr.0000.launching.0.child: pmgr.0000.launching.0           : pmgr.0000.launching.0.child.idler._pilot_watcher_cb: DEBUG   : bulk states: [['Running']]
2018-09-09 21:57:55,203: pmgr.0000.launching.0.child: pmgr.0000.launching.0           : pmgr.0000.launching.0.child.idler._pilot_watcher_cb: DEBUG   : saga job state: pilot.0000 Running
2018-09-09 21:58:05,520: pmgr.0000.launching.0.child: pmgr.0000.launching.0           : pmgr.0000.launching.0.child.idler._pilot_watcher_cb: DEBUG   : bulk states: [['Running']]
2018-09-09 21:58:05,831: pmgr.0000.launching.0.child: pmgr.0000.launching.0           : pmgr.0000.launching.0.child.idler._pilot_watcher_cb: DEBUG   : saga job state: pilot.0000 Running
2018-09-09 21:58:16,150: pmgr.0000.launching.0.child: pmgr.0000.launching.0           : pmgr.0000.launching.0.child.idler._pilot_watcher_cb: DEBUG   : bulk states: [['Running']]
2018-09-09 21:58:16,454: pmgr.0000.launching.0.child: pmgr.0000.launching.0           : pmgr.0000.launching.0.child.idler._pilot_watcher_cb: DEBUG   : saga job state: pilot.0000 Running
2018-09-09 21:58:26,774: pmgr.0000.launching.0.child: pmgr.0000.launching.0           : pmgr.0000.launching.0.child.idler._pilot_watcher_cb: DEBUG   : bulk states: [['Running']]
2018-09-09 21:58:27,078: pmgr.0000.launching.0.child: pmgr.0000.launching.0           : pmgr.0000.launching.0.child.idler._pilot_watcher_cb: DEBUG   : saga job state: pilot.0000 Running
2018-09-09 21:58:37,396: pmgr.0000.launching.0.child: pmgr.0000.launching.0           : pmgr.0000.launching.0.child.idler._pilot_watcher_cb: DEBUG   : bulk states: [['Running']]
2018-09-09 21:58:37,700: pmgr.0000.launching.0.child: pmgr.0000.launching.0           : pmgr.0000.launching.0.child.idler._pilot_watcher_cb: DEBUG   : saga job state: pilot.0000 Running
2018-09-09 21:58:48,019: pmgr.0000.launching.0.child: pmgr.0000.launching.0           : pmgr.0000.launching.0.child.idler._pilot_watcher_cb: DEBUG   : bulk states: [['Running']]
2018-09-09 21:58:48,324: pmgr.0000.launching.0.child: pmgr.0000.launching.0           : pmgr.0000.launching.0.child.idler._pilot_watcher_cb: DEBUG   : saga job state: pilot.0000 Running
2018-09-09 21:58:58,645: pmgr.0000.launching.0.child: pmgr.0000.launching.0           : pmgr.0000.launching.0.child.idler._pilot_watcher_cb: DEBUG   : bulk states: [['Running']]
2018-09-09 21:58:58,948: pmgr.0000.launching.0.child: pmgr.0000.launching.0           : pmgr.0000.launching.0.child.idler._pilot_watcher_cb: DEBUG   : saga job state: pilot.0000 Running
2018-09-09 21:59:09,287: pmgr.0000.launching.0.child: pmgr.0000.launching.0           : pmgr.0000.launching.0.child.idler._pilot_watcher_cb: DEBUG   : bulk states: [['Running']]
2018-09-09 21:59:09,592: pmgr.0000.launching.0.child: pmgr.0000.launching.0           : pmgr.0000.launching.0.child.idler._pilot_watcher_cb: DEBUG   : saga job state: pilot.0000 Running
2018-09-09 21:59:19,954: pmgr.0000.launching.0.child: pmgr.0000.launching.0           : pmgr.0000.launching.0.child.idler._pilot_watcher_cb: DEBUG   : bulk states: [['Running']]
2018-09-09 21:59:20,257: pmgr.0000.launching.0.child: pmgr.0000.launching.0           : pmgr.0000.launching.0.child.idler._pilot_watcher_cb: DEBUG   : saga job state: pilot.0000 Running
2018-09-09 21:59:30,575: pmgr.0000.launching.0.child: pmgr.0000.launching.0           : pmgr.0000.launching.0.child.idler._pilot_watcher_cb: DEBUG   : bulk states: [['Running']]
2018-09-09 21:59:30,879: pmgr.0000.launching.0.child: pmgr.0000.launching.0           : pmgr.0000.launching.0.child.idler._pilot_watcher_cb: DEBUG   : saga job state: pilot.0000 Running
2018-09-09 21:59:41,197: pmgr.0000.launching.0.child: pmgr.0000.launching.0           : pmgr.0000.launching.0.child.idler._pilot_watcher_cb: DEBUG   : bulk states: [['Running']]
2018-09-09 21:59:41,504: pmgr.0000.launching.0.child: pmgr.0000.launching.0           : pmgr.0000.launching.0.child.idler._pilot_watcher_cb: DEBUG   : saga job state: pilot.0000 Running
2018-09-09 21:59:51,823: pmgr.0000.launching.0.child: pmgr.0000.launching.0           : pmgr.0000.launching.0.child.idler._pilot_watcher_cb: DEBUG   : bulk states: [['Running']]
2018-09-09 21:59:52,128: pmgr.0000.launching.0.child: pmgr.0000.launching.0           : pmgr.0000.launching.0.child.idler._pilot_watcher_cb: DEBUG   : saga job state: pilot.0000 Running
2018-09-09 22:00:02,502: pmgr.0000.launching.0.child: pmgr.0000.launching.0           : pmgr.0000.launching.0.child.idler._pilot_watcher_cb: DEBUG   : bulk states: [['Running']]
2018-09-09 22:00:02,812: pmgr.0000.launching.0.child: pmgr.0000.launching.0           : pmgr.0000.launching.0.child.idler._pilot_watcher_cb: DEBUG   : saga job state: pilot.0000 Running
2018-09-09 22:00:13,130: pmgr.0000.launching.0.child: pmgr.0000.launching.0           : pmgr.0000.launching.0.child.idler._pilot_watcher_cb: DEBUG   : bulk states: [['Running']]
2018-09-09 22:00:13,434: pmgr.0000.launching.0.child: pmgr.0000.launching.0           : pmgr.0000.launching.0.child.idler._pilot_watcher_cb: DEBUG   : saga job state: pilot.0000 Running
2018-09-09 22:00:23,752: pmgr.0000.launching.0.child: pmgr.0000.launching.0           : pmgr.0000.launching.0.child.idler._pilot_watcher_cb: DEBUG   : bulk states: [['Running']]
2018-09-09 22:00:24,055: pmgr.0000.launching.0.child: pmgr.0000.launching.0           : pmgr.0000.launching.0.child.idler._pilot_watcher_cb: DEBUG   : saga job state: pilot.0000 Running
2018-09-09 22:00:34,372: pmgr.0000.launching.0.child: pmgr.0000.launching.0           : pmgr.0000.launching.0.child.idler._pilot_watcher_cb: DEBUG   : bulk states: [['Running']]
2018-09-09 22:00:34,676: pmgr.0000.launching.0.child: pmgr.0000.launching.0           : pmgr.0000.launching.0.child.idler._pilot_watcher_cb: DEBUG   : saga job state: pilot.0000 Running
2018-09-09 22:00:45,026: pmgr.0000.launching.0.child: pmgr.0000.launching.0           : pmgr.0000.launching.0.child.idler._pilot_watcher_cb: DEBUG   : bulk states: [['Running']]
2018-09-09 22:00:45,334: pmgr.0000.launching.0.child: pmgr.0000.launching.0           : pmgr.0000.launching.0.child.idler._pilot_watcher_cb: DEBUG   : saga job state: pilot.0000 Running
2018-09-09 22:00:55,654: pmgr.0000.launching.0.child: pmgr.0000.launching.0           : pmgr.0000.launching.0.child.idler._pilot_watcher_cb: DEBUG   : bulk states: [['Running']]
2018-09-09 22:00:55,960: pmgr.0000.launching.0.child: pmgr.0000.launching.0           : pmgr.0000.launching.0.child.idler._pilot_watcher_cb: DEBUG   : saga job state: pilot.0000 Running
2018-09-09 22:01:06,472: pmgr.0000.launching.0.child: pmgr.0000.launching.0           : pmgr.0000.launching.0.child.idler._pilot_watcher_cb: DEBUG   : bulk states: [['Running']]
2018-09-09 22:01:06,777: pmgr.0000.launching.0.child: pmgr.0000.launching.0           : pmgr.0000.launching.0.child.idler._pilot_watcher_cb: DEBUG   : saga job state: pilot.0000 Running
2018-09-09 22:01:17,097: pmgr.0000.launching.0.child: pmgr.0000.launching.0           : pmgr.0000.launching.0.child.idler._pilot_watcher_cb: DEBUG   : bulk states: [['Running']]
2018-09-09 22:01:17,401: pmgr.0000.launching.0.child: pmgr.0000.launching.0           : pmgr.0000.launching.0.child.idler._pilot_watcher_cb: DEBUG   : saga job state: pilot.0000 Running
2018-09-09 22:01:27,721: pmgr.0000.launching.0.child: pmgr.0000.launching.0           : pmgr.0000.launching.0.child.idler._pilot_watcher_cb: DEBUG   : bulk states: [['Running']]
2018-09-09 22:01:28,025: pmgr.0000.launching.0.child: pmgr.0000.launching.0           : pmgr.0000.launching.0.child.idler._pilot_watcher_cb: DEBUG   : saga job state: pilot.0000 Running
2018-09-09 22:01:38,343: pmgr.0000.launching.0.child: pmgr.0000.launching.0           : pmgr.0000.launching.0.child.idler._pilot_watcher_cb: DEBUG   : bulk states: [['Running']]
2018-09-09 22:01:38,648: pmgr.0000.launching.0.child: pmgr.0000.launching.0           : pmgr.0000.launching.0.child.idler._pilot_watcher_cb: DEBUG   : saga job state: pilot.0000 Running
2018-09-09 22:01:48,967: pmgr.0000.launching.0.child: pmgr.0000.launching.0           : pmgr.0000.launching.0.child.idler._pilot_watcher_cb: DEBUG   : bulk states: [['Running']]
2018-09-09 22:01:49,273: pmgr.0000.launching.0.child: pmgr.0000.launching.0           : pmgr.0000.launching.0.child.idler._pilot_watcher_cb: DEBUG   : saga job state: pilot.0000 Running
2018-09-09 22:01:59,641: pmgr.0000.launching.0.child: pmgr.0000.launching.0           : pmgr.0000.launching.0.child.idler._pilot_watcher_cb: DEBUG   : bulk states: [['Running']]
2018-09-09 22:01:59,948: pmgr.0000.launching.0.child: pmgr.0000.launching.0           : pmgr.0000.launching.0.child.idler._pilot_watcher_cb: DEBUG   : saga job state: pilot.0000 Running
2018-09-09 22:02:10,271: pmgr.0000.launching.0.child: pmgr.0000.launching.0           : pmgr.0000.launching.0.child.idler._pilot_watcher_cb: DEBUG   : bulk states: [['Running']]
2018-09-09 22:02:10,576: pmgr.0000.launching.0.child: pmgr.0000.launching.0           : pmgr.0000.launching.0.child.idler._pilot_watcher_cb: DEBUG   : saga job state: pilot.0000 Running
2018-09-09 22:02:20,892: pmgr.0000.launching.0.child: pmgr.0000.launching.0           : pmgr.0000.launching.0.child.idler._pilot_watcher_cb: DEBUG   : bulk states: [['Running']]
2018-09-09 22:02:21,197: pmgr.0000.launching.0.child: pmgr.0000.launching.0           : pmgr.0000.launching.0.child.idler._pilot_watcher_cb: DEBUG   : saga job state: pilot.0000 Running
2018-09-09 22:02:33,191: pmgr.0000.launching.0.child: pmgr.0000.launching.0           : pmgr.0000.launching.0.child.idler._pilot_watcher_cb: DEBUG   : bulk states: [['Running']]
2018-09-09 22:02:33,496: pmgr.0000.launching.0.child: pmgr.0000.launching.0           : pmgr.0000.launching.0.child.idler._pilot_watcher_cb: DEBUG   : saga job state: pilot.0000 Running
2018-09-09 22:02:43,814: pmgr.0000.launching.0.child: pmgr.0000.launching.0           : pmgr.0000.launching.0.child.idler._pilot_watcher_cb: DEBUG   : bulk states: [['Running']]
2018-09-09 22:02:44,118: pmgr.0000.launching.0.child: pmgr.0000.launching.0           : pmgr.0000.launching.0.child.idler._pilot_watcher_cb: DEBUG   : saga job state: pilot.0000 Running
2018-09-09 22:02:54,436: pmgr.0000.launching.0.child: pmgr.0000.launching.0           : pmgr.0000.launching.0.child.idler._pilot_watcher_cb: DEBUG   : bulk states: [['Running']]
2018-09-09 22:02:54,741: pmgr.0000.launching.0.child: pmgr.0000.launching.0           : pmgr.0000.launching.0.child.idler._pilot_watcher_cb: DEBUG   : saga job state: pilot.0000 Running
2018-09-09 22:03:06,788: pmgr.0000.launching.0.child: pmgr.0000.launching.0           : pmgr.0000.launching.0.child.idler._pilot_watcher_cb: DEBUG   : bulk states: [['Running']]
2018-09-09 22:03:07,094: pmgr.0000.launching.0.child: pmgr.0000.launching.0           : pmgr.0000.launching.0.child.idler._pilot_watcher_cb: DEBUG   : saga job state: pilot.0000 Running
2018-09-09 22:03:17,415: pmgr.0000.launching.0.child: pmgr.0000.launching.0           : pmgr.0000.launching.0.child.idler._pilot_watcher_cb: DEBUG   : bulk states: [['Running']]
2018-09-09 22:03:17,719: pmgr.0000.launching.0.child: pmgr.0000.launching.0           : pmgr.0000.launching.0.child.idler._pilot_watcher_cb: DEBUG   : saga job state: pilot.0000 Running
2018-09-09 22:03:28,042: pmgr.0000.launching.0.child: pmgr.0000.launching.0           : pmgr.0000.launching.0.child.idler._pilot_watcher_cb: DEBUG   : bulk states: [['Running']]
2018-09-09 22:03:28,348: pmgr.0000.launching.0.child: pmgr.0000.launching.0           : pmgr.0000.launching.0.child.idler._pilot_watcher_cb: DEBUG   : saga job state: pilot.0000 Running
2018-09-09 22:03:39,328: pmgr.0000.launching.0.child: pmgr.0000.launching.0           : pmgr.0000.launching.0.child.idler._pilot_watcher_cb: DEBUG   : bulk states: [['Running']]
2018-09-09 22:03:39,631: pmgr.0000.launching.0.child: pmgr.0000.launching.0           : pmgr.0000.launching.0.child.idler._pilot_watcher_cb: DEBUG   : saga job state: pilot.0000 Running
2018-09-09 22:03:49,949: pmgr.0000.launching.0.child: pmgr.0000.launching.0           : pmgr.0000.launching.0.child.idler._pilot_watcher_cb: DEBUG   : bulk states: [['Running']]
2018-09-09 22:03:50,254: pmgr.0000.launching.0.child: pmgr.0000.launching.0           : pmgr.0000.launching.0.child.idler._pilot_watcher_cb: DEBUG   : saga job state: pilot.0000 Running
2018-09-09 22:04:00,573: pmgr.0000.launching.0.child: pmgr.0000.launching.0           : pmgr.0000.launching.0.child.idler._pilot_watcher_cb: DEBUG   : bulk states: [['Running']]
2018-09-09 22:04:00,877: pmgr.0000.launching.0.child: pmgr.0000.launching.0           : pmgr.0000.launching.0.child.idler._pilot_watcher_cb: DEBUG   : saga job state: pilot.0000 Running
2018-09-09 22:04:11,836: pmgr.0000.launching.0.child: pmgr.0000.launching.0           : pmgr.0000.launching.0.child.idler._pilot_watcher_cb: DEBUG   : bulk states: [['Running']]
2018-09-09 22:04:12,140: pmgr.0000.launching.0.child: pmgr.0000.launching.0           : pmgr.0000.launching.0.child.idler._pilot_watcher_cb: DEBUG   : saga job state: pilot.0000 Running
2018-09-09 22:04:22,457: pmgr.0000.launching.0.child: pmgr.0000.launching.0           : pmgr.0000.launching.0.child.idler._pilot_watcher_cb: DEBUG   : bulk states: [['Running']]
2018-09-09 22:04:22,762: pmgr.0000.launching.0.child: pmgr.0000.launching.0           : pmgr.0000.launching.0.child.idler._pilot_watcher_cb: DEBUG   : saga job state: pilot.0000 Running
2018-09-09 22:04:33,082: pmgr.0000.launching.0.child: pmgr.0000.launching.0           : pmgr.0000.launching.0.child.idler._pilot_watcher_cb: DEBUG   : bulk states: [['Running']]
2018-09-09 22:04:33,386: pmgr.0000.launching.0.child: pmgr.0000.launching.0           : pmgr.0000.launching.0.child.idler._pilot_watcher_cb: DEBUG   : saga job state: pilot.0000 Running
2018-09-09 22:04:44,559: pmgr.0000.launching.0.child: pmgr.0000.launching.0           : pmgr.0000.launching.0.child.idler._pilot_watcher_cb: DEBUG   : bulk states: [['Running']]
2018-09-09 22:04:44,865: pmgr.0000.launching.0.child: pmgr.0000.launching.0           : pmgr.0000.launching.0.child.idler._pilot_watcher_cb: DEBUG   : saga job state: pilot.0000 Running
2018-09-09 22:04:55,185: pmgr.0000.launching.0.child: pmgr.0000.launching.0           : pmgr.0000.launching.0.child.idler._pilot_watcher_cb: DEBUG   : bulk states: [['Running']]
2018-09-09 22:04:55,492: pmgr.0000.launching.0.child: pmgr.0000.launching.0           : pmgr.0000.launching.0.child.idler._pilot_watcher_cb: DEBUG   : saga job state: pilot.0000 Running
2018-09-09 22:05:05,827: pmgr.0000.launching.0.child: pmgr.0000.launching.0           : pmgr.0000.launching.0.child.idler._pilot_watcher_cb: DEBUG   : bulk states: [['Running']]
2018-09-09 22:05:06,134: pmgr.0000.launching.0.child: pmgr.0000.launching.0           : pmgr.0000.launching.0.child.idler._pilot_watcher_cb: DEBUG   : saga job state: pilot.0000 Running
2018-09-09 22:05:15,792: pmgr.0000.launching.0.child: pmgr.0000.launching.0           : pmgr.0000.launching.0.child.subscriber._cancel_monitor_cb: DEBUG   : command ignored: cancel_pilots
2018-09-09 22:05:15,793: pmgr.0000.launching.0.child: pmgr.0000.launching.0           : pmgr.0000.launching.0.child.subscriber._pmgr_control_cb: DEBUG   : launcher got {'cmd': 'cancel_pilots', 'arg': {'uids': ['pilot.0000'], 'pmgr': 'pmgr.0000'}}
2018-09-09 22:05:15,793: pmgr.0000.launching.0.child: pmgr.0000.launching.0           : pmgr.0000.launching.0.child.subscriber._pmgr_control_cb: INFO    : received pilot_cancel command (['pilot.0000'])
2018-09-09 22:05:16,432: pmgr.0000.launching.0.child: pmgr.0000.launching.0           : pmgr.0000.launching.0.child.subscriber._pmgr_control_cb: DEBUG   : pilot(s).need(s) cancellation ['pilot.0000']
2018-09-09 22:05:16,432: pmgr.0000.launching.0.child: pmgr.0000.launching.0           : pmgr.0000.launching.0.child.subscriber._pmgr_control_cb: DEBUG   : update cancel req: pilot.0000 1536523516.43
2018-09-09 22:05:16,860: pmgr.0000.launching.0.child: pmgr.0000.launching.0           : pmgr.0000.launching.0.child.idler._pilot_watcher_cb: DEBUG   : bulk states: [['Running']]
2018-09-09 22:05:17,166: pmgr.0000.launching.0.child: pmgr.0000.launching.0           : pmgr.0000.launching.0.child.idler._pilot_watcher_cb: DEBUG   : saga job state: pilot.0000 Running
2018-09-09 22:05:21,710: pmgr.0000.launching.0.child: pmgr.0000.launching.0           : pmgr.0000.launching.0.child.subscriber._cancel_monitor_cb: DEBUG   : command ignored: cancel_pilots
2018-09-09 22:05:21,711: pmgr.0000.launching.0.child: pmgr.0000.launching.0           : pmgr.0000.launching.0.child.subscriber._pmgr_control_cb: DEBUG   : launcher got {'cmd': 'cancel_pilots', 'arg': {'uids': ['pilot.0000'], 'pmgr': 'pmgr.0000'}}
2018-09-09 22:05:21,711: pmgr.0000.launching.0.child: pmgr.0000.launching.0           : pmgr.0000.launching.0.child.subscriber._pmgr_control_cb: INFO    : received pilot_cancel command (['pilot.0000'])
2018-09-09 22:05:21,813: pmgr.0000.launching.0.child: pmgr.0000.launching.0           : pmgr.0000.launching.0.child.subscriber._pmgr_control_cb: DEBUG   : pilot(s).need(s) cancellation ['pilot.0000']
2018-09-09 22:05:21,813: pmgr.0000.launching.0.child: pmgr.0000.launching.0           : pmgr.0000.launching.0.child.subscriber._pmgr_control_cb: DEBUG   : update cancel req: pilot.0000 1536523521.81
2018-09-09 22:05:21,862: pmgr.0000.launching.0.child: pmgr.0000.launching.0           : pmgr.0000.launching.0.child.watch: INFO    : recv message: STOP
2018-09-09 22:05:21,862: pmgr.0000.launching.0.child: pmgr.0000.launching.0           : pmgr.0000.launching.0.child.watch: INFO    : message received: STOP
2018-09-09 22:05:21,862: pmgr.0000.launching.0.child: pmgr.0000.launching.0           : pmgr.0000.launching.0.child.watch: INFO    : STOP received: STOP
2018-09-09 22:05:21,862: pmgr.0000.launching.0.child: pmgr.0000.launching.0           : pmgr.0000.launching.0.child.watch: INFO    : watcher closes
2018-09-09 22:05:21,863: pmgr.0000.launching.0.child: pmgr.0000.launching.0           : pmgr.0000.launching.0.child.watch: INFO    : put message: [pmgr.0000.launching.0.child.watch.thread] work finished
2018-09-09 22:05:21,863: pmgr.0000.launching.0.child: pmgr.0000.launching.0           : pmgr.0000.launching.0.child.watch: DEBUG   : ru_finalize_child (NOOP)
2018-09-09 22:05:21,863: pmgr.0000.launching.0.child: pmgr.0000.launching.0           : pmgr.0000.launching.0.child.watch: DEBUG   : ru_finalize_common (NOOP)
2018-09-09 22:05:21,863: pmgr.0000.launching.0.child: pmgr.0000.launching.0           : pmgr.0000.launching.0.child.watch: INFO    : put message: [pmgr.0000.launching.0.child.watch.thread] terminating
2018-09-09 22:05:21,984: pmgr.0000.launching.0.child: pmgr.0000.launching.0           : MainThread     : WARNING : alive check: proc invalid - stop [False - True]
2018-09-09 22:05:22,038: pmgr.0000.launching.0.child: pmgr.0000.launching.0           : MainThread     : INFO    : stop pmgr.0000.launching.0.child (9447 : 9447 : MainThread) [radical.utils.process.Default.is_valid]
2018-09-09 22:05:22,074: pmgr.0000.launching.0.child: pmgr.0000.launching.0           : MainThread     : INFO    : parent stops child  9447 -> 9447 [pmgr.0000.launching.0.child]
2018-09-09 22:05:22,075: pmgr.0000.launching.0.child: pmgr.0000.launching.0           : MainThread     : INFO    : send message: [pmgr.0000.launching.0.child] STOP
2018-09-09 22:05:22,075: pmgr.0000.launching.0.child: pmgr.0000.launching.0           : MainThread     : WARNING : send failed ([Errno 9] Bad file descriptor) - terminate
2018-09-09 22:05:22,075: pmgr.0000.launching.0.child: pmgr.0000.launching.0           : MainThread     : DEBUG   : TERM : pmgr.0000.launching.0.child unregister idler pmgr.0000.launching.0.child.idler._pilot_watcher_cb
2018-09-09 22:05:22,075: pmgr.0000.launching.0.child: pmgr.0000.launching.0           : MainThread     : INFO    : parent stops child
2018-09-09 22:05:22,075: pmgr.0000.launching.0.child: pmgr.0000.launching.0           : MainThread     : DEBUG   : ru_finalize_parent (NOOP)
2018-09-09 22:05:22,075: pmgr.0000.launching.0.child: pmgr.0000.launching.0           : MainThread     : DEBUG   : ru_finalize_common (NOOP)
2018-09-09 22:05:22,080: pmgr.0000.launching.0.child: pmgr.0000.launching.0           : pmgr.0000.launching.0.child.idler._pilot_watcher_cb: DEBUG   : ru_finalize_child (NOOP)
2018-09-09 22:05:22,080: pmgr.0000.launching.0.child: pmgr.0000.launching.0           : pmgr.0000.launching.0.child.idler._pilot_watcher_cb: DEBUG   : ru_finalize_common (NOOP)
2018-09-09 22:05:22,080: pmgr.0000.launching.0.child: pmgr.0000.launching.0           : pmgr.0000.launching.0.child.idler._pilot_watcher_cb: INFO    : put message: [pmgr.0000.launching.0.child.idler._pilot_watcher_cb.thread] terminating
2018-09-09 22:05:22,083: pmgr.0000.launching.0.child: pmgr.0000.launching.0           : MainThread     : DEBUG   : TERM : pmgr.0000.launching.0.child unregistered idler pmgr.0000.launching.0.child.idler._pilot_watcher_cb
2018-09-09 22:05:22,083: pmgr.0000.launching.0.child: pmgr.0000.launching.0           : MainThread     : DEBUG   : TERM : pmgr.0000.launching.0.child unregister subscriber pmgr.0000.launching.0.child.subscriber._pmgr_control_cb
2018-09-09 22:05:22,084: pmgr.0000.launching.0.child: pmgr.0000.launching.0           : MainThread     : DEBUG   : unregistered subscriber pmgr.0000.launching.0.child.subscriber._pmgr_control_cb
2018-09-09 22:05:22,186: pmgr.0000.launching.0.child: pmgr.0000.launching.0           : MainThread     : DEBUG   : pilot(s).need(s) cancellation ['pilot.0000']
2018-09-09 22:05:22,186: pmgr.0000.launching.0.child: pmgr.0000.launching.0           : MainThread     : DEBUG   : update cancel req: pilot.0000 1536523522.19
2018-09-09 22:05:22,186: pmgr.0000.launching.0.child: pmgr.0000.launching.0           : MainThread     : DEBUG   : killing pilots: ['pilot.0000']
2018-09-09 22:05:22,186: pmgr.0000.launching.0.child: pmgr.0000.launching.0           : MainThread     : DEBUG   : killing pilots: [1536523522.186518]
2018-09-09 22:05:22,187: pmgr.0000.launching.0.child: pmgr.0000.launching.0           : MainThread     : DEBUG   : killing pilots: last cancel: 1536523522.19
2018-09-09 22:05:22,187: pmgr.0000.launching.0.child: pmgr.0000.launching.0           : MainThread     : DEBUG   : killing pilots: check 1536523522.19 < 1536523522.19 + 120
2018-09-09 22:05:22,187: pmgr.0000.launching.0.child: pmgr.0000.launching.0           : MainThread     : DEBUG   : killing pilots: alive pilot.0000
2018-09-09 22:05:23,188: pmgr.0000.launching.0.child: pmgr.0000.launching.0           : MainThread     : DEBUG   : killing pilots: check 1536523523.19 < 1536523522.19 + 120
2018-09-09 22:05:23,189: pmgr.0000.launching.0.child: pmgr.0000.launching.0           : MainThread     : DEBUG   : killing pilots: alive pilot.0000
