2018-09-09 21:53:43,510: pmgr.0000.launching.0: MainProcess                     : MainThread     : INFO    : python.interpreter   version: 2.7.12 (default, Dec 4 2017, 14:50:18) [GCC 5.4.0 20160609]
2018-09-09 21:53:43,511: pmgr.0000.launching.0: MainProcess                     : MainThread     : INFO    :                      pid/tid: 9246/MainThread
2018-09-09 21:53:43,511: pmgr.0000.launching.0: MainProcess                     : MainThread     : DEBUG   : alive check in term
2018-09-09 21:53:43,511: pmgr.0000.launching.0: MainProcess                     : MainThread     : DEBUG   : start process
2018-09-09 21:53:43,647: pmgr.0000.launching.0: MainProcess                     : MainThread     : INFO    : recv message: alive
2018-09-09 21:53:43,648: pmgr.0000.launching.0: MainProcess                     : MainThread     : INFO    : initialize pmgr.0000.launching.0
2018-09-09 21:53:43,651: pmgr.0000.launching.0: MainProcess                     : MainThread     : INFO    : cfg: {'agents': {},
 u'bridges': {u'control_pubsub': {'addr_in': 'tcp://138.201.86.166:35124',
                                  'addr_out': 'tcp://138.201.86.166:35165',
                                  u'bulk_size': 0,
                                  u'log_level': u'error',
                                  u'stall_hwm': 1},
              u'log_pubsub': {'addr_in': 'tcp://138.201.86.166:38148',
                              'addr_out': 'tcp://138.201.86.166:37064',
                              u'bulk_size': 0,
                              u'log_level': u'error',
                              u'stall_hwm': 1},
              u'pmgr_launching_queue': {'addr_in': 'tcp://138.201.86.166:44977',
                                        'addr_out': 'tcp://138.201.86.166:40564',
                                        u'bulk_size': 0,
                                        u'log_level': u'error',
                                        u'stall_hwm': 1},
              u'state_pubsub': {'addr_in': 'tcp://138.201.86.166:46717',
                                'addr_out': 'tcp://138.201.86.166:39574',
                                u'bulk_size': 0,
                                u'log_level': u'error',
                                u'stall_hwm': 1}},
 'cname': u'PMGRLaunchingComponent',
 u'components': {},
 u'count': 1,
 u'db_poll_sleeptime': 10.0,
 'number': 0,
 'owner': 'pmgr.0000',
 'uid': 'pmgr.0000'}
2018-09-09 21:53:43,651: pmgr.0000.launching.0: MainProcess                     : MainThread     : DEBUG   : alive check in term
2018-09-09 21:53:43,651: pmgr.0000.launching.0: MainProcess                     : MainThread     : DEBUG   : START: pmgr.0000.launching.0 register publisher log_pubsub
2018-09-09 21:53:43,651: pmgr.0000.launching.0: MainProcess                     : MainThread     : DEBUG   : using addr tcp://138.201.86.166:38148 for pubsub log_pubsub
2018-09-09 21:53:43,655: pmgr.0000.launching.0: MainProcess                     : MainThread     : DEBUG   : registered publisher : log_pubsub : log.pubsub.pub.0001
2018-09-09 21:53:43,655: pmgr.0000.launching.0: MainProcess                     : MainThread     : DEBUG   : alive check in term
2018-09-09 21:53:43,655: pmgr.0000.launching.0: MainProcess                     : MainThread     : DEBUG   : START: pmgr.0000.launching.0 register publisher state_pubsub
2018-09-09 21:53:43,655: pmgr.0000.launching.0: MainProcess                     : MainThread     : DEBUG   : using addr tcp://138.201.86.166:46717 for pubsub state_pubsub
2018-09-09 21:53:43,658: pmgr.0000.launching.0: MainProcess                     : MainThread     : DEBUG   : registered publisher : state_pubsub : state.pubsub.pub.0001
2018-09-09 21:53:43,658: pmgr.0000.launching.0: MainProcess                     : MainThread     : DEBUG   : alive check in term
2018-09-09 21:53:43,658: pmgr.0000.launching.0: MainProcess                     : MainThread     : DEBUG   : START: pmgr.0000.launching.0 register publisher control_pubsub
2018-09-09 21:53:43,658: pmgr.0000.launching.0: MainProcess                     : MainThread     : DEBUG   : using addr tcp://138.201.86.166:35124 for pubsub control_pubsub
2018-09-09 21:53:43,661: pmgr.0000.launching.0: MainProcess                     : MainThread     : DEBUG   : registered publisher : control_pubsub : control.pubsub.pub.0001
2018-09-09 21:53:43,663: pmgr.0000.launching.0: MainProcess                     : MainThread     : DEBUG   : parent name: pmgr.0000.launching.0.watch
2018-09-09 21:53:43,663: pmgr.0000.launching.0: MainProcess                     : MainThread     : DEBUG   : start thread
2018-09-09 21:53:43,664: pmgr.0000.launching.0: MainProcess                     : pmgr.0000.launching.0.watch: DEBUG   : child name: pmgr.0000.launching.0.watch.thread
2018-09-09 21:53:43,664: pmgr.0000.launching.0: MainProcess                     : pmgr.0000.launching.0.watch: INFO    : child (me) initializing
2018-09-09 21:53:43,664: pmgr.0000.launching.0: MainProcess                     : pmgr.0000.launching.0.watch: DEBUG   : ru_initialize_common (NOOP)
2018-09-09 21:53:43,664: pmgr.0000.launching.0: MainProcess                     : pmgr.0000.launching.0.watch: DEBUG   : ru_initialize_child (NOOP)
2018-09-09 21:53:43,664: pmgr.0000.launching.0: MainProcess                     : pmgr.0000.launching.0.watch: INFO    : send alive
2018-09-09 21:53:43,664: pmgr.0000.launching.0: MainProcess                     : pmgr.0000.launching.0.watch: INFO    : put message: [pmgr.0000.launching.0.watch.thread] alive
2018-09-09 21:53:43,665: pmgr.0000.launching.0: MainProcess                     : MainThread     : INFO    : get msg: alive
2018-09-09 21:53:43,665: pmgr.0000.launching.0: MainProcess                     : MainThread     : DEBUG   : ru_initialize_common (NOOP)
2018-09-09 21:53:43,665: pmgr.0000.launching.0: MainProcess                     : MainThread     : DEBUG   : ru_initialize_parent (NOOP)
2018-09-09 21:53:43,666: pmgr.0000.launching.0: MainProcess                     : MainThread     : DEBUG   : child thread pmgr.0000.launching.0.watch started
2018-09-09 21:53:43,666: pmgr.0000.launching.0: MainProcess                     : MainThread     : INFO    : child is alive
2018-09-09 21:53:43,666: pmgr.0000.launching.0: MainProcess                     : MainThread     : DEBUG   : process class started child
2018-09-09 22:05:21,826: pmgr.0000.launching.0: MainProcess                     : MainThread     : INFO    : stop pmgr.0000.launching.0 (9246 : 9447 : MainThread) [radical.pilot.pilot_manager.PilotManager.finalize_parent]
2018-09-09 22:05:21,861: pmgr.0000.launching.0: MainProcess                     : MainThread     : INFO    : parent stops child  9246 -> 9447 [pmgr.0000.launching.0]
2018-09-09 22:05:21,862: pmgr.0000.launching.0: MainProcess                     : MainThread     : INFO    : send message: [pmgr.0000.launching.0] STOP
2018-09-09 22:05:21,862: pmgr.0000.launching.0: MainProcess                     : MainThread     : DEBUG   : ru_finalize_common()
2018-09-09 22:05:21,862: pmgr.0000.launching.0: MainProcess                     : MainThread     : DEBUG   : TERM : pmgr.0000.launching.0 unregister publisher log_pubsub
2018-09-09 22:05:21,863: pmgr.0000.launching.0: MainProcess                     : MainThread     : DEBUG   : unregistered publisher log_pubsub
2018-09-09 22:05:21,863: pmgr.0000.launching.0: MainProcess                     : MainThread     : DEBUG   : TERM : pmgr.0000.launching.0 unregister publisher state_pubsub
2018-09-09 22:05:21,864: pmgr.0000.launching.0: MainProcess                     : MainThread     : DEBUG   : unregistered publisher state_pubsub
2018-09-09 22:05:21,864: pmgr.0000.launching.0: MainProcess                     : MainThread     : DEBUG   : TERM : pmgr.0000.launching.0 unregister publisher control_pubsub
2018-09-09 22:05:21,866: pmgr.0000.launching.0: MainProcess                     : MainThread     : DEBUG   : unregistered publisher control_pubsub
2018-09-09 22:05:21,866: pmgr.0000.launching.0: MainProcess                     : MainThread     : DEBUG   : pmgr.0000.launching.0 close prof
2018-09-09 22:05:21,903: pmgr.0000.launching.0: MainProcess                     : MainThread     : INFO    : parent stops child
2018-09-09 22:05:21,904: pmgr.0000.launching.0: MainProcess                     : MainThread     : DEBUG   : ru_finalize_parent (NOOP)
2018-09-09 22:05:21,904: pmgr.0000.launching.0: MainProcess                     : MainThread     : DEBUG   : ru_finalize_common (NOOP)
2018-09-09 22:05:21,905: pmgr.0000.launching.0: MainProcess                     : pmgr.0000.launching.0.watch: INFO    : watcher closes
2018-09-09 22:05:21,905: pmgr.0000.launching.0: MainProcess                     : pmgr.0000.launching.0.watch: INFO    : put message: [pmgr.0000.launching.0.watch.thread] work finished
2018-09-09 22:05:21,906: pmgr.0000.launching.0: MainProcess                     : pmgr.0000.launching.0.watch: DEBUG   : ru_finalize_child (NOOP)
2018-09-09 22:05:21,906: pmgr.0000.launching.0: MainProcess                     : pmgr.0000.launching.0.watch: DEBUG   : ru_finalize_common (NOOP)
2018-09-09 22:05:21,906: pmgr.0000.launching.0: MainProcess                     : pmgr.0000.launching.0.watch: INFO    : put message: [pmgr.0000.launching.0.watch.thread] terminating
2018-09-09 22:05:23,907: pmgr.0000.launching.0: MainProcess                     : MainThread     : WARNING : failed to stop child - terminate: 9246 -> 9447 [pmgr.0000.launching.0]
2018-09-09 22:05:24,064: pmgr.0000.launching.0: MainProcess                     : MainThread     : INFO    : stop pmgr.0000.launching.0 (9246 : 9447 : MainThread) [radical.pilot.utils.component.PilotManager.ru_finalize_common]
2018-09-09 22:05:26,634: pmgr.0000.launching.0: MainProcess                     : MainThread     : INFO    : stop pmgr.0000.launching.0 (9246 : 9447 : MainThread) [radical.pilot.session.Session.close]
