2018-09-09 21:53:42,259: update.0.child      : update.0                        : MainThread     : INFO    : python.interpreter   version: 2.7.12 (default, Dec 4 2017, 14:50:18) [GCC 5.4.0 20160609]
2018-09-09 21:53:42,260: update.0.child      : update.0                        : MainThread     : INFO    :                      pid/tid: 9360/MainThread
2018-09-09 21:53:42,260: update.0.child      : update.0                        : MainThread     : INFO    : initialize update.0.child
2018-09-09 21:53:42,264: update.0.child      : update.0                        : MainThread     : INFO    : cfg: {'agents': {},
 u'bridges': {u'control_pubsub': {'addr_in': 'tcp://138.201.86.166:35124',
                                  'addr_out': 'tcp://138.201.86.166:35165',
                                  u'bulk_size': 0,
                                  u'log_level': u'error',
                                  u'stall_hwm': 1},
              u'log_pubsub': {'addr_in': 'tcp://138.201.86.166:38148',
                              'addr_out': 'tcp://138.201.86.166:37064',
                              u'bulk_size': 0,
                              u'log_level': u'error',
                              u'stall_hwm': 1},
              u'state_pubsub': {'addr_in': 'tcp://138.201.86.166:46717',
                                'addr_out': 'tcp://138.201.86.166:39574',
                                u'bulk_size': 0,
                                u'log_level': u'error',
                                u'stall_hwm': 1}},
 'cname': u'UpdateWorker',
 u'components': {},
 u'count': 1,
 'dburl': 'mongodb://username:password12@ds229609.mlab.com:29609/bridges-hyperspace',
 u'default_dburl': u'mongodb://rp:rp@ds015335.mlab.com:15335/rp',
 'logdir': '/home/jdakka/hyperspace/hyperspace-RCT/null_workload/rp.session.two.jdakka.017783.0011',
 'number': 0,
 'owner': 'rp.session.two.jdakka.017783.0011',
 'session_id': 'rp.session.two.jdakka.017783.0011'}
2018-09-09 21:53:42,264: update.0.child      : update.0                        : MainThread     : DEBUG   : start components: {}
2018-09-09 21:53:42,264: update.0.child      : update.0                        : MainThread     : DEBUG   : alive check in term
2018-09-09 21:53:42,264: update.0.child      : update.0                        : MainThread     : DEBUG   : START: update.0.child register publisher log_pubsub
2018-09-09 21:53:42,264: update.0.child      : update.0                        : MainThread     : DEBUG   : using addr tcp://138.201.86.166:38148 for pubsub log_pubsub
2018-09-09 21:53:42,268: update.0.child      : update.0                        : MainThread     : DEBUG   : registered publisher : log_pubsub : log.pubsub.pub.0000
2018-09-09 21:53:42,268: update.0.child      : update.0                        : MainThread     : DEBUG   : alive check in term
2018-09-09 21:53:42,269: update.0.child      : update.0                        : MainThread     : DEBUG   : START: update.0.child register publisher state_pubsub
2018-09-09 21:53:42,269: update.0.child      : update.0                        : MainThread     : DEBUG   : using addr tcp://138.201.86.166:46717 for pubsub state_pubsub
2018-09-09 21:53:42,271: update.0.child      : update.0                        : MainThread     : DEBUG   : registered publisher : state_pubsub : state.pubsub.pub.0000
2018-09-09 21:53:42,272: update.0.child      : update.0                        : MainThread     : DEBUG   : alive check in term
2018-09-09 21:53:42,272: update.0.child      : update.0                        : MainThread     : DEBUG   : START: update.0.child register publisher control_pubsub
2018-09-09 21:53:42,272: update.0.child      : update.0                        : MainThread     : DEBUG   : using addr tcp://138.201.86.166:35124 for pubsub control_pubsub
2018-09-09 21:53:42,291: update.0.child      : update.0                        : MainThread     : DEBUG   : registered publisher : control_pubsub : control.pubsub.pub.0000
2018-09-09 21:53:42,292: update.0.child      : update.0                        : MainThread     : DEBUG   : alive check in term
2018-09-09 21:53:42,292: update.0.child      : update.0                        : MainThread     : DEBUG   : START: update.0.child register subscriber update.0.child.subscriber._cancel_monitor_cb
2018-09-09 21:53:42,292: update.0.child      : update.0                        : MainThread     : DEBUG   : using addr tcp://138.201.86.166:35165 for pubsub control_pubsub
2018-09-09 21:53:42,295: update.0.child      : update.0                        : MainThread     : DEBUG   : parent name: update.0.child.subscriber._cancel_monitor_cb
2018-09-09 21:53:42,296: update.0.child      : update.0                        : MainThread     : DEBUG   : start thread
2018-09-09 21:53:42,296: update.0.child      : update.0                        : update.0.child.subscriber._cancel_monitor_cb: DEBUG   : child name: update.0.child.subscriber._cancel_monitor_cb.thread
2018-09-09 21:53:42,296: update.0.child      : update.0                        : update.0.child.subscriber._cancel_monitor_cb: INFO    : child (me) initializing
2018-09-09 21:53:42,296: update.0.child      : update.0                        : update.0.child.subscriber._cancel_monitor_cb: DEBUG   : ru_initialize_common (NOOP)
2018-09-09 21:53:42,297: update.0.child      : update.0                        : update.0.child.subscriber._cancel_monitor_cb: DEBUG   : ru_initialize_child (NOOP)
2018-09-09 21:53:42,297: update.0.child      : update.0                        : update.0.child.subscriber._cancel_monitor_cb: INFO    : send alive
2018-09-09 21:53:42,297: update.0.child      : update.0                        : update.0.child.subscriber._cancel_monitor_cb: INFO    : put message: [update.0.child.subscriber._cancel_monitor_cb.thread] alive
2018-09-09 21:53:42,298: update.0.child      : update.0                        : MainThread     : INFO    : get msg: alive
2018-09-09 21:53:42,298: update.0.child      : update.0                        : MainThread     : DEBUG   : ru_initialize_common (NOOP)
2018-09-09 21:53:42,298: update.0.child      : update.0                        : MainThread     : DEBUG   : ru_initialize_parent (NOOP)
2018-09-09 21:53:42,298: update.0.child      : update.0                        : MainThread     : DEBUG   : child thread update.0.child.subscriber._cancel_monitor_cb started
2018-09-09 21:53:42,299: update.0.child      : update.0                        : MainThread     : DEBUG   : update.0.child registered control_pubsub subscriber update.0.child.subscriber._cancel_monitor_cb
2018-09-09 21:53:43,097: update.0.child      : update.0                        : MainThread     : DEBUG   : alive check in term
2018-09-09 21:53:43,098: update.0.child      : update.0                        : MainThread     : DEBUG   : START: update.0.child register subscriber update.0.child.subscriber._state_cb
2018-09-09 21:53:43,098: update.0.child      : update.0                        : MainThread     : DEBUG   : using addr tcp://138.201.86.166:39574 for pubsub state_pubsub
2018-09-09 21:53:43,101: update.0.child      : update.0                        : MainThread     : DEBUG   : parent name: update.0.child.subscriber._state_cb
2018-09-09 21:53:43,102: update.0.child      : update.0                        : MainThread     : DEBUG   : start thread
2018-09-09 21:53:43,103: update.0.child      : update.0                        : update.0.child.subscriber._state_cb: DEBUG   : child name: update.0.child.subscriber._state_cb.thread
2018-09-09 21:53:43,103: update.0.child      : update.0                        : update.0.child.subscriber._state_cb: INFO    : child (me) initializing
2018-09-09 21:53:43,103: update.0.child      : update.0                        : update.0.child.subscriber._state_cb: DEBUG   : ru_initialize_common (NOOP)
2018-09-09 21:53:43,103: update.0.child      : update.0                        : update.0.child.subscriber._state_cb: DEBUG   : ru_initialize_child (NOOP)
2018-09-09 21:53:43,104: update.0.child      : update.0                        : update.0.child.subscriber._state_cb: INFO    : send alive
2018-09-09 21:53:43,104: update.0.child      : update.0                        : update.0.child.subscriber._state_cb: INFO    : put message: [update.0.child.subscriber._state_cb.thread] alive
2018-09-09 21:53:43,105: update.0.child      : update.0                        : MainThread     : INFO    : get msg: alive
2018-09-09 21:53:43,105: update.0.child      : update.0                        : MainThread     : DEBUG   : ru_initialize_common (NOOP)
2018-09-09 21:53:43,105: update.0.child      : update.0                        : MainThread     : DEBUG   : ru_initialize_parent (NOOP)
2018-09-09 21:53:43,105: update.0.child      : update.0                        : MainThread     : DEBUG   : child thread update.0.child.subscriber._state_cb started
2018-09-09 21:53:43,105: update.0.child      : update.0                        : MainThread     : DEBUG   : update.0.child registered state_pubsub subscriber update.0.child.subscriber._state_cb
2018-09-09 21:53:43,106: update.0.child      : update.0                        : MainThread     : DEBUG   : alive check in term
2018-09-09 21:53:43,106: update.0.child      : update.0                        : MainThread     : DEBUG   : START: update.0.child register idler update.0.child.idler._idle_cb
2018-09-09 21:53:43,106: update.0.child      : update.0                        : MainThread     : DEBUG   : parent name: update.0.child.idler._idle_cb
2018-09-09 21:53:43,106: update.0.child      : update.0                        : MainThread     : DEBUG   : start thread
2018-09-09 21:53:43,107: update.0.child      : update.0                        : update.0.child.idler._idle_cb: DEBUG   : child name: update.0.child.idler._idle_cb.thread
2018-09-09 21:53:43,107: update.0.child      : update.0                        : update.0.child.idler._idle_cb: INFO    : child (me) initializing
2018-09-09 21:53:43,107: update.0.child      : update.0                        : update.0.child.idler._idle_cb: DEBUG   : ru_initialize_common (NOOP)
2018-09-09 21:53:43,107: update.0.child      : update.0                        : update.0.child.idler._idle_cb: DEBUG   : ru_initialize_child (NOOP)
2018-09-09 21:53:43,108: update.0.child      : update.0                        : update.0.child.idler._idle_cb: INFO    : send alive
2018-09-09 21:53:43,108: update.0.child      : update.0                        : update.0.child.idler._idle_cb: INFO    : put message: [update.0.child.idler._idle_cb.thread] alive
2018-09-09 21:53:43,109: update.0.child      : update.0                        : MainThread     : INFO    : get msg: alive
2018-09-09 21:53:43,109: update.0.child      : update.0                        : MainThread     : DEBUG   : ru_initialize_common (NOOP)
2018-09-09 21:53:43,109: update.0.child      : update.0                        : MainThread     : DEBUG   : ru_initialize_parent (NOOP)
2018-09-09 21:53:43,109: update.0.child      : update.0                        : MainThread     : DEBUG   : child thread update.0.child.idler._idle_cb started
2018-09-09 21:53:43,109: update.0.child      : update.0                        : MainThread     : DEBUG   : update.0.child registered idler update.0.child.idler._idle_cb
2018-09-09 21:53:43,110: update.0.child      : update.0                        : MainThread     : INFO    : child (me) initializing
2018-09-09 21:53:43,110: update.0.child      : update.0                        : MainThread     : DEBUG   : parent name: update.0.child.watch
2018-09-09 21:53:43,110: update.0.child      : update.0                        : MainThread     : DEBUG   : start thread
2018-09-09 21:53:43,110: update.0.child      : update.0                        : update.0.child.watch: DEBUG   : child name: update.0.child.watch.thread
2018-09-09 21:53:43,111: update.0.child      : update.0                        : update.0.child.watch: INFO    : child (me) initializing
2018-09-09 21:53:43,111: update.0.child      : update.0                        : update.0.child.watch: DEBUG   : ru_initialize_common (NOOP)
2018-09-09 21:53:43,111: update.0.child      : update.0                        : update.0.child.watch: DEBUG   : ru_initialize_child (NOOP)
2018-09-09 21:53:43,111: update.0.child      : update.0                        : update.0.child.watch: INFO    : send alive
2018-09-09 21:53:43,111: update.0.child      : update.0                        : update.0.child.watch: INFO    : put message: [update.0.child.watch.thread] alive
2018-09-09 21:53:43,112: update.0.child      : update.0                        : MainThread     : INFO    : get msg: alive
2018-09-09 21:53:43,112: update.0.child      : update.0                        : MainThread     : DEBUG   : ru_initialize_common (NOOP)
2018-09-09 21:53:43,112: update.0.child      : update.0                        : MainThread     : DEBUG   : ru_initialize_parent (NOOP)
2018-09-09 21:53:43,113: update.0.child      : update.0                        : MainThread     : DEBUG   : child thread update.0.child.watch started
2018-09-09 21:53:43,113: update.0.child      : update.0                        : MainThread     : INFO    : child (me) is alive
2018-09-09 21:53:43,113: update.0.child      : update.0                        : MainThread     : INFO    : send alive
2018-09-09 21:53:43,113: update.0.child      : update.0                        : MainThread     : INFO    : send message: [update.0.child] alive
2018-09-09 21:53:49,567: update.0.child      : update.0                        : update.0.child.subscriber._state_cb: DEBUG   : bulk update result: {'nModified': 1, 'nUpserted': 0, 'nMatched': 1, 'writeErrors': [], 'upserted': [], 'writeConcernErrors': [], 'nRemoved': 0, 'nInserted': 0}
2018-09-09 21:53:49,568: update.0.child      : update.0                        : update.0.child.subscriber._cancel_monitor_cb: DEBUG   : command ignored: pilot_staging_input_request
2018-09-09 21:53:49,568: update.0.child      : update.0                        : update.0.child.subscriber._cancel_monitor_cb: DEBUG   : command ignored: pilot_staging_input_result
2018-09-09 21:53:51,232: update.0.child      : update.0                        : update.0.child.idler._idle_cb: DEBUG   : bulk update result: {'nModified': 1, 'nUpserted': 0, 'nMatched': 1, 'writeErrors': [], 'upserted': [], 'writeConcernErrors': [], 'nRemoved': 0, 'nInserted': 0}
2018-09-09 21:54:08,575: update.0.child      : update.0                        : update.0.child.subscriber._state_cb: DEBUG   : bulk update result: {'nModified': 1, 'nUpserted': 0, 'nMatched': 1, 'writeErrors': [], 'upserted': [], 'writeConcernErrors': [], 'nRemoved': 0, 'nInserted': 0}
2018-09-09 21:54:44,632: update.0.child      : update.0                        : update.0.child.subscriber._state_cb: DEBUG   : bulk update result: {'nModified': 1, 'nUpserted': 0, 'nMatched': 1, 'writeErrors': [], 'upserted': [], 'writeConcernErrors': [], 'nRemoved': 0, 'nInserted': 0}
2018-09-09 21:54:47,958: update.0.child      : update.0                        : update.0.child.subscriber._cancel_monitor_cb: DEBUG   : command ignored: add_pilots
2018-09-09 21:54:48,609: update.0.child      : update.0                        : update.0.child.subscriber._state_cb: DEBUG   : bulk update result: {'nModified': 64, 'nUpserted': 0, 'nMatched': 64, 'writeErrors': [], 'upserted': [], 'writeConcernErrors': [], 'nRemoved': 0, 'nInserted': 0}
2018-09-09 21:54:48,730: update.0.child      : update.0                        : update.0.child.subscriber._state_cb: DEBUG   : bulk update result: {'nModified': 128, 'nUpserted': 0, 'nMatched': 128, 'writeErrors': [], 'upserted': [], 'writeConcernErrors': [], 'nRemoved': 0, 'nInserted': 0}
2018-09-09 21:54:48,956: update.0.child      : update.0                        : update.0.child.subscriber._state_cb: DEBUG   : bulk update result: {'nModified': 128, 'nUpserted': 0, 'nMatched': 128, 'writeErrors': [], 'upserted': [], 'writeConcernErrors': [], 'nRemoved': 0, 'nInserted': 0}
2018-09-09 22:04:52,878: update.0.child      : update.0                        : update.0.child.subscriber._state_cb: DEBUG   : bulk update result: {'nModified': 32, 'nUpserted': 0, 'nMatched': 32, 'writeErrors': [], 'upserted': [], 'writeConcernErrors': [], 'nRemoved': 0, 'nInserted': 0}
2018-09-09 22:04:54,394: update.0.child      : update.0                        : update.0.child.idler._idle_cb: DEBUG   : bulk update result: {'nModified': 64, 'nUpserted': 0, 'nMatched': 64, 'writeErrors': [], 'upserted': [], 'writeConcernErrors': [], 'nRemoved': 0, 'nInserted': 0}
2018-09-09 22:04:55,719: update.0.child      : update.0                        : update.0.child.idler._idle_cb: DEBUG   : bulk update result: {'nModified': 96, 'nUpserted': 0, 'nMatched': 96, 'writeErrors': [], 'upserted': [], 'writeConcernErrors': [], 'nRemoved': 0, 'nInserted': 0}
2018-09-09 22:05:15,792: update.0.child      : update.0                        : update.0.child.subscriber._cancel_monitor_cb: DEBUG   : command ignored: cancel_pilots
2018-09-09 22:05:21,796: update.0.child      : update.0                        : update.0.child.subscriber._state_cb: DEBUG   : bulk update result: {'nModified': 1, 'nUpserted': 0, 'nMatched': 1, 'writeErrors': [], 'upserted': [], 'writeConcernErrors': [], 'nRemoved': 0, 'nInserted': 0}
2018-09-09 22:05:21,797: update.0.child      : update.0                        : update.0.child.subscriber._cancel_monitor_cb: DEBUG   : command ignored: cancel_pilots
2018-09-09 22:05:24,176: update.0.child      : update.0                        : update.0.child.watch: INFO    : recv message: STOP
2018-09-09 22:05:24,176: update.0.child      : update.0                        : update.0.child.watch: INFO    : message received: STOP
2018-09-09 22:05:24,176: update.0.child      : update.0                        : update.0.child.watch: INFO    : STOP received: STOP
2018-09-09 22:05:24,177: update.0.child      : update.0                        : update.0.child.watch: INFO    : watcher closes
2018-09-09 22:05:24,177: update.0.child      : update.0                        : update.0.child.watch: INFO    : put message: [update.0.child.watch.thread] work finished
2018-09-09 22:05:24,177: update.0.child      : update.0                        : update.0.child.watch: DEBUG   : ru_finalize_child (NOOP)
2018-09-09 22:05:24,177: update.0.child      : update.0                        : update.0.child.watch: DEBUG   : ru_finalize_common (NOOP)
2018-09-09 22:05:24,177: update.0.child      : update.0                        : update.0.child.watch: INFO    : put message: [update.0.child.watch.thread] terminating
2018-09-09 22:05:24,191: update.0.child      : update.0                        : MainThread     : WARNING : alive check: proc invalid - stop [False - True]
2018-09-09 22:05:24,240: update.0.child      : update.0                        : MainThread     : INFO    : stop update.0.child (9360 : 9360 : MainThread) [radical.pilot.worker.update.Update.stop]
2018-09-09 22:05:24,276: update.0.child      : update.0                        : MainThread     : INFO    : parent stops child  9360 -> 9360 [update.0.child]
2018-09-09 22:05:24,276: update.0.child      : update.0                        : MainThread     : INFO    : send message: [update.0.child] STOP
2018-09-09 22:05:24,276: update.0.child      : update.0                        : MainThread     : WARNING : send failed ([Errno 9] Bad file descriptor) - terminate
2018-09-09 22:05:24,276: update.0.child      : update.0                        : MainThread     : DEBUG   : TERM : update.0.child unregister idler update.0.child.idler._idle_cb
2018-09-09 22:05:24,276: update.0.child      : update.0                        : MainThread     : INFO    : parent stops child
2018-09-09 22:05:24,276: update.0.child      : update.0                        : MainThread     : DEBUG   : ru_finalize_parent (NOOP)
2018-09-09 22:05:24,276: update.0.child      : update.0                        : MainThread     : DEBUG   : ru_finalize_common (NOOP)
2018-09-09 22:05:24,304: update.0.child      : update.0                        : update.0.child.idler._idle_cb: DEBUG   : ru_finalize_child (NOOP)
2018-09-09 22:05:24,304: update.0.child      : update.0                        : update.0.child.idler._idle_cb: DEBUG   : ru_finalize_common (NOOP)
2018-09-09 22:05:24,304: update.0.child      : update.0                        : update.0.child.idler._idle_cb: INFO    : put message: [update.0.child.idler._idle_cb.thread] terminating
2018-09-09 22:05:24,308: update.0.child      : update.0                        : MainThread     : DEBUG   : TERM : update.0.child unregistered idler update.0.child.idler._idle_cb
2018-09-09 22:05:24,308: update.0.child      : update.0                        : MainThread     : DEBUG   : TERM : update.0.child unregister subscriber update.0.child.subscriber._state_cb
2018-09-09 22:05:24,308: update.0.child      : update.0                        : MainThread     : DEBUG   : unregistered subscriber update.0.child.subscriber._state_cb
2018-09-09 22:05:24,309: update.0.child      : update.0                        : MainThread     : DEBUG   : ru_finalize_common()
2018-09-09 22:05:24,309: update.0.child      : update.0                        : MainThread     : DEBUG   : TERM : update.0.child unregister publisher log_pubsub
2018-09-09 22:05:24,310: update.0.child      : update.0                        : MainThread     : DEBUG   : unregistered publisher log_pubsub
2018-09-09 22:05:24,311: update.0.child      : update.0                        : MainThread     : DEBUG   : TERM : update.0.child unregister publisher state_pubsub
2018-09-09 22:05:24,312: update.0.child      : update.0                        : MainThread     : DEBUG   : unregistered publisher state_pubsub
2018-09-09 22:05:24,312: update.0.child      : update.0                        : MainThread     : DEBUG   : TERM : update.0.child unregister publisher control_pubsub
2018-09-09 22:05:24,313: update.0.child      : update.0                        : MainThread     : DEBUG   : unregistered publisher control_pubsub
2018-09-09 22:05:24,313: update.0.child      : update.0                        : MainThread     : DEBUG   : update.0.child close prof
2018-09-09 22:05:24,342: update.0.child      : update.0                        : MainThread     : INFO    : parent stops child
2018-09-09 22:05:24,343: update.0.child      : update.0                        : MainThread     : DEBUG   : ru_finalize_parent (NOOP)
2018-09-09 22:05:24,343: update.0.child      : update.0                        : MainThread     : DEBUG   : ru_finalize_common (NOOP)
2018-09-09 22:05:24,343: update.0.child      : update.0                        : MainThread     : INFO    : parent stops child
2018-09-09 22:05:24,343: update.0.child      : update.0                        : MainThread     : DEBUG   : ru_finalize_parent (NOOP)
2018-09-09 22:05:24,344: update.0.child      : update.0                        : update.0.child.subscriber._cancel_monitor_cb: DEBUG   : ru_finalize_child (NOOP)
2018-09-09 22:05:24,344: update.0.child      : update.0                        : update.0.child.subscriber._cancel_monitor_cb: INFO    : put message: [update.0.child.subscriber._cancel_monitor_cb.thread] terminating
2018-09-09 22:05:24,345: update.0.child      : update.0                        : MainThread     : INFO    : parent stops child
2018-09-09 22:05:24,345: update.0.child      : update.0                        : MainThread     : DEBUG   : ru_finalize_parent (NOOP)
2018-09-09 22:05:24,345: update.0.child      : update.0                        : update.0.child.subscriber._state_cb: DEBUG   : ru_finalize_child (NOOP)
2018-09-09 22:05:24,346: update.0.child      : update.0                        : update.0.child.subscriber._state_cb: INFO    : put message: [update.0.child.subscriber._state_cb.thread] terminating
2018-09-09 22:05:24,346: update.0.child      : update.0                        : MainThread     : INFO    : parent stops child
2018-09-09 22:05:24,346: update.0.child      : update.0                        : MainThread     : WARNING : super update.0.child is invalid
2018-09-09 22:05:24,347: update.0.child      : update.0                        : MainThread     : WARNING : component update.0.child is invalid
2018-09-09 22:05:24,349: update.0.child      : update.0                        : MainThread     : INFO    : stop update.0.child (9360 : 9360 : MainThread) [radical.pilot.worker.update.Update.stop]
2018-09-09 22:05:24,349: update.0.child      : update.0                        : MainThread     : DEBUG   : TERM : update.0.child unregister idler update.0.child.idler._idle_cb
2018-09-09 22:05:24,349: update.0.child      : update.0                        : MainThread     : WARNING : timed cb update.0.child.idler._idle_cb is not registered
2018-09-09 22:05:24,349: update.0.child      : update.0                        : MainThread     : DEBUG   : TERM : update.0.child unregister subscriber update.0.child.subscriber._state_cb
2018-09-09 22:05:24,349: update.0.child      : update.0                        : MainThread     : WARNING : subscriber _state_cb is not registered
2018-09-09 22:05:24,349: update.0.child      : update.0                        : MainThread     : DEBUG   : ru_finalize_common()
2018-09-09 22:05:24,349: update.0.child      : update.0                        : MainThread     : WARNING : publisher log_pubsub is not registered
2018-09-09 22:05:24,350: update.0.child      : update.0                        : MainThread     : WARNING : publisher state_pubsub is not registered
2018-09-09 22:05:24,350: update.0.child      : update.0                        : MainThread     : WARNING : publisher control_pubsub is not registered
2018-09-09 22:05:24,350: update.0.child      : update.0                        : MainThread     : DEBUG   : update.0.child close prof
2018-09-09 22:05:24,350: update.0.child      : update.0                        : MainThread     : INFO    : send message: [update.0.child] terminating
2018-09-09 22:05:24,350: update.0.child      : update.0                        : MainThread     : WARNING : send failed ([Errno 9] Bad file descriptor) - terminate
2018-09-09 22:05:24,350: update.0.child      : update.0                        : MainThread     : INFO    : parent stops child
2018-09-09 22:05:24,350: update.0.child      : update.0                        : MainThread     : INFO    : parent stops child
2018-09-09 22:05:24,351: update.0.child      : update.0                        : MainThread     : INFO    : parent stops child
