2018-09-09 12:54:37,259: update.0.child      : update.0                        : MainThread     : INFO    : python.interpreter   version: 2.7.10 (default, Feb 1 2016, 14:30:50) [GCC 4.9.2]
2018-09-09 12:54:37,259: update.0.child      : update.0                        : MainThread     : INFO    :                      pid/tid: 9293/MainThread
2018-09-09 12:54:37,259: update.0.child      : update.0                        : MainThread     : INFO    : initialize update.0.child
2018-09-09 12:54:37,270: update.0.child      : update.0                        : MainThread     : INFO    : cfg: {'agent_launch_method': 'ORTE',
 'agent_name': 'agent_0',
 'agents': {},
 'bridges': {'agent_executing_queue': {'addr_in': 'tcp://198.202.113.101:42147',
                                       'addr_out': 'tcp://198.202.113.101:44929',
                                       'bulk_size': 0,
                                       'log_level': 'error',
                                       'stall_hwm': 1},
             'agent_schedule_pubsub': {'addr_in': 'tcp://198.202.113.101:40395',
                                       'addr_out': 'tcp://198.202.113.101:41545',
                                       'bulk_size': 0,
                                       'log_level': 'error',
                                       'stall_hwm': 1},
             'agent_scheduling_queue': {'addr_in': 'tcp://198.202.113.101:45290',
                                        'addr_out': 'tcp://198.202.113.101:39854',
                                        'bulk_size': 0,
                                        'log_level': 'error',
                                        'stall_hwm': 1},
             'agent_staging_input_queue': {'addr_in': 'tcp://198.202.113.101:41831',
                                           'addr_out': 'tcp://198.202.113.101:37772',
                                           'bulk_size': 0,
                                           'log_level': 'error',
                                           'stall_hwm': 1},
             'agent_staging_output_queue': {'addr_in': 'tcp://198.202.113.101:43007',
                                            'addr_out': 'tcp://198.202.113.101:37172',
                                            'bulk_size': 0,
                                            'log_level': 'error',
                                            'stall_hwm': 1},
             'agent_unschedule_pubsub': {'addr_in': 'tcp://198.202.113.101:46414',
                                         'addr_out': 'tcp://198.202.113.101:45962',
                                         'bulk_size': 0,
                                         'log_level': 'error',
                                         'stall_hwm': 1},
             'control_pubsub': {'addr_in': 'tcp://198.202.113.101:40559',
                                'addr_out': 'tcp://198.202.113.101:42550',
                                'bulk_size': 0,
                                'log_level': 'error',
                                'stall_hwm': 1},
             'log_pubsub': {'addr_in': 'tcp://198.202.113.101:42515',
                            'addr_out': 'tcp://198.202.113.101:44705',
                            'bulk_size': 0,
                            'log_level': 'error',
                            'stall_hwm': 1},
             'state_pubsub': {'addr_in': 'tcp://198.202.113.101:46055',
                              'addr_out': 'tcp://198.202.113.101:33003',
                              'bulk_size': 0,
                              'log_level': 'error',
                              'stall_hwm': 1}},
 'bulk_collection_size': 100,
 'bulk_collection_time': 1.0,
 'cname': 'UpdateWorker',
 'components': {},
 'cores': 1536,
 'cores_per_node': 24,
 'count': 1,
 'cu_post_exec': None,
 'cu_pre_exec': None,
 'cu_tmp': None,
 'db_poll_sleeptime': 1.0,
 'dburl': 'mongodb://username:password12@ds229609.mlab.com:29609/bridges-hyperspace',
 'debug': 10,
 'export_to_cu': None,
 'gpus': 0,
 'gpus_per_node': 0,
 'logdir': '.',
 'lrms': 'SLURM',
 'lrms_info': {'agent_nodes': {},
               'cores_per_node': 24,
               'gpus_per_node': 0,
               'lm_info': {'cores_per_node': 24,
                           'dvm_uri': '3404857344.0;tcp://10.22.250.166,198.202.113.101,10.21.250.166,192.168.33.101:41820;ud://21649.17856.1',
                           'version_info': {'ORTE': {'version': '3.0.0a1',
                                                     'version_detail': 'v2.x-dev-3722-g578d881'}}},
               'name': 'Slurm',
               'node_list': [['comet-21-01', 'comet-21-01'],
                             ['comet-21-02', 'comet-21-02'],
                             ['comet-21-03', 'comet-21-03'],
                             ['comet-21-04', 'comet-21-04'],
                             ['comet-21-05', 'comet-21-05'],
                             ['comet-21-07', 'comet-21-07'],
                             ['comet-21-13', 'comet-21-13'],
                             ['comet-21-14', 'comet-21-14'],
                             ['comet-21-15', 'comet-21-15'],
                             ['comet-21-16', 'comet-21-16'],
                             ['comet-21-17', 'comet-21-17'],
                             ['comet-21-18', 'comet-21-18'],
                             ['comet-21-19', 'comet-21-19'],
                             ['comet-21-21', 'comet-21-21'],
                             ['comet-21-22', 'comet-21-22'],
                             ['comet-21-23', 'comet-21-23'],
                             ['comet-21-24', 'comet-21-24'],
                             ['comet-21-25', 'comet-21-25'],
                             ['comet-21-26', 'comet-21-26'],
                             ['comet-21-27', 'comet-21-27'],
                             ['comet-21-28', 'comet-21-28'],
                             ['comet-21-29', 'comet-21-29'],
                             ['comet-21-30', 'comet-21-30'],
                             ['comet-21-31', 'comet-21-31'],
                             ['comet-21-32', 'comet-21-32'],
                             ['comet-21-33', 'comet-21-33'],
                             ['comet-21-34', 'comet-21-34'],
                             ['comet-21-35', 'comet-21-35'],
                             ['comet-21-36', 'comet-21-36'],
                             ['comet-21-37', 'comet-21-37'],
                             ['comet-21-38', 'comet-21-38'],
                             ['comet-21-39', 'comet-21-39'],
                             ['comet-21-40', 'comet-21-40'],
                             ['comet-21-41', 'comet-21-41'],
                             ['comet-21-42', 'comet-21-42'],
                             ['comet-21-43', 'comet-21-43'],
                             ['comet-21-44', 'comet-21-44'],
                             ['comet-21-45', 'comet-21-45'],
                             ['comet-21-46', 'comet-21-46'],
                             ['comet-21-47', 'comet-21-47'],
                             ['comet-21-48', 'comet-21-48'],
                             ['comet-21-49', 'comet-21-49'],
                             ['comet-21-50', 'comet-21-50'],
                             ['comet-21-51', 'comet-21-51'],
                             ['comet-21-52', 'comet-21-52'],
                             ['comet-21-53', 'comet-21-53'],
                             ['comet-21-54', 'comet-21-54'],
                             ['comet-21-55', 'comet-21-55'],
                             ['comet-21-56', 'comet-21-56'],
                             ['comet-21-57', 'comet-21-57'],
                             ['comet-21-58', 'comet-21-58'],
                             ['comet-21-59', 'comet-21-59'],
                             ['comet-21-60', 'comet-21-60'],
                             ['comet-21-61', 'comet-21-61'],
                             ['comet-21-62', 'comet-21-62'],
                             ['comet-21-63', 'comet-21-63'],
                             ['comet-21-64', 'comet-21-64'],
                             ['comet-21-65', 'comet-21-65'],
                             ['comet-21-66', 'comet-21-66'],
                             ['comet-21-67', 'comet-21-67'],
                             ['comet-21-69', 'comet-21-69'],
                             ['comet-21-70', 'comet-21-70'],
                             ['comet-21-71', 'comet-21-71'],
                             ['comet-21-72', 'comet-21-72']]},
 'max_io_loglength': 1024,
 'mode': 'shared',
 'mpi_launch_method': 'ORTE',
 'number': 0,
 'owner': 'agent_0',
 'pilot_id': 'pilot.0000',
 'pilot_sandbox': '/home/jdakka/radical.pilot.sandbox/rp.session.two.jdakka.017783.0011/pilot.0000/',
 'resource_cfg': {'agent_config': 'default',
                  'agent_launch_method': 'ORTE',
                  'agent_scheduler': 'CONTINUOUS',
                  'agent_spawner': 'POPEN',
                  'cores_per_node': 24,
                  'default_queue': 'compute',
                  'description': "The Comet HPC resource at SDSC 'HPC for the 99%' (http://www.sdsc.edu/services/hpc/hpc_systems.html#comet).",
                  'filesystem_endpoint': 'gsisftp://comet.sdsc.xsede.org/',
                  'gsissh': {'filesystem_endpoint': 'gsisftp://comet.sdsc.xsede.org/',
                             'job_manager_endpoint': 'slurm+gsissh://comet.sdsc.xsede.org/'},
                  'job_manager_endpoint': 'slurm+gsissh://comet.sdsc.xsede.org/',
                  'label': 'xsede.comet_orte',
                  'lrms': 'SLURM',
                  'mandatory_args': ['project'],
                  'mpi_launch_method': 'ORTE',
                  'notes': 'Always set the ``project`` attribute in the ComputePilotDescription or the pilot will fail.',
                  'pre_bootstrap_0': ['module use --append /home/amerzky/ompi/modules',
                                      'module load python',
                                      'module load openmpi/2017_02_17_6da4dbb'],
                  'python_dist': 'default',
                  'rp_version': 'local',
                  'schemas': ['ssh', 'gsissh'],
                  'ssh': {'filesystem_endpoint': 'sftp://comet.sdsc.xsede.org/',
                          'job_manager_endpoint': 'slurm+ssh://comet.sdsc.xsede.org/'},
                  'task_launch_method': 'ORTE',
                  'valid_roots': ['/home'],
                  'virtenv_mode': 'create'},
 'resource_sandbox': '/home/jdakka/radical.pilot.sandbox',
 'runtime': 30,
 'scheduler': 'CONTINUOUS',
 'session_id': 'rp.session.two.jdakka.017783.0011',
 'session_sandbox': '/home/jdakka/radical.pilot.sandbox/rp.session.two.jdakka.017783.0011',
 'spawner': 'POPEN',
 'staging_area': 'staging_area',
 'staging_schema': 'staging',
 'target': 'local',
 'task_launch_method': 'ORTE',
 'uid': 'agent_0',
 'workdir': '/home/jdakka/radical.pilot.sandbox/rp.session.two.jdakka.017783.0011/pilot.0000'}
2018-09-09 12:54:37,271: update.0.child      : update.0                        : MainThread     : DEBUG   : start components: {}
2018-09-09 12:54:37,271: update.0.child      : update.0                        : MainThread     : DEBUG   : alive check in term
2018-09-09 12:54:37,271: update.0.child      : update.0                        : MainThread     : DEBUG   : START: update.0.child register publisher log_pubsub
2018-09-09 12:54:37,271: update.0.child      : update.0                        : MainThread     : DEBUG   : using addr tcp://198.202.113.101:42515 for pubsub log_pubsub
2018-09-09 12:54:37,274: update.0.child      : update.0                        : MainThread     : DEBUG   : registered publisher : log_pubsub : log.pubsub.pub.0003
2018-09-09 12:54:37,274: update.0.child      : update.0                        : MainThread     : DEBUG   : alive check in term
2018-09-09 12:54:37,274: update.0.child      : update.0                        : MainThread     : DEBUG   : START: update.0.child register publisher state_pubsub
2018-09-09 12:54:37,274: update.0.child      : update.0                        : MainThread     : DEBUG   : using addr tcp://198.202.113.101:46055 for pubsub state_pubsub
2018-09-09 12:54:37,277: update.0.child      : update.0                        : MainThread     : DEBUG   : registered publisher : state_pubsub : state.pubsub.pub.0003
2018-09-09 12:54:37,277: update.0.child      : update.0                        : MainThread     : DEBUG   : alive check in term
2018-09-09 12:54:37,277: update.0.child      : update.0                        : MainThread     : DEBUG   : START: update.0.child register publisher control_pubsub
2018-09-09 12:54:37,277: update.0.child      : update.0                        : MainThread     : DEBUG   : using addr tcp://198.202.113.101:40559 for pubsub control_pubsub
2018-09-09 12:54:37,280: update.0.child      : update.0                        : MainThread     : DEBUG   : registered publisher : control_pubsub : control.pubsub.pub.0003
2018-09-09 12:54:37,281: update.0.child      : update.0                        : MainThread     : DEBUG   : alive check in term
2018-09-09 12:54:37,281: update.0.child      : update.0                        : MainThread     : DEBUG   : START: update.0.child register subscriber update.0.child.subscriber._cancel_monitor_cb
2018-09-09 12:54:37,281: update.0.child      : update.0                        : MainThread     : DEBUG   : using addr tcp://198.202.113.101:42550 for pubsub control_pubsub
2018-09-09 12:54:37,283: update.0.child      : update.0                        : MainThread     : DEBUG   : parent name: update.0.child.subscriber._cancel_monitor_cb
2018-09-09 12:54:37,284: update.0.child      : update.0                        : MainThread     : DEBUG   : start thread
2018-09-09 12:54:37,284: update.0.child      : update.0                        : update.0.child.subscriber._cancel_monitor_cb: DEBUG   : child name: update.0.child.subscriber._cancel_monitor_cb.thread
2018-09-09 12:54:37,284: update.0.child      : update.0                        : update.0.child.subscriber._cancel_monitor_cb: INFO    : child (me) initializing
2018-09-09 12:54:37,284: update.0.child      : update.0                        : update.0.child.subscriber._cancel_monitor_cb: DEBUG   : ru_initialize_common (NOOP)
2018-09-09 12:54:37,284: update.0.child      : update.0                        : update.0.child.subscriber._cancel_monitor_cb: DEBUG   : ru_initialize_child (NOOP)
2018-09-09 12:54:37,284: update.0.child      : update.0                        : update.0.child.subscriber._cancel_monitor_cb: INFO    : send alive
2018-09-09 12:54:37,284: update.0.child      : update.0                        : update.0.child.subscriber._cancel_monitor_cb: INFO    : put message: [update.0.child.subscriber._cancel_monitor_cb.thread] alive
2018-09-09 12:54:37,285: update.0.child      : update.0                        : MainThread     : INFO    : get msg: alive
2018-09-09 12:54:37,285: update.0.child      : update.0                        : MainThread     : DEBUG   : ru_initialize_common (NOOP)
2018-09-09 12:54:37,285: update.0.child      : update.0                        : MainThread     : DEBUG   : ru_initialize_parent (NOOP)
2018-09-09 12:54:37,285: update.0.child      : update.0                        : MainThread     : DEBUG   : child thread update.0.child.subscriber._cancel_monitor_cb started
2018-09-09 12:54:37,285: update.0.child      : update.0                        : MainThread     : DEBUG   : update.0.child registered control_pubsub subscriber update.0.child.subscriber._cancel_monitor_cb
2018-09-09 12:54:37,641: update.0.child      : update.0                        : MainThread     : DEBUG   : alive check in term
2018-09-09 12:54:37,641: update.0.child      : update.0                        : MainThread     : DEBUG   : START: update.0.child register subscriber update.0.child.subscriber._state_cb
2018-09-09 12:54:37,641: update.0.child      : update.0                        : MainThread     : DEBUG   : using addr tcp://198.202.113.101:33003 for pubsub state_pubsub
2018-09-09 12:54:37,644: update.0.child      : update.0                        : MainThread     : DEBUG   : parent name: update.0.child.subscriber._state_cb
2018-09-09 12:54:37,644: update.0.child      : update.0                        : MainThread     : DEBUG   : start thread
2018-09-09 12:54:37,644: update.0.child      : update.0                        : update.0.child.subscriber._state_cb: DEBUG   : child name: update.0.child.subscriber._state_cb.thread
2018-09-09 12:54:37,645: update.0.child      : update.0                        : update.0.child.subscriber._state_cb: INFO    : child (me) initializing
2018-09-09 12:54:37,645: update.0.child      : update.0                        : update.0.child.subscriber._state_cb: DEBUG   : ru_initialize_common (NOOP)
2018-09-09 12:54:37,645: update.0.child      : update.0                        : update.0.child.subscriber._state_cb: DEBUG   : ru_initialize_child (NOOP)
2018-09-09 12:54:37,645: update.0.child      : update.0                        : update.0.child.subscriber._state_cb: INFO    : send alive
2018-09-09 12:54:37,645: update.0.child      : update.0                        : update.0.child.subscriber._state_cb: INFO    : put message: [update.0.child.subscriber._state_cb.thread] alive
2018-09-09 12:54:37,646: update.0.child      : update.0                        : MainThread     : INFO    : get msg: alive
2018-09-09 12:54:37,646: update.0.child      : update.0                        : MainThread     : DEBUG   : ru_initialize_common (NOOP)
2018-09-09 12:54:37,646: update.0.child      : update.0                        : MainThread     : DEBUG   : ru_initialize_parent (NOOP)
2018-09-09 12:54:37,646: update.0.child      : update.0                        : MainThread     : DEBUG   : child thread update.0.child.subscriber._state_cb started
2018-09-09 12:54:37,646: update.0.child      : update.0                        : MainThread     : DEBUG   : update.0.child registered state_pubsub subscriber update.0.child.subscriber._state_cb
2018-09-09 12:54:37,646: update.0.child      : update.0                        : MainThread     : DEBUG   : alive check in term
2018-09-09 12:54:37,646: update.0.child      : update.0                        : MainThread     : DEBUG   : START: update.0.child register idler update.0.child.idler._idle_cb
2018-09-09 12:54:37,646: update.0.child      : update.0                        : MainThread     : DEBUG   : parent name: update.0.child.idler._idle_cb
2018-09-09 12:54:37,646: update.0.child      : update.0                        : MainThread     : DEBUG   : start thread
2018-09-09 12:54:37,646: update.0.child      : update.0                        : update.0.child.idler._idle_cb: DEBUG   : child name: update.0.child.idler._idle_cb.thread
2018-09-09 12:54:37,646: update.0.child      : update.0                        : update.0.child.idler._idle_cb: INFO    : child (me) initializing
2018-09-09 12:54:37,647: update.0.child      : update.0                        : update.0.child.idler._idle_cb: DEBUG   : ru_initialize_common (NOOP)
2018-09-09 12:54:37,647: update.0.child      : update.0                        : update.0.child.idler._idle_cb: DEBUG   : ru_initialize_child (NOOP)
2018-09-09 12:54:37,647: update.0.child      : update.0                        : update.0.child.idler._idle_cb: INFO    : send alive
2018-09-09 12:54:37,647: update.0.child      : update.0                        : update.0.child.idler._idle_cb: INFO    : put message: [update.0.child.idler._idle_cb.thread] alive
2018-09-09 12:54:37,648: update.0.child      : update.0                        : MainThread     : INFO    : get msg: alive
2018-09-09 12:54:37,648: update.0.child      : update.0                        : MainThread     : DEBUG   : ru_initialize_common (NOOP)
2018-09-09 12:54:37,648: update.0.child      : update.0                        : MainThread     : DEBUG   : ru_initialize_parent (NOOP)
2018-09-09 12:54:37,648: update.0.child      : update.0                        : MainThread     : DEBUG   : child thread update.0.child.idler._idle_cb started
2018-09-09 12:54:37,648: update.0.child      : update.0                        : MainThread     : DEBUG   : update.0.child registered idler update.0.child.idler._idle_cb
2018-09-09 12:54:37,648: update.0.child      : update.0                        : MainThread     : INFO    : child (me) initializing
2018-09-09 12:54:37,648: update.0.child      : update.0                        : MainThread     : DEBUG   : parent name: update.0.child.watch
2018-09-09 12:54:37,648: update.0.child      : update.0                        : MainThread     : DEBUG   : start thread
2018-09-09 12:54:37,648: update.0.child      : update.0                        : update.0.child.watch: DEBUG   : child name: update.0.child.watch.thread
2018-09-09 12:54:37,648: update.0.child      : update.0                        : update.0.child.watch: INFO    : child (me) initializing
2018-09-09 12:54:37,648: update.0.child      : update.0                        : update.0.child.watch: DEBUG   : ru_initialize_common (NOOP)
2018-09-09 12:54:37,648: update.0.child      : update.0                        : update.0.child.watch: DEBUG   : ru_initialize_child (NOOP)
2018-09-09 12:54:37,648: update.0.child      : update.0                        : update.0.child.watch: INFO    : send alive
2018-09-09 12:54:37,648: update.0.child      : update.0                        : update.0.child.watch: INFO    : put message: [update.0.child.watch.thread] alive
2018-09-09 12:54:37,649: update.0.child      : update.0                        : MainThread     : INFO    : get msg: alive
2018-09-09 12:54:37,649: update.0.child      : update.0                        : MainThread     : DEBUG   : ru_initialize_common (NOOP)
2018-09-09 12:54:37,649: update.0.child      : update.0                        : MainThread     : DEBUG   : ru_initialize_parent (NOOP)
2018-09-09 12:54:37,649: update.0.child      : update.0                        : MainThread     : DEBUG   : child thread update.0.child.watch started
2018-09-09 12:54:37,649: update.0.child      : update.0                        : MainThread     : INFO    : child (me) is alive
2018-09-09 12:54:37,650: update.0.child      : update.0                        : MainThread     : INFO    : send alive
2018-09-09 12:54:37,650: update.0.child      : update.0                        : MainThread     : INFO    : send message: [update.0.child] alive
2018-09-09 12:54:38,719: update.0.child      : update.0                        : update.0.child.idler._idle_cb: DEBUG   : bulk update result: {'nModified': 1, 'nUpserted': 0, 'nMatched': 1, 'writeErrors': [], 'upserted': [], 'writeConcernErrors': [], 'nRemoved': 0, 'nInserted': 0}
2018-09-09 12:54:50,162: update.0.child      : update.0                        : update.0.child.subscriber._state_cb: DEBUG   : bulk update result: {'nModified': 64, 'nUpserted': 0, 'nMatched': 64, 'writeErrors': [], 'upserted': [], 'writeConcernErrors': [], 'nRemoved': 0, 'nInserted': 0}
2018-09-09 12:54:50,319: update.0.child      : update.0                        : update.0.child.subscriber._state_cb: DEBUG   : bulk update result: {'nModified': 128, 'nUpserted': 0, 'nMatched': 128, 'writeErrors': [], 'upserted': [], 'writeConcernErrors': [], 'nRemoved': 0, 'nInserted': 0}
2018-09-09 12:54:51,204: update.0.child      : update.0                        : update.0.child.subscriber._state_cb: DEBUG   : bulk update result: {'nModified': 100, 'nUpserted': 0, 'nMatched': 100, 'writeErrors': [], 'upserted': [], 'writeConcernErrors': [], 'nRemoved': 0, 'nInserted': 0}
2018-09-09 12:54:52,810: update.0.child      : update.0                        : update.0.child.idler._idle_cb: DEBUG   : bulk update result: {'nModified': 28, 'nUpserted': 0, 'nMatched': 28, 'writeErrors': [], 'upserted': [], 'writeConcernErrors': [], 'nRemoved': 0, 'nInserted': 0}
2018-09-09 13:04:50,367: update.0.child      : update.0                        : update.0.child.subscriber._state_cb: DEBUG   : bulk update result: {'nModified': 1, 'nUpserted': 0, 'nMatched': 1, 'writeErrors': [], 'upserted': [], 'writeConcernErrors': [], 'nRemoved': 0, 'nInserted': 0}
2018-09-09 13:04:51,762: update.0.child      : update.0                        : update.0.child.subscriber._state_cb: DEBUG   : bulk update result: {'nModified': 96, 'nUpserted': 0, 'nMatched': 96, 'writeErrors': [], 'upserted': [], 'writeConcernErrors': [], 'nRemoved': 0, 'nInserted': 0}
2018-09-09 13:04:53,201: update.0.child      : update.0                        : update.0.child.idler._idle_cb: DEBUG   : bulk update result: {'nModified': 95, 'nUpserted': 0, 'nMatched': 95, 'writeErrors': [], 'upserted': [], 'writeConcernErrors': [], 'nRemoved': 0, 'nInserted': 0}
2018-09-09 13:05:17,301: update.0.child      : update.0                        : update.0.child.subscriber._cancel_monitor_cb: INFO    : got termination command
2018-09-09 13:05:17,411: update.0.child      : update.0                        : update.0.child.subscriber._cancel_monitor_cb: INFO    : stop update.0.child (9293 : 9293 : update.0.child.subscriber._cancel_monitor_cb) [radical.pilot.worker.update.Update.stop]
2018-09-09 13:05:17,414: update.0.child      : update.0                        : update.0.child.subscriber._cancel_monitor_cb: INFO    : parent stops child  9293 -> 9293 [update.0.child]
2018-09-09 13:05:17,414: update.0.child      : update.0                        : update.0.child.subscriber._cancel_monitor_cb: INFO    : send message: [update.0.child] STOP
2018-09-09 13:05:17,414: update.0.child      : update.0                        : update.0.child.subscriber._cancel_monitor_cb: DEBUG   : TERM : update.0.child unregister idler update.0.child.idler._idle_cb
2018-09-09 13:05:17,414: update.0.child      : update.0                        : update.0.child.subscriber._cancel_monitor_cb: INFO    : signal stop for update.0.child.subscriber._cancel_monitor_cb - do not join
2018-09-09 13:05:17,414: update.0.child      : update.0                        : update.0.child.subscriber._cancel_monitor_cb: DEBUG   : TERM : update.0.child unregistered idler update.0.child.idler._idle_cb
2018-09-09 13:05:17,414: update.0.child      : update.0                        : update.0.child.subscriber._cancel_monitor_cb: DEBUG   : TERM : update.0.child unregister subscriber update.0.child.subscriber._state_cb
2018-09-09 13:05:17,414: update.0.child      : update.0                        : update.0.child.subscriber._cancel_monitor_cb: DEBUG   : unregistered subscriber update.0.child.subscriber._state_cb
2018-09-09 13:05:17,414: update.0.child      : update.0                        : update.0.child.subscriber._cancel_monitor_cb: DEBUG   : ru_finalize_common()
2018-09-09 13:05:17,414: update.0.child      : update.0                        : update.0.child.subscriber._cancel_monitor_cb: DEBUG   : TERM : update.0.child unregister publisher log_pubsub
2018-09-09 13:05:17,415: update.0.child      : update.0                        : update.0.child.subscriber._cancel_monitor_cb: DEBUG   : unregistered publisher log_pubsub
2018-09-09 13:05:17,415: update.0.child      : update.0                        : update.0.child.subscriber._cancel_monitor_cb: DEBUG   : TERM : update.0.child unregister publisher state_pubsub
2018-09-09 13:05:17,415: update.0.child      : update.0                        : update.0.child.subscriber._cancel_monitor_cb: DEBUG   : unregistered publisher state_pubsub
2018-09-09 13:05:17,415: update.0.child      : update.0                        : update.0.child.subscriber._cancel_monitor_cb: DEBUG   : TERM : update.0.child unregister publisher control_pubsub
2018-09-09 13:05:17,416: update.0.child      : update.0                        : update.0.child.subscriber._cancel_monitor_cb: DEBUG   : unregistered publisher control_pubsub
2018-09-09 13:05:17,416: update.0.child      : update.0                        : update.0.child.subscriber._cancel_monitor_cb: DEBUG   : update.0.child close prof
2018-09-09 13:05:17,417: update.0.child      : update.0                        : update.0.child.subscriber._cancel_monitor_cb: INFO    : signal stop for update.0.child.subscriber._cancel_monitor_cb - do not join
2018-09-09 13:05:17,417: update.0.child      : update.0                        : update.0.child.subscriber._cancel_monitor_cb: INFO    : child calls stop()
2018-09-09 13:05:17,417: update.0.child      : update.0                        : update.0.child.subscriber._cancel_monitor_cb: INFO    : signal stop for update.0.child.subscriber._cancel_monitor_cb - do not join
2018-09-09 13:05:17,417: update.0.child      : update.0                        : update.0.child.subscriber._cancel_monitor_cb: INFO    : signal stop for update.0.child.subscriber._cancel_monitor_cb - do not join
2018-09-09 13:05:17,417: update.0.child      : update.0                        : update.0.child.subscriber._cancel_monitor_cb: INFO    : signal stop for update.0.child.subscriber._cancel_monitor_cb - do not join
2018-09-09 13:05:17,417: update.0.child      : update.0                        : update.0.child.subscriber._cancel_monitor_cb: INFO    : signal stop for update.0.child.subscriber._cancel_monitor_cb - do not join
2018-09-09 13:05:17,417: update.0.child      : update.0                        : update.0.child.subscriber._cancel_monitor_cb: DEBUG   : ru_finalize_child (NOOP)
2018-09-09 13:05:17,420: update.0.child      : update.0                        : update.0.child.subscriber._cancel_monitor_cb: INFO    : put message: [update.0.child.subscriber._cancel_monitor_cb.thread] terminating
2018-09-09 13:05:17,430: update.0.child      : update.0                        : update.0.child.idler._idle_cb: DEBUG   : ru_finalize_child (NOOP)
2018-09-09 13:05:17,430: update.0.child      : update.0                        : update.0.child.idler._idle_cb: DEBUG   : ru_finalize_common (NOOP)
2018-09-09 13:05:17,430: update.0.child      : update.0                        : update.0.child.idler._idle_cb: INFO    : put message: [update.0.child.idler._idle_cb.thread] terminating
2018-09-09 13:05:17,462: update.0.child      : update.0                        : update.0.child.watch: INFO    : recv message: 
2018-09-09 13:05:17,462: update.0.child      : update.0                        : update.0.child.watch: INFO    : message received: 
2018-09-09 13:05:17,462: update.0.child      : update.0                        : update.0.child.watch: WARNING : received empty string, parent closed ep
2018-09-09 13:05:17,462: update.0.child      : update.0                        : update.0.child.watch: INFO    : watcher closes
2018-09-09 13:05:17,462: update.0.child      : update.0                        : update.0.child.watch: INFO    : put message: [update.0.child.watch.thread] work finished
2018-09-09 13:05:17,462: update.0.child      : update.0                        : update.0.child.watch: DEBUG   : ru_finalize_child (NOOP)
2018-09-09 13:05:17,462: update.0.child      : update.0                        : update.0.child.watch: DEBUG   : ru_finalize_common (NOOP)
2018-09-09 13:05:17,463: update.0.child      : update.0                        : update.0.child.watch: INFO    : put message: [update.0.child.watch.thread] terminating
2018-09-09 13:05:17,468: update.0.child      : update.0                        : MainThread     : DEBUG   : TERM : update.0.child unregister idler update.0.child.idler._idle_cb
2018-09-09 13:05:17,468: update.0.child      : update.0                        : MainThread     : WARNING : timed cb update.0.child.idler._idle_cb is not registered
2018-09-09 13:05:17,468: update.0.child      : update.0                        : MainThread     : DEBUG   : TERM : update.0.child unregister subscriber update.0.child.subscriber._state_cb
2018-09-09 13:05:17,468: update.0.child      : update.0                        : MainThread     : WARNING : subscriber _state_cb is not registered
2018-09-09 13:05:17,468: update.0.child      : update.0                        : MainThread     : DEBUG   : ru_finalize_common()
2018-09-09 13:05:17,468: update.0.child      : update.0                        : MainThread     : WARNING : publisher log_pubsub is not registered
2018-09-09 13:05:17,468: update.0.child      : update.0                        : MainThread     : WARNING : publisher state_pubsub is not registered
2018-09-09 13:05:17,468: update.0.child      : update.0                        : MainThread     : WARNING : publisher control_pubsub is not registered
2018-09-09 13:05:17,468: update.0.child      : update.0                        : MainThread     : DEBUG   : update.0.child close prof
2018-09-09 13:05:17,468: update.0.child      : update.0                        : MainThread     : INFO    : send message: [update.0.child] terminating
2018-09-09 13:05:17,468: update.0.child      : update.0                        : MainThread     : WARNING : send failed ([Errno 9] Bad file descriptor) - terminate
2018-09-09 13:05:17,468: update.0.child      : update.0                        : MainThread     : INFO    : parent stops child
2018-09-09 13:05:17,468: update.0.child      : update.0                        : MainThread     : DEBUG   : ru_finalize_parent (NOOP)
2018-09-09 13:05:17,468: update.0.child      : update.0                        : MainThread     : INFO    : parent stops child
2018-09-09 13:05:17,468: update.0.child      : update.0                        : MainThread     : DEBUG   : ru_finalize_parent (NOOP)
2018-09-09 13:05:17,469: update.0.child      : update.0                        : update.0.child.subscriber._state_cb: DEBUG   : ru_finalize_child (NOOP)
2018-09-09 13:05:17,469: update.0.child      : update.0                        : update.0.child.subscriber._state_cb: INFO    : put message: [update.0.child.subscriber._state_cb.thread] terminating
2018-09-09 13:05:17,470: update.0.child      : update.0                        : MainThread     : INFO    : parent stops child
2018-09-09 13:05:17,470: update.0.child      : update.0                        : MainThread     : DEBUG   : ru_finalize_parent (NOOP)
2018-09-09 13:05:17,470: update.0.child      : update.0                        : MainThread     : DEBUG   : ru_finalize_common (NOOP)
